---------------------------------------------------------------
[ 2018-01-21T22:53:37+08:00 ] 0.0.0.0 GET /
[ info ] thinkphp5sso.com/ [运行时间：0.242146s][吞吐率：4.13req/s] [内存消耗：1,640.06kb] [文件加载：40]
[ info ] [ LANG ] D:\Web\thinkphp5SSO\thinkphp\lang\zh-cn.php
[ info ] [ ROUTE ] array (
  'type' => 'module',
  'module' => 
  array (
    0 => '',
    1 => NULL,
    2 => NULL,
  ),
)
[ info ] [ HEADER ] array (
  'host' => 'thinkphp5sso.com',
  'connection' => 'keep-alive',
  'user-agent' => 'Mozilla/5.0 (Windows NT 10.0; Win64; x64) AppleWebKit/537.36 (KHTML, like Gecko) Chrome/61.0.3163.100 Safari/537.36',
  'upgrade-insecure-requests' => '1',
  'accept' => 'text/html,application/xhtml+xml,application/xml;q=0.9,image/webp,image/apng,*/*;q=0.8',
  'accept-encoding' => 'gzip, deflate',
  'accept-language' => 'zh-CN,zh;q=0.8',
)
[ info ] [ PARAM ] array (
)
[ info ] [ RUN ] app\index\controller\Index->index[ D:\Web\thinkphp5SSO\app\index\controller\Index.php ]
[ info ] [ VIEW ] D:\Web\thinkphp5SSO\public/../app/index\view\index\index.html [ array (
) ]
[ info ] [ LOG ] INIT File
---------------------------------------------------------------
[ 2018-01-21T22:54:22+08:00 ] 0.0.0.0 GET /login
[ info ] thinkphp5sso.com/login [运行时间：0.116720s][吞吐率：8.57req/s] [内存消耗：1,665.59kb] [文件加载：39]
[ info ] [ LANG ] D:\Web\thinkphp5SSO\thinkphp\lang\zh-cn.php
[ info ] [ ROUTE ] array (
  'type' => 'module',
  'module' => 
  array (
    0 => 'auth',
    1 => 'Authenticate',
    2 => 'index',
  ),
  'convert' => false,
)
[ info ] [ HEADER ] array (
  'host' => 'thinkphp5sso.com',
  'connection' => 'keep-alive',
  'user-agent' => 'Mozilla/5.0 (Windows NT 10.0; Win64; x64) AppleWebKit/537.36 (KHTML, like Gecko) Chrome/61.0.3163.100 Safari/537.36',
  'upgrade-insecure-requests' => '1',
  'accept' => 'text/html,application/xhtml+xml,application/xml;q=0.9,image/webp,image/apng,*/*;q=0.8',
  'accept-encoding' => 'gzip, deflate',
  'accept-language' => 'zh-CN,zh;q=0.8',
  'cookie' => 'thinkphp_show_page_trace=0|0',
)
[ info ] [ PARAM ] array (
)
[ info ] [ RUN ] app\auth\controller\Authenticate->index[ D:\Web\thinkphp5SSO\app\auth\controller\Authenticate.php ]
[ info ] [ VIEW ] D:\Web\thinkphp5SSO\public/../app/auth\view\authenticate\index.html [ array (
) ]
[ info ] [ LOG ] INIT File
---------------------------------------------------------------
[ 2018-01-21T22:56:14+08:00 ] 0.0.0.0 GET /
[ info ] thinkphp5sso/ [运行时间：0.022842s][吞吐率：43.78req/s] [内存消耗：1,484.81kb] [文件加载：38]
[ info ] [ LANG ] D:\Web\thinkphp5SSO\thinkphp\lang\zh-cn.php
[ info ] [ ROUTE ] array (
  'type' => 'module',
  'module' => 
  array (
    0 => '',
    1 => NULL,
    2 => NULL,
  ),
)
[ info ] [ HEADER ] array (
  'host' => 'thinkphp5sso',
  'connection' => 'keep-alive',
  'upgrade-insecure-requests' => '1',
  'user-agent' => 'Mozilla/5.0 (Windows NT 10.0; Win64; x64) AppleWebKit/537.36 (KHTML, like Gecko) Chrome/61.0.3163.100 Safari/537.36',
  'accept' => 'text/html,application/xhtml+xml,application/xml;q=0.9,image/webp,image/apng,*/*;q=0.8',
  'referer' => 'http://127.0.0.1/',
  'accept-encoding' => 'gzip, deflate',
  'accept-language' => 'zh-CN,zh;q=0.8',
)
[ info ] [ PARAM ] array (
)
[ info ] [ RUN ] app\index\controller\Index->index[ D:\Web\thinkphp5SSO\app\index\controller\Index.php ]
[ info ] [ VIEW ] D:\Web\thinkphp5SSO\public/../app/index\view\index\index.html [ array (
) ]
[ info ] [ LOG ] INIT File
---------------------------------------------------------------
[ 2018-01-21T22:56:16+08:00 ] 0.0.0.0 GET /
[ info ] thinkphp5sso/ [运行时间：0.018721s][吞吐率：53.42req/s] [内存消耗：1,485.91kb] [文件加载：38]
[ info ] [ LANG ] D:\Web\thinkphp5SSO\thinkphp\lang\zh-cn.php
[ info ] [ ROUTE ] array (
  'type' => 'module',
  'module' => 
  array (
    0 => '',
    1 => NULL,
    2 => NULL,
  ),
)
[ info ] [ HEADER ] array (
  'host' => 'thinkphp5sso',
  'connection' => 'keep-alive',
  'cache-control' => 'max-age=0',
  'user-agent' => 'Mozilla/5.0 (Windows NT 10.0; Win64; x64) AppleWebKit/537.36 (KHTML, like Gecko) Chrome/61.0.3163.100 Safari/537.36',
  'upgrade-insecure-requests' => '1',
  'accept' => 'text/html,application/xhtml+xml,application/xml;q=0.9,image/webp,image/apng,*/*;q=0.8',
  'referer' => 'http://127.0.0.1/',
  'accept-encoding' => 'gzip, deflate',
  'accept-language' => 'zh-CN,zh;q=0.8',
  'cookie' => 'thinkphp_show_page_trace=0|0',
)
[ info ] [ PARAM ] array (
)
[ info ] [ RUN ] app\index\controller\Index->index[ D:\Web\thinkphp5SSO\app\index\controller\Index.php ]
[ info ] [ VIEW ] D:\Web\thinkphp5SSO\public/../app/index\view\index\index.html [ array (
) ]
[ info ] [ LOG ] INIT File
---------------------------------------------------------------
[ 2018-01-21T22:56:36+08:00 ] 0.0.0.0 GET /login
[ info ] thinkphp5sso.com/login [运行时间：0.026160s][吞吐率：38.23req/s] [内存消耗：1,495.91kb] [文件加载：37]
[ info ] [ LANG ] D:\Web\thinkphp5SSO\thinkphp\lang\zh-cn.php
[ info ] [ ROUTE ] array (
  'type' => 'module',
  'module' => 
  array (
    0 => 'auth',
    1 => 'Authenticate',
    2 => 'index',
  ),
  'convert' => false,
)
[ info ] [ HEADER ] array (
  'host' => 'thinkphp5sso.com',
  'connection' => 'keep-alive',
  'cache-control' => 'max-age=0',
  'upgrade-insecure-requests' => '1',
  'user-agent' => 'Mozilla/5.0 (Windows NT 10.0; Win64; x64) AppleWebKit/537.36 (KHTML, like Gecko) Chrome/61.0.3163.100 Safari/537.36',
  'accept' => 'text/html,application/xhtml+xml,application/xml;q=0.9,image/webp,image/apng,*/*;q=0.8',
  'accept-encoding' => 'gzip, deflate',
  'accept-language' => 'zh-CN,zh;q=0.8',
  'cookie' => 'thinkphp_show_page_trace=0|0',
)
[ info ] [ PARAM ] array (
)
[ info ] [ RUN ] app\auth\controller\Authenticate->index[ D:\Web\thinkphp5SSO\app\auth\controller\Authenticate.php ]
[ info ] [ VIEW ] D:\Web\thinkphp5SSO\public/../app/auth\view\authenticate\index.html [ array (
) ]
[ info ] [ LOG ] INIT File
---------------------------------------------------------------
[ 2018-01-21T22:56:36+08:00 ] 0.0.0.0 GET /index
[ info ] thinkphp5sso/index [运行时间：0.053260s][吞吐率：18.78req/s] [内存消耗：1,486.66kb] [文件加载：38]
[ info ] [ LANG ] D:\Web\thinkphp5SSO\thinkphp\lang\zh-cn.php
[ info ] [ ROUTE ] array (
  'type' => 'module',
  'module' => 
  array (
    0 => 'index',
    1 => 'index',
    2 => 'index',
  ),
  'convert' => false,
)
[ info ] [ HEADER ] array (
  'host' => 'thinkphp5sso',
  'connection' => 'keep-alive',
  'upgrade-insecure-requests' => '1',
  'user-agent' => 'Mozilla/5.0 (Windows NT 10.0; Win64; x64) AppleWebKit/537.36 (KHTML, like Gecko) Chrome/61.0.3163.100 Safari/537.36',
  'accept' => 'text/html,application/xhtml+xml,application/xml;q=0.9,image/webp,image/apng,*/*;q=0.8',
  'referer' => 'http://thinkphp5sso.com/login',
  'accept-encoding' => 'gzip, deflate',
  'accept-language' => 'zh-CN,zh;q=0.8',
  'cookie' => 'thinkphp_show_page_trace=0|0',
)
[ info ] [ PARAM ] array (
)
[ info ] [ RUN ] app\index\controller\Index->index[ D:\Web\thinkphp5SSO\app\index\controller\Index.php ]
[ info ] [ VIEW ] D:\Web\thinkphp5SSO\public/../app/index\view\index\index.html [ array (
) ]
[ info ] [ LOG ] INIT File
---------------------------------------------------------------
[ 2018-01-21T22:57:21+08:00 ] 0.0.0.0 POST /dologin
[ info ] thinkphp5sso.com/dologin [运行时间：0.056357s][吞吐率：17.74req/s] [内存消耗：1,442.56kb] [文件加载：34]
[ info ] [ LANG ] D:\Web\thinkphp5SSO\thinkphp\lang\zh-cn.php
[ info ] [ ROUTE ] array (
  'type' => 'module',
  'module' => 
  array (
    0 => 'auth',
    1 => 'Authenticate',
    2 => 'checklogin',
  ),
  'convert' => false,
)
[ info ] [ HEADER ] array (
  'host' => 'thinkphp5sso.com',
  'connection' => 'keep-alive',
  'content-length' => '28',
  'accept' => '*/*',
  'origin' => 'http://thinkphp5sso.com',
  'x-requested-with' => 'XMLHttpRequest',
  'user-agent' => 'Mozilla/5.0 (Windows NT 10.0; Win64; x64) AppleWebKit/537.36 (KHTML, like Gecko) Chrome/61.0.3163.100 Safari/537.36',
  'content-type' => 'application/x-www-form-urlencoded; charset=UTF-8',
  'referer' => 'http://thinkphp5sso.com/login',
  'accept-encoding' => 'gzip, deflate',
  'accept-language' => 'zh-CN,zh;q=0.8',
  'cookie' => 'thinkphp_show_page_trace=0|0',
)
[ info ] [ PARAM ] array (
  'username' => 'linmao',
  'password' => '123',
)
[ info ] [ RUN ] app\auth\controller\Authenticate->checklogin[ D:\Web\thinkphp5SSO\app\auth\controller\Authenticate.php ]
[ info ] [ LOG ] INIT File
---------------------------------------------------------------
[ 2018-01-21T22:57:36+08:00 ] 0.0.0.0 POST /dologin
[ info ] thinkphp5sso.com/dologin [运行时间：0.095987s][吞吐率：10.42req/s] [内存消耗：1,516.44kb] [文件加载：37]
[ info ] [ LANG ] D:\Web\thinkphp5SSO\thinkphp\lang\zh-cn.php
[ info ] [ ROUTE ] array (
  'type' => 'module',
  'module' => 
  array (
    0 => 'auth',
    1 => 'Authenticate',
    2 => 'checklogin',
  ),
  'convert' => false,
)
[ info ] [ HEADER ] array (
  'host' => 'thinkphp5sso.com',
  'connection' => 'keep-alive',
  'content-length' => '31',
  'accept' => '*/*',
  'origin' => 'http://thinkphp5sso.com',
  'x-requested-with' => 'XMLHttpRequest',
  'user-agent' => 'Mozilla/5.0 (Windows NT 10.0; Win64; x64) AppleWebKit/537.36 (KHTML, like Gecko) Chrome/61.0.3163.100 Safari/537.36',
  'content-type' => 'application/x-www-form-urlencoded; charset=UTF-8',
  'referer' => 'http://thinkphp5sso.com/login',
  'accept-encoding' => 'gzip, deflate',
  'accept-language' => 'zh-CN,zh;q=0.8',
  'cookie' => 'thinkphp_show_page_trace=0|0',
)
[ info ] [ PARAM ] array (
  'username' => 'linmao',
  'password' => '123456',
)
[ info ] [ RUN ] app\auth\controller\Authenticate->checklogin[ D:\Web\thinkphp5SSO\app\auth\controller\Authenticate.php ]
[ info ] [ CACHE ] INIT File
[ info ] [ LOG ] INIT File
---------------------------------------------------------------
[ 2018-01-21T22:58:07+08:00 ] 0.0.0.0 GET /login
[ info ] thinkphp5sso.com/login [运行时间：0.016569s][吞吐率：60.35req/s] [内存消耗：1,496.20kb] [文件加载：37]
[ info ] [ LANG ] D:\Web\thinkphp5SSO\thinkphp\lang\zh-cn.php
[ info ] [ ROUTE ] array (
  'type' => 'module',
  'module' => 
  array (
    0 => 'auth',
    1 => 'Authenticate',
    2 => 'index',
  ),
  'convert' => false,
)
[ info ] [ HEADER ] array (
  'host' => 'thinkphp5sso.com',
  'connection' => 'keep-alive',
  'cache-control' => 'max-age=0',
  'upgrade-insecure-requests' => '1',
  'user-agent' => 'Mozilla/5.0 (Windows NT 10.0; Win64; x64) AppleWebKit/537.36 (KHTML, like Gecko) Chrome/61.0.3163.100 Safari/537.36',
  'accept' => 'text/html,application/xhtml+xml,application/xml;q=0.9,image/webp,image/apng,*/*;q=0.8',
  'accept-encoding' => 'gzip, deflate',
  'accept-language' => 'zh-CN,zh;q=0.8',
  'cookie' => 'thinkphp_show_page_trace=0|0; xmus=a73177eaffcbe269c9474497dff3996359a9486c33f1a8c23b489963b6c56788; user=a73177eaffcbe269c9474497dff3996359a9486c33f1a8c23b489963b6c56788',
)
[ info ] [ PARAM ] array (
)
[ info ] [ RUN ] app\auth\controller\Authenticate->index[ D:\Web\thinkphp5SSO\app\auth\controller\Authenticate.php ]
[ info ] [ VIEW ] D:\Web\thinkphp5SSO\public/../app/auth\view\authenticate\index.html [ array (
) ]
[ info ] [ LOG ] INIT File
---------------------------------------------------------------
[ 2018-01-21T22:58:08+08:00 ] 0.0.0.0 GET /index
[ info ] thinkphp5sso/index [运行时间：0.048178s][吞吐率：20.76req/s] [内存消耗：1,486.66kb] [文件加载：38]
[ info ] [ LANG ] D:\Web\thinkphp5SSO\thinkphp\lang\zh-cn.php
[ info ] [ ROUTE ] array (
  'type' => 'module',
  'module' => 
  array (
    0 => 'index',
    1 => 'index',
    2 => 'index',
  ),
  'convert' => false,
)
[ info ] [ HEADER ] array (
  'host' => 'thinkphp5sso',
  'connection' => 'keep-alive',
  'upgrade-insecure-requests' => '1',
  'user-agent' => 'Mozilla/5.0 (Windows NT 10.0; Win64; x64) AppleWebKit/537.36 (KHTML, like Gecko) Chrome/61.0.3163.100 Safari/537.36',
  'accept' => 'text/html,application/xhtml+xml,application/xml;q=0.9,image/webp,image/apng,*/*;q=0.8',
  'referer' => 'http://thinkphp5sso.com/login',
  'accept-encoding' => 'gzip, deflate',
  'accept-language' => 'zh-CN,zh;q=0.8',
  'cookie' => 'thinkphp_show_page_trace=0|0',
)
[ info ] [ PARAM ] array (
)
[ info ] [ RUN ] app\index\controller\Index->index[ D:\Web\thinkphp5SSO\app\index\controller\Index.php ]
[ info ] [ VIEW ] D:\Web\thinkphp5SSO\public/../app/index\view\index\index.html [ array (
) ]
[ info ] [ LOG ] INIT File
---------------------------------------------------------------
[ 2018-01-21T22:58:24+08:00 ] 0.0.0.0 POST /dologin
[ info ] thinkphp5sso.com/dologin [运行时间：0.018232s][吞吐率：54.85req/s] [内存消耗：1,442.48kb] [文件加载：34]
[ info ] [ LANG ] D:\Web\thinkphp5SSO\thinkphp\lang\zh-cn.php
[ info ] [ ROUTE ] array (
  'type' => 'module',
  'module' => 
  array (
    0 => 'auth',
    1 => 'Authenticate',
    2 => 'checklogin',
  ),
  'convert' => false,
)
[ info ] [ HEADER ] array (
  'host' => 'thinkphp5sso.com',
  'connection' => 'keep-alive',
  'content-length' => '25',
  'accept' => '*/*',
  'origin' => 'http://thinkphp5sso.com',
  'x-requested-with' => 'XMLHttpRequest',
  'user-agent' => 'Mozilla/5.0 (Windows NT 10.0; Win64; x64) AppleWebKit/537.36 (KHTML, like Gecko) Chrome/61.0.3163.100 Safari/537.36',
  'content-type' => 'application/x-www-form-urlencoded; charset=UTF-8',
  'referer' => 'http://thinkphp5sso.com/login',
  'accept-encoding' => 'gzip, deflate',
  'accept-language' => 'zh-CN,zh;q=0.8',
)
[ info ] [ PARAM ] array (
  'username' => '123',
  'password' => '123',
)
[ info ] [ RUN ] app\auth\controller\Authenticate->checklogin[ D:\Web\thinkphp5SSO\app\auth\controller\Authenticate.php ]
[ info ] [ LOG ] INIT File
---------------------------------------------------------------
[ 2018-01-21T22:58:33+08:00 ] 0.0.0.0 POST /dologin
[ info ] thinkphp5sso.com/dologin [运行时间：0.025610s][吞吐率：39.05req/s] [内存消耗：1,516.35kb] [文件加载：37]
[ info ] [ LANG ] D:\Web\thinkphp5SSO\thinkphp\lang\zh-cn.php
[ info ] [ ROUTE ] array (
  'type' => 'module',
  'module' => 
  array (
    0 => 'auth',
    1 => 'Authenticate',
    2 => 'checklogin',
  ),
  'convert' => false,
)
[ info ] [ HEADER ] array (
  'host' => 'thinkphp5sso.com',
  'connection' => 'keep-alive',
  'content-length' => '31',
  'accept' => '*/*',
  'origin' => 'http://thinkphp5sso.com',
  'x-requested-with' => 'XMLHttpRequest',
  'user-agent' => 'Mozilla/5.0 (Windows NT 10.0; Win64; x64) AppleWebKit/537.36 (KHTML, like Gecko) Chrome/61.0.3163.100 Safari/537.36',
  'content-type' => 'application/x-www-form-urlencoded; charset=UTF-8',
  'referer' => 'http://thinkphp5sso.com/login',
  'accept-encoding' => 'gzip, deflate',
  'accept-language' => 'zh-CN,zh;q=0.8',
)
[ info ] [ PARAM ] array (
  'username' => 'linmao',
  'password' => '123456',
)
[ info ] [ RUN ] app\auth\controller\Authenticate->checklogin[ D:\Web\thinkphp5SSO\app\auth\controller\Authenticate.php ]
[ info ] [ CACHE ] INIT File
[ info ] [ LOG ] INIT File
---------------------------------------------------------------
[ 2018-01-21T22:59:19+08:00 ] 0.0.0.0 GET /login
[ info ] thinkphp5sso.com/login [运行时间：0.051145s][吞吐率：19.55req/s] [内存消耗：1,666.24kb] [文件加载：39]
[ info ] [ LANG ] D:\Web\thinkphp5SSO\thinkphp\lang\zh-cn.php
[ info ] [ ROUTE ] array (
  'type' => 'module',
  'module' => 
  array (
    0 => 'auth',
    1 => 'Authenticate',
    2 => 'index',
  ),
  'convert' => false,
)
[ info ] [ HEADER ] array (
  'host' => 'thinkphp5sso.com',
  'connection' => 'keep-alive',
  'cache-control' => 'max-age=0',
  'upgrade-insecure-requests' => '1',
  'user-agent' => 'Mozilla/5.0 (Windows NT 10.0; Win64; x64) AppleWebKit/537.36 (KHTML, like Gecko) Chrome/61.0.3163.100 Safari/537.36',
  'accept' => 'text/html,application/xhtml+xml,application/xml;q=0.9,image/webp,image/apng,*/*;q=0.8',
  'accept-encoding' => 'gzip, deflate',
  'accept-language' => 'zh-CN,zh;q=0.8',
  'cookie' => 'xmus=8807d05dc4b72c268c610a1e1f95f454769b56851240657ff8f1d0534d969420; user=8807d05dc4b72c268c610a1e1f95f454769b56851240657ff8f1d0534d969420',
)
[ info ] [ PARAM ] array (
)
[ info ] [ RUN ] app\auth\controller\Authenticate->index[ D:\Web\thinkphp5SSO\app\auth\controller\Authenticate.php ]
[ info ] [ VIEW ] D:\Web\thinkphp5SSO\public/../app/auth\view\authenticate\index.html [ array (
) ]
[ info ] [ LOG ] INIT File
---------------------------------------------------------------
[ 2018-01-21T22:59:19+08:00 ] 0.0.0.0 GET /index
[ info ] thinkphp5sso/index [运行时间：0.047992s][吞吐率：20.84req/s] [内存消耗：1,485.63kb] [文件加载：38]
[ info ] [ LANG ] D:\Web\thinkphp5SSO\thinkphp\lang\zh-cn.php
[ info ] [ ROUTE ] array (
  'type' => 'module',
  'module' => 
  array (
    0 => 'index',
    1 => 'index',
    2 => 'index',
  ),
  'convert' => false,
)
[ info ] [ HEADER ] array (
  'host' => 'thinkphp5sso',
  'connection' => 'keep-alive',
  'upgrade-insecure-requests' => '1',
  'user-agent' => 'Mozilla/5.0 (Windows NT 10.0; Win64; x64) AppleWebKit/537.36 (KHTML, like Gecko) Chrome/61.0.3163.100 Safari/537.36',
  'accept' => 'text/html,application/xhtml+xml,application/xml;q=0.9,image/webp,image/apng,*/*;q=0.8',
  'referer' => 'http://thinkphp5sso.com/login',
  'accept-encoding' => 'gzip, deflate',
  'accept-language' => 'zh-CN,zh;q=0.8',
)
[ info ] [ PARAM ] array (
)
[ info ] [ RUN ] app\index\controller\Index->index[ D:\Web\thinkphp5SSO\app\index\controller\Index.php ]
[ info ] [ VIEW ] D:\Web\thinkphp5SSO\public/../app/index\view\index\index.html [ array (
) ]
[ info ] [ LOG ] INIT File
---------------------------------------------------------------
[ 2018-01-21T22:59:31+08:00 ] 0.0.0.0 POST /dologin
[ info ] thinkphp5sso.com/dologin [运行时间：0.046003s][吞吐率：21.74req/s] [内存消耗：1,516.35kb] [文件加载：37]
[ info ] [ LANG ] D:\Web\thinkphp5SSO\thinkphp\lang\zh-cn.php
[ info ] [ ROUTE ] array (
  'type' => 'module',
  'module' => 
  array (
    0 => 'auth',
    1 => 'Authenticate',
    2 => 'checklogin',
  ),
  'convert' => false,
)
[ info ] [ HEADER ] array (
  'host' => 'thinkphp5sso.com',
  'connection' => 'keep-alive',
  'content-length' => '31',
  'accept' => '*/*',
  'origin' => 'http://thinkphp5sso.com',
  'x-requested-with' => 'XMLHttpRequest',
  'user-agent' => 'Mozilla/5.0 (Windows NT 10.0; Win64; x64) AppleWebKit/537.36 (KHTML, like Gecko) Chrome/61.0.3163.100 Safari/537.36',
  'content-type' => 'application/x-www-form-urlencoded; charset=UTF-8',
  'referer' => 'http://thinkphp5sso.com/login',
  'accept-encoding' => 'gzip, deflate',
  'accept-language' => 'zh-CN,zh;q=0.8',
)
[ info ] [ PARAM ] array (
  'username' => 'linmao',
  'password' => '123456',
)
[ info ] [ RUN ] app\auth\controller\Authenticate->checklogin[ D:\Web\thinkphp5SSO\app\auth\controller\Authenticate.php ]
[ info ] [ CACHE ] INIT File
[ info ] [ LOG ] INIT File
---------------------------------------------------------------
[ 2018-01-21T23:19:03+08:00 ] 0.0.0.0 GET /login
[ info ] thinkphp5sso.com/login [运行时间：0.075493s][吞吐率：13.25req/s] [内存消耗：1,666.24kb] [文件加载：39]
[ info ] [ LANG ] D:\Web\thinkphp5SSO\thinkphp\lang\zh-cn.php
[ info ] [ ROUTE ] array (
  'type' => 'module',
  'module' => 
  array (
    0 => 'auth',
    1 => 'Authenticate',
    2 => 'index',
  ),
  'convert' => false,
)
[ info ] [ HEADER ] array (
  'host' => 'thinkphp5sso.com',
  'connection' => 'keep-alive',
  'cache-control' => 'max-age=0',
  'user-agent' => 'Mozilla/5.0 (Windows NT 10.0; Win64; x64) AppleWebKit/537.36 (KHTML, like Gecko) Chrome/61.0.3163.100 Safari/537.36',
  'upgrade-insecure-requests' => '1',
  'accept' => 'text/html,application/xhtml+xml,application/xml;q=0.9,image/webp,image/apng,*/*;q=0.8',
  'accept-encoding' => 'gzip, deflate',
  'accept-language' => 'zh-CN,zh;q=0.8',
  'cookie' => 'xmus=68ebf2fc7160711eec4f5e4bc240bdd05c729a536e0e330a8b4d14f8a1a8ff9a; user=68ebf2fc7160711eec4f5e4bc240bdd05c729a536e0e330a8b4d14f8a1a8ff9a',
)
[ info ] [ PARAM ] array (
)
[ info ] [ RUN ] app\auth\controller\Authenticate->index[ D:\Web\thinkphp5SSO\app\auth\controller\Authenticate.php ]
[ info ] [ VIEW ] D:\Web\thinkphp5SSO\public/../app/auth\view\authenticate\index.html [ array (
) ]
[ info ] [ LOG ] INIT File
---------------------------------------------------------------
[ 2018-01-21T23:19:03+08:00 ] 0.0.0.0 GET /index
[ info ] thinkphp5sso/index [运行时间：0.036636s][吞吐率：27.30req/s] [内存消耗：1,486.70kb] [文件加载：38]
[ info ] [ LANG ] D:\Web\thinkphp5SSO\thinkphp\lang\zh-cn.php
[ info ] [ ROUTE ] array (
  'type' => 'module',
  'module' => 
  array (
    0 => 'index',
    1 => 'index',
    2 => 'index',
  ),
  'convert' => false,
)
[ info ] [ HEADER ] array (
  'host' => 'thinkphp5sso',
  'connection' => 'keep-alive',
  'upgrade-insecure-requests' => '1',
  'user-agent' => 'Mozilla/5.0 (Windows NT 10.0; Win64; x64) AppleWebKit/537.36 (KHTML, like Gecko) Chrome/61.0.3163.100 Safari/537.36',
  'accept' => 'text/html,application/xhtml+xml,application/xml;q=0.9,image/webp,image/apng,*/*;q=0.8',
  'referer' => 'http://thinkphp5sso.com/login',
  'accept-encoding' => 'gzip, deflate',
  'accept-language' => 'zh-CN,zh;q=0.8',
  'cookie' => 'xmus=68ebf2fc7160711eec4f5e4bc240bdd05c729a536e0e330a8b4d14f8a1a8ff9a',
)
[ info ] [ PARAM ] array (
)
[ info ] [ RUN ] app\index\controller\Index->index[ D:\Web\thinkphp5SSO\app\index\controller\Index.php ]
[ info ] [ VIEW ] D:\Web\thinkphp5SSO\public/../app/index\view\index\index.html [ array (
) ]
[ info ] [ LOG ] INIT File
---------------------------------------------------------------
[ 2018-01-21T23:19:15+08:00 ] 0.0.0.0 POST /dologin
[ info ] thinkphp5sso.com/dologin [运行时间：0.020819s][吞吐率：48.03req/s] [内存消耗：1,442.84kb] [文件加载：34]
[ info ] [ LANG ] D:\Web\thinkphp5SSO\thinkphp\lang\zh-cn.php
[ info ] [ ROUTE ] array (
  'type' => 'module',
  'module' => 
  array (
    0 => 'auth',
    1 => 'Authenticate',
    2 => 'checklogin',
  ),
  'convert' => false,
)
[ info ] [ HEADER ] array (
  'host' => 'thinkphp5sso.com',
  'connection' => 'keep-alive',
  'content-length' => '19',
  'accept' => '*/*',
  'origin' => 'http://thinkphp5sso.com',
  'x-requested-with' => 'XMLHttpRequest',
  'user-agent' => 'Mozilla/5.0 (Windows NT 10.0; Win64; x64) AppleWebKit/537.36 (KHTML, like Gecko) Chrome/61.0.3163.100 Safari/537.36',
  'content-type' => 'application/x-www-form-urlencoded; charset=UTF-8',
  'referer' => 'http://thinkphp5sso.com/login',
  'accept-encoding' => 'gzip, deflate',
  'accept-language' => 'zh-CN,zh;q=0.8',
  'cookie' => 'xmus=68ebf2fc7160711eec4f5e4bc240bdd05c729a536e0e330a8b4d14f8a1a8ff9a; user=68ebf2fc7160711eec4f5e4bc240bdd05c729a536e0e330a8b4d14f8a1a8ff9a; thinkphp_show_page_trace=0|0',
)
[ info ] [ PARAM ] array (
  'username' => '',
  'password' => '',
)
[ info ] [ RUN ] app\auth\controller\Authenticate->checklogin[ D:\Web\thinkphp5SSO\app\auth\controller\Authenticate.php ]
[ info ] [ LOG ] INIT File
---------------------------------------------------------------
[ 2018-01-21T23:19:41+08:00 ] 0.0.0.0 GET /login
[ info ] thinkphp5sso.com/login [运行时间：0.024008s][吞吐率：41.65req/s] [内存消耗：1,666.27kb] [文件加载：39]
[ info ] [ LANG ] D:\Web\thinkphp5SSO\thinkphp\lang\zh-cn.php
[ info ] [ ROUTE ] array (
  'type' => 'module',
  'module' => 
  array (
    0 => 'auth',
    1 => 'Authenticate',
    2 => 'index',
  ),
  'convert' => false,
)
[ info ] [ HEADER ] array (
  'host' => 'thinkphp5sso.com',
  'connection' => 'keep-alive',
  'cache-control' => 'max-age=0',
  'user-agent' => 'Mozilla/5.0 (Windows NT 10.0; Win64; x64) AppleWebKit/537.36 (KHTML, like Gecko) Chrome/61.0.3163.100 Safari/537.36',
  'upgrade-insecure-requests' => '1',
  'accept' => 'text/html,application/xhtml+xml,application/xml;q=0.9,image/webp,image/apng,*/*;q=0.8',
  'accept-encoding' => 'gzip, deflate',
  'accept-language' => 'zh-CN,zh;q=0.8',
  'cookie' => 'xmus=68ebf2fc7160711eec4f5e4bc240bdd05c729a536e0e330a8b4d14f8a1a8ff9a; user=68ebf2fc7160711eec4f5e4bc240bdd05c729a536e0e330a8b4d14f8a1a8ff9a; thinkphp_show_page_trace=0|0',
)
[ info ] [ PARAM ] array (
)
[ info ] [ RUN ] app\auth\controller\Authenticate->index[ D:\Web\thinkphp5SSO\app\auth\controller\Authenticate.php ]
[ info ] [ VIEW ] D:\Web\thinkphp5SSO\public/../app/auth\view\authenticate\index.html [ array (
) ]
[ info ] [ LOG ] INIT File
---------------------------------------------------------------
[ 2018-01-21T23:19:41+08:00 ] 0.0.0.0 GET /index
[ info ] thinkphp5sso/index [运行时间：0.044375s][吞吐率：22.54req/s] [内存消耗：1,486.73kb] [文件加载：38]
[ info ] [ LANG ] D:\Web\thinkphp5SSO\thinkphp\lang\zh-cn.php
[ info ] [ ROUTE ] array (
  'type' => 'module',
  'module' => 
  array (
    0 => 'index',
    1 => 'index',
    2 => 'index',
  ),
  'convert' => false,
)
[ info ] [ HEADER ] array (
  'host' => 'thinkphp5sso',
  'connection' => 'keep-alive',
  'upgrade-insecure-requests' => '1',
  'user-agent' => 'Mozilla/5.0 (Windows NT 10.0; Win64; x64) AppleWebKit/537.36 (KHTML, like Gecko) Chrome/61.0.3163.100 Safari/537.36',
  'accept' => 'text/html,application/xhtml+xml,application/xml;q=0.9,image/webp,image/apng,*/*;q=0.8',
  'referer' => 'http://thinkphp5sso.com/login',
  'accept-encoding' => 'gzip, deflate',
  'accept-language' => 'zh-CN,zh;q=0.8',
  'cookie' => 'xmus=68ebf2fc7160711eec4f5e4bc240bdd05c729a536e0e330a8b4d14f8a1a8ff9a; thinkphp_show_page_trace=0|0',
)
[ info ] [ PARAM ] array (
)
[ info ] [ RUN ] app\index\controller\Index->index[ D:\Web\thinkphp5SSO\app\index\controller\Index.php ]
[ info ] [ VIEW ] D:\Web\thinkphp5SSO\public/../app/index\view\index\index.html [ array (
) ]
[ info ] [ LOG ] INIT File
---------------------------------------------------------------
[ 2018-01-21T23:19:49+08:00 ] 0.0.0.0 GET /login
[ info ] thinkphp5sso.com/login [运行时间：0.027290s][吞吐率：36.64req/s] [内存消耗：1,496.20kb] [文件加载：37]
[ info ] [ LANG ] D:\Web\thinkphp5SSO\thinkphp\lang\zh-cn.php
[ info ] [ ROUTE ] array (
  'type' => 'module',
  'module' => 
  array (
    0 => 'auth',
    1 => 'Authenticate',
    2 => 'index',
  ),
  'convert' => false,
)
[ info ] [ HEADER ] array (
  'host' => 'thinkphp5sso.com',
  'connection' => 'keep-alive',
  'cache-control' => 'max-age=0',
  'user-agent' => 'Mozilla/5.0 (Windows NT 10.0; Win64; x64) AppleWebKit/537.36 (KHTML, like Gecko) Chrome/61.0.3163.100 Safari/537.36',
  'upgrade-insecure-requests' => '1',
  'accept' => 'text/html,application/xhtml+xml,application/xml;q=0.9,image/webp,image/apng,*/*;q=0.8',
  'accept-encoding' => 'gzip, deflate',
  'accept-language' => 'zh-CN,zh;q=0.8',
  'cookie' => 'xmus=68ebf2fc7160711eec4f5e4bc240bdd05c729a536e0e330a8b4d14f8a1a8ff9a; user=68ebf2fc7160711eec4f5e4bc240bdd05c729a536e0e330a8b4d14f8a1a8ff9a; thinkphp_show_page_trace=0|0',
)
[ info ] [ PARAM ] array (
)
[ info ] [ RUN ] app\auth\controller\Authenticate->index[ D:\Web\thinkphp5SSO\app\auth\controller\Authenticate.php ]
[ info ] [ VIEW ] D:\Web\thinkphp5SSO\public/../app/auth\view\authenticate\index.html [ array (
) ]
[ info ] [ LOG ] INIT File
---------------------------------------------------------------
[ 2018-01-21T23:19:49+08:00 ] 0.0.0.0 GET /index
[ info ] thinkphp5sso/index [运行时间：0.037704s][吞吐率：26.52req/s] [内存消耗：1,486.73kb] [文件加载：38]
[ info ] [ LANG ] D:\Web\thinkphp5SSO\thinkphp\lang\zh-cn.php
[ info ] [ ROUTE ] array (
  'type' => 'module',
  'module' => 
  array (
    0 => 'index',
    1 => 'index',
    2 => 'index',
  ),
  'convert' => false,
)
[ info ] [ HEADER ] array (
  'host' => 'thinkphp5sso',
  'connection' => 'keep-alive',
  'upgrade-insecure-requests' => '1',
  'user-agent' => 'Mozilla/5.0 (Windows NT 10.0; Win64; x64) AppleWebKit/537.36 (KHTML, like Gecko) Chrome/61.0.3163.100 Safari/537.36',
  'accept' => 'text/html,application/xhtml+xml,application/xml;q=0.9,image/webp,image/apng,*/*;q=0.8',
  'referer' => 'http://thinkphp5sso.com/login',
  'accept-encoding' => 'gzip, deflate',
  'accept-language' => 'zh-CN,zh;q=0.8',
  'cookie' => 'xmus=68ebf2fc7160711eec4f5e4bc240bdd05c729a536e0e330a8b4d14f8a1a8ff9a; thinkphp_show_page_trace=0|0',
)
[ info ] [ PARAM ] array (
)
[ info ] [ RUN ] app\index\controller\Index->index[ D:\Web\thinkphp5SSO\app\index\controller\Index.php ]
[ info ] [ VIEW ] D:\Web\thinkphp5SSO\public/../app/index\view\index\index.html [ array (
) ]
[ info ] [ LOG ] INIT File
---------------------------------------------------------------
[ 2018-01-21T23:20:45+08:00 ] 0.0.0.0 GET /login
[ info ] thinkphp5sso.com/login [运行时间：0.039284s][吞吐率：25.46req/s] [内存消耗：1,666.27kb] [文件加载：39]
[ info ] [ LANG ] D:\Web\thinkphp5SSO\thinkphp\lang\zh-cn.php
[ info ] [ ROUTE ] array (
  'type' => 'module',
  'module' => 
  array (
    0 => 'auth',
    1 => 'Authenticate',
    2 => 'index',
  ),
  'convert' => false,
)
[ info ] [ HEADER ] array (
  'host' => 'thinkphp5sso.com',
  'connection' => 'keep-alive',
  'cache-control' => 'max-age=0',
  'upgrade-insecure-requests' => '1',
  'user-agent' => 'Mozilla/5.0 (Windows NT 10.0; Win64; x64) AppleWebKit/537.36 (KHTML, like Gecko) Chrome/61.0.3163.100 Safari/537.36',
  'accept' => 'text/html,application/xhtml+xml,application/xml;q=0.9,image/webp,image/apng,*/*;q=0.8',
  'accept-encoding' => 'gzip, deflate',
  'accept-language' => 'zh-CN,zh;q=0.8',
  'cookie' => 'xmus=68ebf2fc7160711eec4f5e4bc240bdd05c729a536e0e330a8b4d14f8a1a8ff9a; user=68ebf2fc7160711eec4f5e4bc240bdd05c729a536e0e330a8b4d14f8a1a8ff9a; thinkphp_show_page_trace=0|0',
)
[ info ] [ PARAM ] array (
)
[ info ] [ RUN ] app\auth\controller\Authenticate->index[ D:\Web\thinkphp5SSO\app\auth\controller\Authenticate.php ]
[ info ] [ VIEW ] D:\Web\thinkphp5SSO\public/../app/auth\view\authenticate\index.html [ array (
) ]
[ info ] [ LOG ] INIT File
---------------------------------------------------------------
[ 2018-01-21T23:20:45+08:00 ] 0.0.0.0 GET /index
[ info ] thinkphp5sso/index [运行时间：0.068274s][吞吐率：14.65req/s] [内存消耗：1,486.73kb] [文件加载：38]
[ info ] [ LANG ] D:\Web\thinkphp5SSO\thinkphp\lang\zh-cn.php
[ info ] [ ROUTE ] array (
  'type' => 'module',
  'module' => 
  array (
    0 => 'index',
    1 => 'index',
    2 => 'index',
  ),
  'convert' => false,
)
[ info ] [ HEADER ] array (
  'host' => 'thinkphp5sso',
  'connection' => 'keep-alive',
  'upgrade-insecure-requests' => '1',
  'user-agent' => 'Mozilla/5.0 (Windows NT 10.0; Win64; x64) AppleWebKit/537.36 (KHTML, like Gecko) Chrome/61.0.3163.100 Safari/537.36',
  'accept' => 'text/html,application/xhtml+xml,application/xml;q=0.9,image/webp,image/apng,*/*;q=0.8',
  'referer' => 'http://thinkphp5sso.com/login',
  'accept-encoding' => 'gzip, deflate',
  'accept-language' => 'zh-CN,zh;q=0.8',
  'cookie' => 'xmus=68ebf2fc7160711eec4f5e4bc240bdd05c729a536e0e330a8b4d14f8a1a8ff9a; thinkphp_show_page_trace=0|0',
)
[ info ] [ PARAM ] array (
)
[ info ] [ RUN ] app\index\controller\Index->index[ D:\Web\thinkphp5SSO\app\index\controller\Index.php ]
[ info ] [ VIEW ] D:\Web\thinkphp5SSO\public/../app/index\view\index\index.html [ array (
) ]
[ info ] [ LOG ] INIT File
---------------------------------------------------------------
[ 2018-01-21T23:36:37+08:00 ] 0.0.0.0 GET /phpinfo.php
[ info ] thinkphp5sso/phpinfo.php [运行时间：0.135301s][吞吐率：7.39req/s] [内存消耗：1,214.73kb] [文件加载：32]
[ info ] [ LANG ] D:\Web\thinkphp5SSO\thinkphp\lang\zh-cn.php
[ info ] [ ROUTE ] array (
  'type' => 'module',
  'module' => 
  array (
    0 => 'phpinfo.php',
    1 => NULL,
    2 => NULL,
  ),
)
[ info ] [ HEADER ] array (
  'host' => 'thinkphp5sso',
  'connection' => 'keep-alive',
  'user-agent' => 'Mozilla/5.0 (Windows NT 10.0; Win64; x64) AppleWebKit/537.36 (KHTML, like Gecko) Chrome/61.0.3163.100 Safari/537.36',
  'upgrade-insecure-requests' => '1',
  'accept' => 'text/html,application/xhtml+xml,application/xml;q=0.9,image/webp,image/apng,*/*;q=0.8',
  'accept-encoding' => 'gzip, deflate',
  'accept-language' => 'zh-CN,zh;q=0.8',
  'cookie' => 'xmus=68ebf2fc7160711eec4f5e4bc240bdd05c729a536e0e330a8b4d14f8a1a8ff9a; thinkphp_show_page_trace=0|0',
)
[ info ] [ PARAM ] array (
)
[ info ] [ LOG ] INIT File
---------------------------------------------------------------
[ 2018-01-21T23:44:08+08:00 ] 0.0.0.0 GET /index/index/test
[ info ] thinkphp5sso/index/index/test [运行时间：0.022220s][吞吐率：45.00req/s] [内存消耗：1,492.36kb] [文件加载：39]
[ info ] [ LANG ] D:\Web\thinkphp5SSO\thinkphp\lang\zh-cn.php
[ info ] [ ROUTE ] array (
  'type' => 'module',
  'module' => 
  array (
    0 => 'index',
    1 => 'index',
    2 => 'index',
  ),
  'convert' => false,
)
[ info ] [ HEADER ] array (
  'host' => 'thinkphp5sso',
  'connection' => 'keep-alive',
  'user-agent' => 'Mozilla/5.0 (Windows NT 10.0; Win64; x64) AppleWebKit/537.36 (KHTML, like Gecko) Chrome/61.0.3163.100 Safari/537.36',
  'upgrade-insecure-requests' => '1',
  'accept' => 'text/html,application/xhtml+xml,application/xml;q=0.9,image/webp,image/apng,*/*;q=0.8',
  'accept-encoding' => 'gzip, deflate',
  'accept-language' => 'zh-CN,zh;q=0.8',
  'cookie' => 'xmus=68ebf2fc7160711eec4f5e4bc240bdd05c729a536e0e330a8b4d14f8a1a8ff9a; thinkphp_show_page_trace=0|0',
)
[ info ] [ PARAM ] array (
  'index' => 'test',
)
[ info ] [ RUN ] app\index\controller\Index->index[ D:\Web\thinkphp5SSO\app\index\controller\Index.php ]
[ info ] [ VIEW ] D:\Web\thinkphp5SSO\public/../app/index\view\index\index.html [ array (
) ]
[ info ] [ LOG ] INIT File
---------------------------------------------------------------
[ 2018-01-21T23:44:26+08:00 ] 0.0.0.0 GET /index.php/index/index/test
[ info ] thinkphp5sso/index.php/index/index/test [运行时间：0.019910s][吞吐率：50.23req/s] [内存消耗：1,492.38kb] [文件加载：39]
[ info ] [ LANG ] D:\Web\thinkphp5SSO\thinkphp\lang\zh-cn.php
[ info ] [ ROUTE ] array (
  'type' => 'module',
  'module' => 
  array (
    0 => 'index',
    1 => 'index',
    2 => 'index',
  ),
  'convert' => false,
)
[ info ] [ HEADER ] array (
  'host' => 'thinkphp5sso',
  'connection' => 'keep-alive',
  'user-agent' => 'Mozilla/5.0 (Windows NT 10.0; Win64; x64) AppleWebKit/537.36 (KHTML, like Gecko) Chrome/61.0.3163.100 Safari/537.36',
  'upgrade-insecure-requests' => '1',
  'accept' => 'text/html,application/xhtml+xml,application/xml;q=0.9,image/webp,image/apng,*/*;q=0.8',
  'accept-encoding' => 'gzip, deflate',
  'accept-language' => 'zh-CN,zh;q=0.8',
  'cookie' => 'xmus=68ebf2fc7160711eec4f5e4bc240bdd05c729a536e0e330a8b4d14f8a1a8ff9a; thinkphp_show_page_trace=0|0',
)
[ info ] [ PARAM ] array (
  'index' => 'test',
)
[ info ] [ RUN ] app\index\controller\Index->index[ D:\Web\thinkphp5SSO\app\index\controller\Index.php ]
[ info ] [ VIEW ] D:\Web\thinkphp5SSO\public/../app/index\view\index\index.html [ array (
) ]
[ info ] [ LOG ] INIT File
---------------------------------------------------------------
[ 2018-01-21T23:44:44+08:00 ] 0.0.0.0 GET /index.php/index/index/test
[ info ] thinkphp5sso/index.php/index/index/test [运行时间：0.019518s][吞吐率：51.23req/s] [内存消耗：1,492.98kb] [文件加载：39]
[ info ] [ LANG ] D:\Web\thinkphp5SSO\thinkphp\lang\zh-cn.php
[ info ] [ ROUTE ] array (
  'type' => 'module',
  'module' => 
  array (
    0 => 'index',
    1 => 'index',
    2 => 'index',
  ),
  'convert' => false,
)
[ info ] [ HEADER ] array (
  'host' => 'thinkphp5sso',
  'connection' => 'keep-alive',
  'cache-control' => 'max-age=0',
  'user-agent' => 'Mozilla/5.0 (Windows NT 10.0; Win64; x64) AppleWebKit/537.36 (KHTML, like Gecko) Chrome/61.0.3163.100 Safari/537.36',
  'upgrade-insecure-requests' => '1',
  'accept' => 'text/html,application/xhtml+xml,application/xml;q=0.9,image/webp,image/apng,*/*;q=0.8',
  'accept-encoding' => 'gzip, deflate',
  'accept-language' => 'zh-CN,zh;q=0.8',
  'cookie' => 'thinkphp_show_page_trace=0|0; xmus=68ebf2fc7160711eec4f5e4bc240bdd05c729a536e0e330a8b4d14f8a1a8ff9a; thinkphp_show_page_trace=0|0',
)
[ info ] [ PARAM ] array (
  'index' => 'test',
)
[ info ] [ RUN ] app\index\controller\Index->index[ D:\Web\thinkphp5SSO\app\index\controller\Index.php ]
[ info ] [ VIEW ] D:\Web\thinkphp5SSO\public/../app/index\view\index\index.html [ array (
) ]
[ info ] [ LOG ] INIT File
---------------------------------------------------------------
[ 2018-01-21T23:45:00+08:00 ] 0.0.0.0 GET /index.php/index/index/aaa
[ info ] thinkphp5sso/index.php/index/index/aaa [运行时间：0.018407s][吞吐率：54.33req/s] [内存消耗：1,492.48kb] [文件加载：39]
[ info ] [ LANG ] D:\Web\thinkphp5SSO\thinkphp\lang\zh-cn.php
[ info ] [ ROUTE ] array (
  'type' => 'module',
  'module' => 
  array (
    0 => 'index',
    1 => 'index',
    2 => 'index',
  ),
  'convert' => false,
)
[ info ] [ HEADER ] array (
  'host' => 'thinkphp5sso',
  'connection' => 'keep-alive',
  'user-agent' => 'Mozilla/5.0 (Windows NT 10.0; Win64; x64) AppleWebKit/537.36 (KHTML, like Gecko) Chrome/61.0.3163.100 Safari/537.36',
  'upgrade-insecure-requests' => '1',
  'accept' => 'text/html,application/xhtml+xml,application/xml;q=0.9,image/webp,image/apng,*/*;q=0.8',
  'accept-encoding' => 'gzip, deflate',
  'accept-language' => 'zh-CN,zh;q=0.8',
  'cookie' => 'thinkphp_show_page_trace=0|0; xmus=68ebf2fc7160711eec4f5e4bc240bdd05c729a536e0e330a8b4d14f8a1a8ff9a; thinkphp_show_page_trace=0|0',
)
[ info ] [ PARAM ] array (
  'index' => 'aaa',
)
[ info ] [ RUN ] app\index\controller\Index->index[ D:\Web\thinkphp5SSO\app\index\controller\Index.php ]
[ info ] [ VIEW ] D:\Web\thinkphp5SSO\public/../app/index\view\index\index.html [ array (
) ]
[ info ] [ LOG ] INIT File
---------------------------------------------------------------
[ 2018-01-21T23:45:21+08:00 ] 0.0.0.0 GET /index.php/index/index/aaa
[ info ] thinkphp5sso/index.php/index/index/aaa [运行时间：0.018733s][吞吐率：53.38req/s] [内存消耗：1,493.07kb] [文件加载：39]
[ info ] [ LANG ] D:\Web\thinkphp5SSO\thinkphp\lang\zh-cn.php
[ info ] [ ROUTE ] array (
  'type' => 'module',
  'module' => 
  array (
    0 => 'index',
    1 => 'index',
    2 => 'index',
  ),
  'convert' => false,
)
[ info ] [ HEADER ] array (
  'host' => 'thinkphp5sso',
  'connection' => 'keep-alive',
  'cache-control' => 'max-age=0',
  'upgrade-insecure-requests' => '1',
  'user-agent' => 'Mozilla/5.0 (Windows NT 10.0; Win64; x64) AppleWebKit/537.36 (KHTML, like Gecko) Chrome/61.0.3163.100 Safari/537.36',
  'accept' => 'text/html,application/xhtml+xml,application/xml;q=0.9,image/webp,image/apng,*/*;q=0.8',
  'accept-encoding' => 'gzip, deflate',
  'accept-language' => 'zh-CN,zh;q=0.8',
  'cookie' => 'thinkphp_show_page_trace=0|0; xmus=68ebf2fc7160711eec4f5e4bc240bdd05c729a536e0e330a8b4d14f8a1a8ff9a; thinkphp_show_page_trace=0|0',
)
[ info ] [ PARAM ] array (
  'index' => 'aaa',
)
[ info ] [ RUN ] app\index\controller\Index->index[ D:\Web\thinkphp5SSO\app\index\controller\Index.php ]
[ info ] [ VIEW ] D:\Web\thinkphp5SSO\public/../app/index\view\index\index.html [ array (
) ]
[ info ] [ LOG ] INIT File
---------------------------------------------------------------
[ 2018-01-21T23:45:42+08:00 ] 0.0.0.0 GET /index.php/index/index/aaa
[ info ] thinkphp5sso/index.php/index/index/aaa [运行时间：0.019210s][吞吐率：52.06req/s] [内存消耗：1,308.20kb] [文件加载：31]
[ info ] [ LANG ] D:\Web\thinkphp5SSO\thinkphp\lang\zh-cn.php
[ info ] [ ROUTE ] array (
  'type' => 'module',
  'module' => 
  array (
    0 => 'index',
    1 => 'index',
    2 => 'index',
  ),
  'convert' => false,
)
[ info ] [ HEADER ] array (
  'host' => 'thinkphp5sso',
  'connection' => 'keep-alive',
  'cache-control' => 'max-age=0',
  'upgrade-insecure-requests' => '1',
  'user-agent' => 'Mozilla/5.0 (Windows NT 10.0; Win64; x64) AppleWebKit/537.36 (KHTML, like Gecko) Chrome/61.0.3163.100 Safari/537.36',
  'accept' => 'text/html,application/xhtml+xml,application/xml;q=0.9,image/webp,image/apng,*/*;q=0.8',
  'accept-encoding' => 'gzip, deflate',
  'accept-language' => 'zh-CN,zh;q=0.8',
  'cookie' => 'thinkphp_show_page_trace=0|0; xmus=68ebf2fc7160711eec4f5e4bc240bdd05c729a536e0e330a8b4d14f8a1a8ff9a; thinkphp_show_page_trace=0|0',
)
[ info ] [ PARAM ] array (
  'index' => 'aaa',
)
[ info ] [ RUN ] app\index\controller\Index->index[ D:\Web\thinkphp5SSO\app\index\controller\Index.php ]
[ info ] [ LOG ] INIT File
---------------------------------------------------------------
[ 2018-01-21T23:46:27+08:00 ] 0.0.0.0 GET /index.php/index/index/aaa
[ info ] thinkphp5sso/index.php/index/index/aaa [运行时间：0.022419s][吞吐率：44.61req/s] [内存消耗：1,493.07kb] [文件加载：39]
[ info ] [ LANG ] D:\Web\thinkphp5SSO\thinkphp\lang\zh-cn.php
[ info ] [ ROUTE ] array (
  'type' => 'module',
  'module' => 
  array (
    0 => 'index',
    1 => 'index',
    2 => 'index',
  ),
  'convert' => false,
)
[ info ] [ HEADER ] array (
  'host' => 'thinkphp5sso',
  'connection' => 'keep-alive',
  'cache-control' => 'max-age=0',
  'upgrade-insecure-requests' => '1',
  'user-agent' => 'Mozilla/5.0 (Windows NT 10.0; Win64; x64) AppleWebKit/537.36 (KHTML, like Gecko) Chrome/61.0.3163.100 Safari/537.36',
  'accept' => 'text/html,application/xhtml+xml,application/xml;q=0.9,image/webp,image/apng,*/*;q=0.8',
  'accept-encoding' => 'gzip, deflate',
  'accept-language' => 'zh-CN,zh;q=0.8',
  'cookie' => 'thinkphp_show_page_trace=0|0; xmus=68ebf2fc7160711eec4f5e4bc240bdd05c729a536e0e330a8b4d14f8a1a8ff9a; thinkphp_show_page_trace=0|0',
)
[ info ] [ PARAM ] array (
  'index' => 'aaa',
)
[ info ] [ RUN ] app\index\controller\Index->index[ D:\Web\thinkphp5SSO\app\index\controller\Index.php ]
[ info ] [ VIEW ] D:\Web\thinkphp5SSO\public/../app/index\view\index\index.html [ array (
) ]
[ info ] [ LOG ] INIT File
---------------------------------------------------------------
[ 2018-01-21T23:46:57+08:00 ] 0.0.0.0 GET /index.php/index/index/aaa
[ info ] thinkphp5sso/index.php/index/index/aaa [运行时间：0.019380s][吞吐率：51.60req/s] [内存消耗：1,493.07kb] [文件加载：39]
[ info ] [ LANG ] D:\Web\thinkphp5SSO\thinkphp\lang\zh-cn.php
[ info ] [ ROUTE ] array (
  'type' => 'module',
  'module' => 
  array (
    0 => 'index',
    1 => 'index',
    2 => 'index',
  ),
  'convert' => false,
)
[ info ] [ HEADER ] array (
  'host' => 'thinkphp5sso',
  'connection' => 'keep-alive',
  'cache-control' => 'max-age=0',
  'upgrade-insecure-requests' => '1',
  'user-agent' => 'Mozilla/5.0 (Windows NT 10.0; Win64; x64) AppleWebKit/537.36 (KHTML, like Gecko) Chrome/61.0.3163.100 Safari/537.36',
  'accept' => 'text/html,application/xhtml+xml,application/xml;q=0.9,image/webp,image/apng,*/*;q=0.8',
  'accept-encoding' => 'gzip, deflate',
  'accept-language' => 'zh-CN,zh;q=0.8',
  'cookie' => 'thinkphp_show_page_trace=0|0; xmus=68ebf2fc7160711eec4f5e4bc240bdd05c729a536e0e330a8b4d14f8a1a8ff9a; thinkphp_show_page_trace=0|0',
)
[ info ] [ PARAM ] array (
  'index' => 'aaa',
)
[ info ] [ RUN ] app\index\controller\Index->index[ D:\Web\thinkphp5SSO\app\index\controller\Index.php ]
[ info ] [ VIEW ] D:\Web\thinkphp5SSO\public/../app/index\view\index\index.html [ array (
) ]
[ info ] [ LOG ] INIT File
---------------------------------------------------------------
[ 2018-01-21T23:46:58+08:00 ] 0.0.0.0 GET /index.php/index/index/aaa
[ info ] thinkphp5sso/index.php/index/index/aaa [运行时间：0.019887s][吞吐率：50.28req/s] [内存消耗：1,493.07kb] [文件加载：39]
[ info ] [ LANG ] D:\Web\thinkphp5SSO\thinkphp\lang\zh-cn.php
[ info ] [ ROUTE ] array (
  'type' => 'module',
  'module' => 
  array (
    0 => 'index',
    1 => 'index',
    2 => 'index',
  ),
  'convert' => false,
)
[ info ] [ HEADER ] array (
  'host' => 'thinkphp5sso',
  'connection' => 'keep-alive',
  'cache-control' => 'max-age=0',
  'upgrade-insecure-requests' => '1',
  'user-agent' => 'Mozilla/5.0 (Windows NT 10.0; Win64; x64) AppleWebKit/537.36 (KHTML, like Gecko) Chrome/61.0.3163.100 Safari/537.36',
  'accept' => 'text/html,application/xhtml+xml,application/xml;q=0.9,image/webp,image/apng,*/*;q=0.8',
  'accept-encoding' => 'gzip, deflate',
  'accept-language' => 'zh-CN,zh;q=0.8',
  'cookie' => 'thinkphp_show_page_trace=0|0; xmus=68ebf2fc7160711eec4f5e4bc240bdd05c729a536e0e330a8b4d14f8a1a8ff9a; thinkphp_show_page_trace=0|0',
)
[ info ] [ PARAM ] array (
  'index' => 'aaa',
)
[ info ] [ RUN ] app\index\controller\Index->index[ D:\Web\thinkphp5SSO\app\index\controller\Index.php ]
[ info ] [ VIEW ] D:\Web\thinkphp5SSO\public/../app/index\view\index\index.html [ array (
) ]
[ info ] [ LOG ] INIT File
---------------------------------------------------------------
[ 2018-01-21T23:46:59+08:00 ] 0.0.0.0 GET /index.php/index/index/aaa
[ info ] thinkphp5sso/index.php/index/index/aaa [运行时间：0.016841s][吞吐率：59.38req/s] [内存消耗：1,493.07kb] [文件加载：39]
[ info ] [ LANG ] D:\Web\thinkphp5SSO\thinkphp\lang\zh-cn.php
[ info ] [ ROUTE ] array (
  'type' => 'module',
  'module' => 
  array (
    0 => 'index',
    1 => 'index',
    2 => 'index',
  ),
  'convert' => false,
)
[ info ] [ HEADER ] array (
  'host' => 'thinkphp5sso',
  'connection' => 'keep-alive',
  'cache-control' => 'max-age=0',
  'upgrade-insecure-requests' => '1',
  'user-agent' => 'Mozilla/5.0 (Windows NT 10.0; Win64; x64) AppleWebKit/537.36 (KHTML, like Gecko) Chrome/61.0.3163.100 Safari/537.36',
  'accept' => 'text/html,application/xhtml+xml,application/xml;q=0.9,image/webp,image/apng,*/*;q=0.8',
  'accept-encoding' => 'gzip, deflate',
  'accept-language' => 'zh-CN,zh;q=0.8',
  'cookie' => 'thinkphp_show_page_trace=0|0; xmus=68ebf2fc7160711eec4f5e4bc240bdd05c729a536e0e330a8b4d14f8a1a8ff9a; thinkphp_show_page_trace=0|0',
)
[ info ] [ PARAM ] array (
  'index' => 'aaa',
)
[ info ] [ RUN ] app\index\controller\Index->index[ D:\Web\thinkphp5SSO\app\index\controller\Index.php ]
[ info ] [ VIEW ] D:\Web\thinkphp5SSO\public/../app/index\view\index\index.html [ array (
) ]
[ info ] [ LOG ] INIT File
---------------------------------------------------------------
[ 2018-01-21T23:46:59+08:00 ] 0.0.0.0 GET /index.php/index/index/aaa
[ info ] thinkphp5sso/index.php/index/index/aaa [运行时间：0.018437s][吞吐率：54.24req/s] [内存消耗：1,493.07kb] [文件加载：39]
[ info ] [ LANG ] D:\Web\thinkphp5SSO\thinkphp\lang\zh-cn.php
[ info ] [ ROUTE ] array (
  'type' => 'module',
  'module' => 
  array (
    0 => 'index',
    1 => 'index',
    2 => 'index',
  ),
  'convert' => false,
)
[ info ] [ HEADER ] array (
  'host' => 'thinkphp5sso',
  'connection' => 'keep-alive',
  'cache-control' => 'max-age=0',
  'upgrade-insecure-requests' => '1',
  'user-agent' => 'Mozilla/5.0 (Windows NT 10.0; Win64; x64) AppleWebKit/537.36 (KHTML, like Gecko) Chrome/61.0.3163.100 Safari/537.36',
  'accept' => 'text/html,application/xhtml+xml,application/xml;q=0.9,image/webp,image/apng,*/*;q=0.8',
  'accept-encoding' => 'gzip, deflate',
  'accept-language' => 'zh-CN,zh;q=0.8',
  'cookie' => 'thinkphp_show_page_trace=0|0; xmus=68ebf2fc7160711eec4f5e4bc240bdd05c729a536e0e330a8b4d14f8a1a8ff9a; thinkphp_show_page_trace=0|0',
)
[ info ] [ PARAM ] array (
  'index' => 'aaa',
)
[ info ] [ RUN ] app\index\controller\Index->index[ D:\Web\thinkphp5SSO\app\index\controller\Index.php ]
[ info ] [ VIEW ] D:\Web\thinkphp5SSO\public/../app/index\view\index\index.html [ array (
) ]
[ info ] [ LOG ] INIT File
---------------------------------------------------------------
[ 2018-01-21T23:46:59+08:00 ] 0.0.0.0 GET /index.php/index/index/aaa
[ info ] thinkphp5sso/index.php/index/index/aaa [运行时间：0.018246s][吞吐率：54.81req/s] [内存消耗：1,493.07kb] [文件加载：39]
[ info ] [ LANG ] D:\Web\thinkphp5SSO\thinkphp\lang\zh-cn.php
[ info ] [ ROUTE ] array (
  'type' => 'module',
  'module' => 
  array (
    0 => 'index',
    1 => 'index',
    2 => 'index',
  ),
  'convert' => false,
)
[ info ] [ HEADER ] array (
  'host' => 'thinkphp5sso',
  'connection' => 'keep-alive',
  'cache-control' => 'max-age=0',
  'upgrade-insecure-requests' => '1',
  'user-agent' => 'Mozilla/5.0 (Windows NT 10.0; Win64; x64) AppleWebKit/537.36 (KHTML, like Gecko) Chrome/61.0.3163.100 Safari/537.36',
  'accept' => 'text/html,application/xhtml+xml,application/xml;q=0.9,image/webp,image/apng,*/*;q=0.8',
  'accept-encoding' => 'gzip, deflate',
  'accept-language' => 'zh-CN,zh;q=0.8',
  'cookie' => 'thinkphp_show_page_trace=0|0; xmus=68ebf2fc7160711eec4f5e4bc240bdd05c729a536e0e330a8b4d14f8a1a8ff9a; thinkphp_show_page_trace=0|0',
)
[ info ] [ PARAM ] array (
  'index' => 'aaa',
)
[ info ] [ RUN ] app\index\controller\Index->index[ D:\Web\thinkphp5SSO\app\index\controller\Index.php ]
[ info ] [ VIEW ] D:\Web\thinkphp5SSO\public/../app/index\view\index\index.html [ array (
) ]
[ info ] [ LOG ] INIT File
---------------------------------------------------------------
[ 2018-01-21T23:46:59+08:00 ] 0.0.0.0 GET /index.php/index/index/aaa
[ info ] thinkphp5sso/index.php/index/index/aaa [运行时间：0.019228s][吞吐率：52.01req/s] [内存消耗：1,493.07kb] [文件加载：39]
[ info ] [ LANG ] D:\Web\thinkphp5SSO\thinkphp\lang\zh-cn.php
[ info ] [ ROUTE ] array (
  'type' => 'module',
  'module' => 
  array (
    0 => 'index',
    1 => 'index',
    2 => 'index',
  ),
  'convert' => false,
)
[ info ] [ HEADER ] array (
  'host' => 'thinkphp5sso',
  'connection' => 'keep-alive',
  'cache-control' => 'max-age=0',
  'upgrade-insecure-requests' => '1',
  'user-agent' => 'Mozilla/5.0 (Windows NT 10.0; Win64; x64) AppleWebKit/537.36 (KHTML, like Gecko) Chrome/61.0.3163.100 Safari/537.36',
  'accept' => 'text/html,application/xhtml+xml,application/xml;q=0.9,image/webp,image/apng,*/*;q=0.8',
  'accept-encoding' => 'gzip, deflate',
  'accept-language' => 'zh-CN,zh;q=0.8',
  'cookie' => 'thinkphp_show_page_trace=0|0; xmus=68ebf2fc7160711eec4f5e4bc240bdd05c729a536e0e330a8b4d14f8a1a8ff9a; thinkphp_show_page_trace=0|0',
)
[ info ] [ PARAM ] array (
  'index' => 'aaa',
)
[ info ] [ RUN ] app\index\controller\Index->index[ D:\Web\thinkphp5SSO\app\index\controller\Index.php ]
[ info ] [ VIEW ] D:\Web\thinkphp5SSO\public/../app/index\view\index\index.html [ array (
) ]
[ info ] [ LOG ] INIT File
---------------------------------------------------------------
[ 2018-01-21T23:46:59+08:00 ] 0.0.0.0 GET /index.php/index/index/aaa
[ info ] thinkphp5sso/index.php/index/index/aaa [运行时间：0.024308s][吞吐率：41.14req/s] [内存消耗：1,493.07kb] [文件加载：39]
[ info ] [ LANG ] D:\Web\thinkphp5SSO\thinkphp\lang\zh-cn.php
[ info ] [ ROUTE ] array (
  'type' => 'module',
  'module' => 
  array (
    0 => 'index',
    1 => 'index',
    2 => 'index',
  ),
  'convert' => false,
)
[ info ] [ HEADER ] array (
  'host' => 'thinkphp5sso',
  'connection' => 'keep-alive',
  'cache-control' => 'max-age=0',
  'upgrade-insecure-requests' => '1',
  'user-agent' => 'Mozilla/5.0 (Windows NT 10.0; Win64; x64) AppleWebKit/537.36 (KHTML, like Gecko) Chrome/61.0.3163.100 Safari/537.36',
  'accept' => 'text/html,application/xhtml+xml,application/xml;q=0.9,image/webp,image/apng,*/*;q=0.8',
  'accept-encoding' => 'gzip, deflate',
  'accept-language' => 'zh-CN,zh;q=0.8',
  'cookie' => 'thinkphp_show_page_trace=0|0; xmus=68ebf2fc7160711eec4f5e4bc240bdd05c729a536e0e330a8b4d14f8a1a8ff9a; thinkphp_show_page_trace=0|0',
)
[ info ] [ PARAM ] array (
  'index' => 'aaa',
)
[ info ] [ RUN ] app\index\controller\Index->index[ D:\Web\thinkphp5SSO\app\index\controller\Index.php ]
[ info ] [ VIEW ] D:\Web\thinkphp5SSO\public/../app/index\view\index\index.html [ array (
) ]
[ info ] [ LOG ] INIT File
---------------------------------------------------------------
[ 2018-01-21T23:47:00+08:00 ] 0.0.0.0 GET /index.php/index/index/aaa
[ info ] thinkphp5sso/index.php/index/index/aaa [运行时间：0.019142s][吞吐率：52.24req/s] [内存消耗：1,493.07kb] [文件加载：39]
[ info ] [ LANG ] D:\Web\thinkphp5SSO\thinkphp\lang\zh-cn.php
[ info ] [ ROUTE ] array (
  'type' => 'module',
  'module' => 
  array (
    0 => 'index',
    1 => 'index',
    2 => 'index',
  ),
  'convert' => false,
)
[ info ] [ HEADER ] array (
  'host' => 'thinkphp5sso',
  'connection' => 'keep-alive',
  'cache-control' => 'max-age=0',
  'upgrade-insecure-requests' => '1',
  'user-agent' => 'Mozilla/5.0 (Windows NT 10.0; Win64; x64) AppleWebKit/537.36 (KHTML, like Gecko) Chrome/61.0.3163.100 Safari/537.36',
  'accept' => 'text/html,application/xhtml+xml,application/xml;q=0.9,image/webp,image/apng,*/*;q=0.8',
  'accept-encoding' => 'gzip, deflate',
  'accept-language' => 'zh-CN,zh;q=0.8',
  'cookie' => 'thinkphp_show_page_trace=0|0; xmus=68ebf2fc7160711eec4f5e4bc240bdd05c729a536e0e330a8b4d14f8a1a8ff9a; thinkphp_show_page_trace=0|0',
)
[ info ] [ PARAM ] array (
  'index' => 'aaa',
)
[ info ] [ RUN ] app\index\controller\Index->index[ D:\Web\thinkphp5SSO\app\index\controller\Index.php ]
[ info ] [ VIEW ] D:\Web\thinkphp5SSO\public/../app/index\view\index\index.html [ array (
) ]
[ info ] [ LOG ] INIT File
---------------------------------------------------------------
[ 2018-01-21T23:47:00+08:00 ] 0.0.0.0 GET /index.php/index/index/aaa
[ info ] thinkphp5sso/index.php/index/index/aaa [运行时间：0.019008s][吞吐率：52.61req/s] [内存消耗：1,493.07kb] [文件加载：39]
[ info ] [ LANG ] D:\Web\thinkphp5SSO\thinkphp\lang\zh-cn.php
[ info ] [ ROUTE ] array (
  'type' => 'module',
  'module' => 
  array (
    0 => 'index',
    1 => 'index',
    2 => 'index',
  ),
  'convert' => false,
)
[ info ] [ HEADER ] array (
  'host' => 'thinkphp5sso',
  'connection' => 'keep-alive',
  'cache-control' => 'max-age=0',
  'upgrade-insecure-requests' => '1',
  'user-agent' => 'Mozilla/5.0 (Windows NT 10.0; Win64; x64) AppleWebKit/537.36 (KHTML, like Gecko) Chrome/61.0.3163.100 Safari/537.36',
  'accept' => 'text/html,application/xhtml+xml,application/xml;q=0.9,image/webp,image/apng,*/*;q=0.8',
  'accept-encoding' => 'gzip, deflate',
  'accept-language' => 'zh-CN,zh;q=0.8',
  'cookie' => 'thinkphp_show_page_trace=0|0; xmus=68ebf2fc7160711eec4f5e4bc240bdd05c729a536e0e330a8b4d14f8a1a8ff9a; thinkphp_show_page_trace=0|0',
)
[ info ] [ PARAM ] array (
  'index' => 'aaa',
)
[ info ] [ RUN ] app\index\controller\Index->index[ D:\Web\thinkphp5SSO\app\index\controller\Index.php ]
[ info ] [ VIEW ] D:\Web\thinkphp5SSO\public/../app/index\view\index\index.html [ array (
) ]
[ info ] [ LOG ] INIT File
---------------------------------------------------------------
[ 2018-01-21T23:47:00+08:00 ] 0.0.0.0 GET /index.php/index/index/aaa
[ info ] thinkphp5sso/index.php/index/index/aaa [运行时间：0.021911s][吞吐率：45.64req/s] [内存消耗：1,493.07kb] [文件加载：39]
[ info ] [ LANG ] D:\Web\thinkphp5SSO\thinkphp\lang\zh-cn.php
[ info ] [ ROUTE ] array (
  'type' => 'module',
  'module' => 
  array (
    0 => 'index',
    1 => 'index',
    2 => 'index',
  ),
  'convert' => false,
)
[ info ] [ HEADER ] array (
  'host' => 'thinkphp5sso',
  'connection' => 'keep-alive',
  'cache-control' => 'max-age=0',
  'upgrade-insecure-requests' => '1',
  'user-agent' => 'Mozilla/5.0 (Windows NT 10.0; Win64; x64) AppleWebKit/537.36 (KHTML, like Gecko) Chrome/61.0.3163.100 Safari/537.36',
  'accept' => 'text/html,application/xhtml+xml,application/xml;q=0.9,image/webp,image/apng,*/*;q=0.8',
  'accept-encoding' => 'gzip, deflate',
  'accept-language' => 'zh-CN,zh;q=0.8',
  'cookie' => 'thinkphp_show_page_trace=0|0; xmus=68ebf2fc7160711eec4f5e4bc240bdd05c729a536e0e330a8b4d14f8a1a8ff9a; thinkphp_show_page_trace=0|0',
)
[ info ] [ PARAM ] array (
  'index' => 'aaa',
)
[ info ] [ RUN ] app\index\controller\Index->index[ D:\Web\thinkphp5SSO\app\index\controller\Index.php ]
[ info ] [ VIEW ] D:\Web\thinkphp5SSO\public/../app/index\view\index\index.html [ array (
) ]
[ info ] [ LOG ] INIT File
---------------------------------------------------------------
[ 2018-01-21T23:47:00+08:00 ] 0.0.0.0 GET /index.php/index/index/aaa
[ info ] thinkphp5sso/index.php/index/index/aaa [运行时间：0.023110s][吞吐率：43.27req/s] [内存消耗：1,493.07kb] [文件加载：39]
[ info ] [ LANG ] D:\Web\thinkphp5SSO\thinkphp\lang\zh-cn.php
[ info ] [ ROUTE ] array (
  'type' => 'module',
  'module' => 
  array (
    0 => 'index',
    1 => 'index',
    2 => 'index',
  ),
  'convert' => false,
)
[ info ] [ HEADER ] array (
  'host' => 'thinkphp5sso',
  'connection' => 'keep-alive',
  'cache-control' => 'max-age=0',
  'upgrade-insecure-requests' => '1',
  'user-agent' => 'Mozilla/5.0 (Windows NT 10.0; Win64; x64) AppleWebKit/537.36 (KHTML, like Gecko) Chrome/61.0.3163.100 Safari/537.36',
  'accept' => 'text/html,application/xhtml+xml,application/xml;q=0.9,image/webp,image/apng,*/*;q=0.8',
  'accept-encoding' => 'gzip, deflate',
  'accept-language' => 'zh-CN,zh;q=0.8',
  'cookie' => 'thinkphp_show_page_trace=0|0; xmus=68ebf2fc7160711eec4f5e4bc240bdd05c729a536e0e330a8b4d14f8a1a8ff9a; thinkphp_show_page_trace=0|0',
)
[ info ] [ PARAM ] array (
  'index' => 'aaa',
)
[ info ] [ RUN ] app\index\controller\Index->index[ D:\Web\thinkphp5SSO\app\index\controller\Index.php ]
[ info ] [ VIEW ] D:\Web\thinkphp5SSO\public/../app/index\view\index\index.html [ array (
) ]
[ info ] [ LOG ] INIT File
---------------------------------------------------------------
[ 2018-01-21T23:47:01+08:00 ] 0.0.0.0 GET /index.php/index/index/aaa
[ info ] thinkphp5sso/index.php/index/index/aaa [运行时间：0.021456s][吞吐率：46.61req/s] [内存消耗：1,493.07kb] [文件加载：39]
[ info ] [ LANG ] D:\Web\thinkphp5SSO\thinkphp\lang\zh-cn.php
[ info ] [ ROUTE ] array (
  'type' => 'module',
  'module' => 
  array (
    0 => 'index',
    1 => 'index',
    2 => 'index',
  ),
  'convert' => false,
)
[ info ] [ HEADER ] array (
  'host' => 'thinkphp5sso',
  'connection' => 'keep-alive',
  'cache-control' => 'max-age=0',
  'upgrade-insecure-requests' => '1',
  'user-agent' => 'Mozilla/5.0 (Windows NT 10.0; Win64; x64) AppleWebKit/537.36 (KHTML, like Gecko) Chrome/61.0.3163.100 Safari/537.36',
  'accept' => 'text/html,application/xhtml+xml,application/xml;q=0.9,image/webp,image/apng,*/*;q=0.8',
  'accept-encoding' => 'gzip, deflate',
  'accept-language' => 'zh-CN,zh;q=0.8',
  'cookie' => 'thinkphp_show_page_trace=0|0; xmus=68ebf2fc7160711eec4f5e4bc240bdd05c729a536e0e330a8b4d14f8a1a8ff9a; thinkphp_show_page_trace=0|0',
)
[ info ] [ PARAM ] array (
  'index' => 'aaa',
)
[ info ] [ RUN ] app\index\controller\Index->index[ D:\Web\thinkphp5SSO\app\index\controller\Index.php ]
[ info ] [ VIEW ] D:\Web\thinkphp5SSO\public/../app/index\view\index\index.html [ array (
) ]
[ info ] [ LOG ] INIT File
---------------------------------------------------------------
[ 2018-01-21T23:47:19+08:00 ] 0.0.0.0 GET /index.php/index/index/aaa
[ info ] thinkphp5sso/index.php/index/index/aaa [运行时间：0.021962s][吞吐率：45.53req/s] [内存消耗：1,648.39kb] [文件加载：41]
[ info ] [ LANG ] D:\Web\thinkphp5SSO\thinkphp\lang\zh-cn.php
[ info ] [ ROUTE ] array (
  'type' => 'module',
  'module' => 
  array (
    0 => 'index',
    1 => 'index',
    2 => 'index',
  ),
  'convert' => false,
)
[ info ] [ HEADER ] array (
  'host' => 'thinkphp5sso',
  'connection' => 'keep-alive',
  'cache-control' => 'max-age=0',
  'upgrade-insecure-requests' => '1',
  'user-agent' => 'Mozilla/5.0 (Windows NT 10.0; Win64; x64) AppleWebKit/537.36 (KHTML, like Gecko) Chrome/61.0.3163.100 Safari/537.36',
  'accept' => 'text/html,application/xhtml+xml,application/xml;q=0.9,image/webp,image/apng,*/*;q=0.8',
  'accept-encoding' => 'gzip, deflate',
  'accept-language' => 'zh-CN,zh;q=0.8',
  'cookie' => 'thinkphp_show_page_trace=0|0; xmus=68ebf2fc7160711eec4f5e4bc240bdd05c729a536e0e330a8b4d14f8a1a8ff9a; thinkphp_show_page_trace=0|0',
)
[ info ] [ PARAM ] array (
  'index' => 'aaa',
)
[ info ] [ RUN ] app\index\controller\Index->index[ D:\Web\thinkphp5SSO\app\index\controller\Index.php ]
[ info ] [ VIEW ] D:\Web\thinkphp5SSO\public/../app/index\view\index\index.html [ array (
) ]
[ info ] [ LOG ] INIT File
---------------------------------------------------------------
[ 2018-01-21T23:47:33+08:00 ] 0.0.0.0 GET /index.php/index/index/aaa
[ info ] thinkphp5sso/index.php/index/index/aaa [运行时间：0.021774s][吞吐率：45.93req/s] [内存消耗：1,648.39kb] [文件加载：41]
[ info ] [ LANG ] D:\Web\thinkphp5SSO\thinkphp\lang\zh-cn.php
[ info ] [ ROUTE ] array (
  'type' => 'module',
  'module' => 
  array (
    0 => 'index',
    1 => 'index',
    2 => 'index',
  ),
  'convert' => false,
)
[ info ] [ HEADER ] array (
  'host' => 'thinkphp5sso',
  'connection' => 'keep-alive',
  'cache-control' => 'max-age=0',
  'upgrade-insecure-requests' => '1',
  'user-agent' => 'Mozilla/5.0 (Windows NT 10.0; Win64; x64) AppleWebKit/537.36 (KHTML, like Gecko) Chrome/61.0.3163.100 Safari/537.36',
  'accept' => 'text/html,application/xhtml+xml,application/xml;q=0.9,image/webp,image/apng,*/*;q=0.8',
  'accept-encoding' => 'gzip, deflate',
  'accept-language' => 'zh-CN,zh;q=0.8',
  'cookie' => 'thinkphp_show_page_trace=0|0; xmus=68ebf2fc7160711eec4f5e4bc240bdd05c729a536e0e330a8b4d14f8a1a8ff9a; thinkphp_show_page_trace=0|0',
)
[ info ] [ PARAM ] array (
  'index' => 'aaa',
)
[ info ] [ RUN ] app\index\controller\Index->index[ D:\Web\thinkphp5SSO\app\index\controller\Index.php ]
[ info ] [ VIEW ] D:\Web\thinkphp5SSO\public/../app/index\view\index\index.html [ array (
) ]
[ info ] [ LOG ] INIT File
---------------------------------------------------------------
[ 2018-01-21T23:48:05+08:00 ] 0.0.0.0 GET /index.php/index/index/aaa
[ info ] thinkphp5sso/index.php/index/index/aaa [运行时间：0.029332s][吞吐率：34.09req/s] [内存消耗：1,648.39kb] [文件加载：41]
[ info ] [ LANG ] D:\Web\thinkphp5SSO\thinkphp\lang\zh-cn.php
[ info ] [ ROUTE ] array (
  'type' => 'module',
  'module' => 
  array (
    0 => 'index',
    1 => 'index',
    2 => 'index',
  ),
  'convert' => false,
)
[ info ] [ HEADER ] array (
  'host' => 'thinkphp5sso',
  'connection' => 'keep-alive',
  'cache-control' => 'max-age=0',
  'upgrade-insecure-requests' => '1',
  'user-agent' => 'Mozilla/5.0 (Windows NT 10.0; Win64; x64) AppleWebKit/537.36 (KHTML, like Gecko) Chrome/61.0.3163.100 Safari/537.36',
  'accept' => 'text/html,application/xhtml+xml,application/xml;q=0.9,image/webp,image/apng,*/*;q=0.8',
  'accept-encoding' => 'gzip, deflate',
  'accept-language' => 'zh-CN,zh;q=0.8',
  'cookie' => 'thinkphp_show_page_trace=0|0; xmus=68ebf2fc7160711eec4f5e4bc240bdd05c729a536e0e330a8b4d14f8a1a8ff9a; thinkphp_show_page_trace=0|0',
)
[ info ] [ PARAM ] array (
  'index' => 'aaa',
)
[ info ] [ RUN ] app\index\controller\Index->index[ D:\Web\thinkphp5SSO\app\index\controller\Index.php ]
[ info ] [ VIEW ] D:\Web\thinkphp5SSO\public/../app/index\view\index\index.html [ array (
) ]
[ info ] [ LOG ] INIT File
---------------------------------------------------------------
[ 2018-01-21T23:48:16+08:00 ] 0.0.0.0 GET /index
[ info ] thinkphp5sso/index [运行时间：0.017514s][吞吐率：57.10req/s] [内存消耗：1,491.42kb] [文件加载：39]
[ info ] [ LANG ] D:\Web\thinkphp5SSO\thinkphp\lang\zh-cn.php
[ info ] [ ROUTE ] array (
  'type' => 'module',
  'module' => 
  array (
    0 => 'index',
    1 => 'index',
    2 => 'index',
  ),
  'convert' => false,
)
[ info ] [ HEADER ] array (
  'host' => 'thinkphp5sso',
  'connection' => 'keep-alive',
  'user-agent' => 'Mozilla/5.0 (Windows NT 10.0; Win64; x64) AppleWebKit/537.36 (KHTML, like Gecko) Chrome/61.0.3163.100 Safari/537.36',
  'upgrade-insecure-requests' => '1',
  'accept' => 'text/html,application/xhtml+xml,application/xml;q=0.9,image/webp,image/apng,*/*;q=0.8',
  'accept-encoding' => 'gzip, deflate',
  'accept-language' => 'zh-CN,zh;q=0.8',
  'cookie' => 'xmus=68ebf2fc7160711eec4f5e4bc240bdd05c729a536e0e330a8b4d14f8a1a8ff9a; thinkphp_show_page_trace=0|0',
)
[ info ] [ PARAM ] array (
)
[ info ] [ RUN ] app\index\controller\Index->index[ D:\Web\thinkphp5SSO\app\index\controller\Index.php ]
[ info ] [ VIEW ] D:\Web\thinkphp5SSO\public/../app/index\view\index\index.html [ array (
) ]
[ info ] [ LOG ] INIT File
---------------------------------------------------------------
[ 2018-01-21T23:48:22+08:00 ] 0.0.0.0 GET /index/index/test
[ info ] thinkphp5sso/index/index/test [运行时间：0.018812s][吞吐率：53.16req/s] [内存消耗：1,492.56kb] [文件加载：39]
[ info ] [ LANG ] D:\Web\thinkphp5SSO\thinkphp\lang\zh-cn.php
[ info ] [ ROUTE ] array (
  'type' => 'module',
  'module' => 
  array (
    0 => 'index',
    1 => 'index',
    2 => 'index',
  ),
  'convert' => false,
)
[ info ] [ HEADER ] array (
  'host' => 'thinkphp5sso',
  'connection' => 'keep-alive',
  'user-agent' => 'Mozilla/5.0 (Windows NT 10.0; Win64; x64) AppleWebKit/537.36 (KHTML, like Gecko) Chrome/61.0.3163.100 Safari/537.36',
  'upgrade-insecure-requests' => '1',
  'accept' => 'text/html,application/xhtml+xml,application/xml;q=0.9,image/webp,image/apng,*/*;q=0.8',
  'accept-encoding' => 'gzip, deflate',
  'accept-language' => 'zh-CN,zh;q=0.8',
  'cookie' => 'thinkphp_show_page_trace=0|0; xmus=68ebf2fc7160711eec4f5e4bc240bdd05c729a536e0e330a8b4d14f8a1a8ff9a; thinkphp_show_page_trace=0|0',
)
[ info ] [ PARAM ] array (
  'index' => 'test',
)
[ info ] [ RUN ] app\index\controller\Index->index[ D:\Web\thinkphp5SSO\app\index\controller\Index.php ]
[ info ] [ VIEW ] D:\Web\thinkphp5SSO\public/../app/index\view\index\index.html [ array (
) ]
[ info ] [ LOG ] INIT File
---------------------------------------------------------------
[ 2018-01-21T23:48:27+08:00 ] 0.0.0.0 GET /index/test/test
[ info ] thinkphp5sso/index/test/test [运行时间：0.018174s][吞吐率：55.02req/s] [内存消耗：1,492.51kb] [文件加载：39]
[ info ] [ LANG ] D:\Web\thinkphp5SSO\thinkphp\lang\zh-cn.php
[ info ] [ ROUTE ] array (
  'type' => 'module',
  'module' => 
  array (
    0 => 'index',
    1 => 'index',
    2 => 'index',
  ),
  'convert' => false,
)
[ info ] [ HEADER ] array (
  'host' => 'thinkphp5sso',
  'connection' => 'keep-alive',
  'user-agent' => 'Mozilla/5.0 (Windows NT 10.0; Win64; x64) AppleWebKit/537.36 (KHTML, like Gecko) Chrome/61.0.3163.100 Safari/537.36',
  'upgrade-insecure-requests' => '1',
  'accept' => 'text/html,application/xhtml+xml,application/xml;q=0.9,image/webp,image/apng,*/*;q=0.8',
  'accept-encoding' => 'gzip, deflate',
  'accept-language' => 'zh-CN,zh;q=0.8',
  'cookie' => 'xmus=68ebf2fc7160711eec4f5e4bc240bdd05c729a536e0e330a8b4d14f8a1a8ff9a; thinkphp_show_page_trace=0|0',
)
[ info ] [ PARAM ] array (
  'test' => 'test',
)
[ info ] [ RUN ] app\index\controller\Index->index[ D:\Web\thinkphp5SSO\app\index\controller\Index.php ]
[ info ] [ VIEW ] D:\Web\thinkphp5SSO\public/../app/index\view\index\index.html [ array (
) ]
[ info ] [ LOG ] INIT File
---------------------------------------------------------------
[ 2018-01-21T23:48:32+08:00 ] 0.0.0.0 GET /index/aaa/test
[ info ] thinkphp5sso/index/aaa/test [运行时间：0.021231s][吞吐率：47.10req/s] [内存消耗：1,492.51kb] [文件加载：39]
[ info ] [ LANG ] D:\Web\thinkphp5SSO\thinkphp\lang\zh-cn.php
[ info ] [ ROUTE ] array (
  'type' => 'module',
  'module' => 
  array (
    0 => 'index',
    1 => 'index',
    2 => 'index',
  ),
  'convert' => false,
)
[ info ] [ HEADER ] array (
  'host' => 'thinkphp5sso',
  'connection' => 'keep-alive',
  'user-agent' => 'Mozilla/5.0 (Windows NT 10.0; Win64; x64) AppleWebKit/537.36 (KHTML, like Gecko) Chrome/61.0.3163.100 Safari/537.36',
  'upgrade-insecure-requests' => '1',
  'accept' => 'text/html,application/xhtml+xml,application/xml;q=0.9,image/webp,image/apng,*/*;q=0.8',
  'accept-encoding' => 'gzip, deflate',
  'accept-language' => 'zh-CN,zh;q=0.8',
  'cookie' => 'xmus=68ebf2fc7160711eec4f5e4bc240bdd05c729a536e0e330a8b4d14f8a1a8ff9a; thinkphp_show_page_trace=0|0',
)
[ info ] [ PARAM ] array (
  'aaa' => 'test',
)
[ info ] [ RUN ] app\index\controller\Index->index[ D:\Web\thinkphp5SSO\app\index\controller\Index.php ]
[ info ] [ VIEW ] D:\Web\thinkphp5SSO\public/../app/index\view\index\index.html [ array (
) ]
[ info ] [ LOG ] INIT File
---------------------------------------------------------------
[ 2018-01-21T23:49:07+08:00 ] 0.0.0.0 GET /index/aaa/test
[ info ] thinkphp5sso/index/aaa/test [运行时间：0.026976s][吞吐率：37.07req/s] [内存消耗：1,493.05kb] [文件加载：39]
[ info ] [ LANG ] D:\Web\thinkphp5SSO\thinkphp\lang\zh-cn.php
[ info ] [ ROUTE ] array (
  'type' => 'module',
  'module' => 
  array (
    0 => 'index',
    1 => 'index',
    2 => 'index',
  ),
  'convert' => false,
)
[ info ] [ HEADER ] array (
  'host' => 'thinkphp5sso',
  'connection' => 'keep-alive',
  'cache-control' => 'max-age=0',
  'upgrade-insecure-requests' => '1',
  'user-agent' => 'Mozilla/5.0 (Windows NT 10.0; Win64; x64) AppleWebKit/537.36 (KHTML, like Gecko) Chrome/61.0.3163.100 Safari/537.36',
  'accept' => 'text/html,application/xhtml+xml,application/xml;q=0.9,image/webp,image/apng,*/*;q=0.8',
  'accept-encoding' => 'gzip, deflate',
  'accept-language' => 'zh-CN,zh;q=0.8',
  'cookie' => 'thinkphp_show_page_trace=0|0; xmus=68ebf2fc7160711eec4f5e4bc240bdd05c729a536e0e330a8b4d14f8a1a8ff9a; thinkphp_show_page_trace=0|0',
)
[ info ] [ PARAM ] array (
  'aaa' => 'test',
)
[ info ] [ RUN ] app\index\controller\Index->index[ D:\Web\thinkphp5SSO\app\index\controller\Index.php ]
[ info ] [ VIEW ] D:\Web\thinkphp5SSO\public/../app/index\view\index\index.html [ array (
) ]
[ info ] [ LOG ] INIT File
---------------------------------------------------------------
[ 2018-01-21T23:49:09+08:00 ] 0.0.0.0 GET /index/aaa/test
[ info ] thinkphp5sso/index/aaa/test [运行时间：0.020025s][吞吐率：49.94req/s] [内存消耗：1,493.05kb] [文件加载：39]
[ info ] [ LANG ] D:\Web\thinkphp5SSO\thinkphp\lang\zh-cn.php
[ info ] [ ROUTE ] array (
  'type' => 'module',
  'module' => 
  array (
    0 => 'index',
    1 => 'index',
    2 => 'index',
  ),
  'convert' => false,
)
[ info ] [ HEADER ] array (
  'host' => 'thinkphp5sso',
  'connection' => 'keep-alive',
  'cache-control' => 'max-age=0',
  'upgrade-insecure-requests' => '1',
  'user-agent' => 'Mozilla/5.0 (Windows NT 10.0; Win64; x64) AppleWebKit/537.36 (KHTML, like Gecko) Chrome/61.0.3163.100 Safari/537.36',
  'accept' => 'text/html,application/xhtml+xml,application/xml;q=0.9,image/webp,image/apng,*/*;q=0.8',
  'accept-encoding' => 'gzip, deflate',
  'accept-language' => 'zh-CN,zh;q=0.8',
  'cookie' => 'thinkphp_show_page_trace=0|0; xmus=68ebf2fc7160711eec4f5e4bc240bdd05c729a536e0e330a8b4d14f8a1a8ff9a; thinkphp_show_page_trace=0|0',
)
[ info ] [ PARAM ] array (
  'aaa' => 'test',
)
[ info ] [ RUN ] app\index\controller\Index->index[ D:\Web\thinkphp5SSO\app\index\controller\Index.php ]
[ info ] [ VIEW ] D:\Web\thinkphp5SSO\public/../app/index\view\index\index.html [ array (
) ]
[ info ] [ LOG ] INIT File
---------------------------------------------------------------
[ 2018-01-21T23:49:10+08:00 ] 0.0.0.0 GET /index/aaa/test
[ info ] thinkphp5sso/index/aaa/test [运行时间：0.020408s][吞吐率：49.00req/s] [内存消耗：1,493.05kb] [文件加载：39]
[ info ] [ LANG ] D:\Web\thinkphp5SSO\thinkphp\lang\zh-cn.php
[ info ] [ ROUTE ] array (
  'type' => 'module',
  'module' => 
  array (
    0 => 'index',
    1 => 'index',
    2 => 'index',
  ),
  'convert' => false,
)
[ info ] [ HEADER ] array (
  'host' => 'thinkphp5sso',
  'connection' => 'keep-alive',
  'cache-control' => 'max-age=0',
  'upgrade-insecure-requests' => '1',
  'user-agent' => 'Mozilla/5.0 (Windows NT 10.0; Win64; x64) AppleWebKit/537.36 (KHTML, like Gecko) Chrome/61.0.3163.100 Safari/537.36',
  'accept' => 'text/html,application/xhtml+xml,application/xml;q=0.9,image/webp,image/apng,*/*;q=0.8',
  'accept-encoding' => 'gzip, deflate',
  'accept-language' => 'zh-CN,zh;q=0.8',
  'cookie' => 'thinkphp_show_page_trace=0|0; xmus=68ebf2fc7160711eec4f5e4bc240bdd05c729a536e0e330a8b4d14f8a1a8ff9a; thinkphp_show_page_trace=0|0',
)
[ info ] [ PARAM ] array (
  'aaa' => 'test',
)
[ info ] [ RUN ] app\index\controller\Index->index[ D:\Web\thinkphp5SSO\app\index\controller\Index.php ]
[ info ] [ VIEW ] D:\Web\thinkphp5SSO\public/../app/index\view\index\index.html [ array (
) ]
[ info ] [ LOG ] INIT File
---------------------------------------------------------------
[ 2018-01-21T23:49:10+08:00 ] 0.0.0.0 GET /index/aaa/test
[ info ] thinkphp5sso/index/aaa/test [运行时间：0.020404s][吞吐率：49.01req/s] [内存消耗：1,493.05kb] [文件加载：39]
[ info ] [ LANG ] D:\Web\thinkphp5SSO\thinkphp\lang\zh-cn.php
[ info ] [ ROUTE ] array (
  'type' => 'module',
  'module' => 
  array (
    0 => 'index',
    1 => 'index',
    2 => 'index',
  ),
  'convert' => false,
)
[ info ] [ HEADER ] array (
  'host' => 'thinkphp5sso',
  'connection' => 'keep-alive',
  'cache-control' => 'max-age=0',
  'upgrade-insecure-requests' => '1',
  'user-agent' => 'Mozilla/5.0 (Windows NT 10.0; Win64; x64) AppleWebKit/537.36 (KHTML, like Gecko) Chrome/61.0.3163.100 Safari/537.36',
  'accept' => 'text/html,application/xhtml+xml,application/xml;q=0.9,image/webp,image/apng,*/*;q=0.8',
  'accept-encoding' => 'gzip, deflate',
  'accept-language' => 'zh-CN,zh;q=0.8',
  'cookie' => 'thinkphp_show_page_trace=0|0; xmus=68ebf2fc7160711eec4f5e4bc240bdd05c729a536e0e330a8b4d14f8a1a8ff9a; thinkphp_show_page_trace=0|0',
)
[ info ] [ PARAM ] array (
  'aaa' => 'test',
)
[ info ] [ RUN ] app\index\controller\Index->index[ D:\Web\thinkphp5SSO\app\index\controller\Index.php ]
[ info ] [ VIEW ] D:\Web\thinkphp5SSO\public/../app/index\view\index\index.html [ array (
) ]
[ info ] [ LOG ] INIT File
---------------------------------------------------------------
[ 2018-01-21T23:49:16+08:00 ] 0.0.0.0 GET /common
[ info ] thinkphp5sso/common [运行时间：0.025120s][吞吐率：39.81req/s] [内存消耗：1,214.71kb] [文件加载：32]
[ info ] [ LANG ] D:\Web\thinkphp5SSO\thinkphp\lang\zh-cn.php
[ info ] [ ROUTE ] array (
  'type' => 'module',
  'module' => 
  array (
    0 => 'common',
    1 => NULL,
    2 => NULL,
  ),
)
[ info ] [ HEADER ] array (
  'host' => 'thinkphp5sso',
  'connection' => 'keep-alive',
  'user-agent' => 'Mozilla/5.0 (Windows NT 10.0; Win64; x64) AppleWebKit/537.36 (KHTML, like Gecko) Chrome/61.0.3163.100 Safari/537.36',
  'upgrade-insecure-requests' => '1',
  'accept' => 'text/html,application/xhtml+xml,application/xml;q=0.9,image/webp,image/apng,*/*;q=0.8',
  'accept-encoding' => 'gzip, deflate',
  'accept-language' => 'zh-CN,zh;q=0.8',
  'cookie' => 'xmus=68ebf2fc7160711eec4f5e4bc240bdd05c729a536e0e330a8b4d14f8a1a8ff9a; thinkphp_show_page_trace=0|0',
)
[ info ] [ PARAM ] array (
)
[ info ] [ LOG ] INIT File
---------------------------------------------------------------
[ 2018-01-21T23:49:42+08:00 ] 0.0.0.0 GET /common
[ info ] thinkphp5sso/common [运行时间：0.020098s][吞吐率：49.76req/s] [内存消耗：1,215.10kb] [文件加载：32]
[ info ] [ LANG ] D:\Web\thinkphp5SSO\thinkphp\lang\zh-cn.php
[ info ] [ ROUTE ] array (
  'type' => 'module',
  'module' => 
  array (
    0 => 'common',
    1 => NULL,
    2 => NULL,
  ),
)
[ info ] [ HEADER ] array (
  'host' => 'thinkphp5sso',
  'connection' => 'keep-alive',
  'cache-control' => 'max-age=0',
  'upgrade-insecure-requests' => '1',
  'user-agent' => 'Mozilla/5.0 (Windows NT 10.0; Win64; x64) AppleWebKit/537.36 (KHTML, like Gecko) Chrome/61.0.3163.100 Safari/537.36',
  'accept' => 'text/html,application/xhtml+xml,application/xml;q=0.9,image/webp,image/apng,*/*;q=0.8',
  'accept-encoding' => 'gzip, deflate',
  'accept-language' => 'zh-CN,zh;q=0.8',
  'cookie' => 'xmus=68ebf2fc7160711eec4f5e4bc240bdd05c729a536e0e330a8b4d14f8a1a8ff9a; thinkphp_show_page_trace=0|0',
)
[ info ] [ PARAM ] array (
)
[ info ] [ LOG ] INIT File
---------------------------------------------------------------
[ 2018-01-21T23:50:37+08:00 ] 0.0.0.0 GET /common
[ info ] thinkphp5sso/common [运行时间：0.023066s][吞吐率：43.35req/s] [内存消耗：1,215.17kb] [文件加载：32]
[ info ] [ LANG ] D:\Web\thinkphp5SSO\thinkphp\lang\zh-cn.php
[ info ] [ ROUTE ] array (
  'type' => 'module',
  'module' => 
  array (
    0 => 'common',
    1 => NULL,
    2 => NULL,
  ),
)
[ info ] [ HEADER ] array (
  'host' => 'thinkphp5sso',
  'connection' => 'keep-alive',
  'cache-control' => 'max-age=0',
  'upgrade-insecure-requests' => '1',
  'user-agent' => 'Mozilla/5.0 (Windows NT 10.0; Win64; x64) AppleWebKit/537.36 (KHTML, like Gecko) Chrome/61.0.3163.100 Safari/537.36',
  'accept' => 'text/html,application/xhtml+xml,application/xml;q=0.9,image/webp,image/apng,*/*;q=0.8',
  'accept-encoding' => 'gzip, deflate',
  'accept-language' => 'zh-CN,zh;q=0.8',
  'cookie' => 'xmus=68ebf2fc7160711eec4f5e4bc240bdd05c729a536e0e330a8b4d14f8a1a8ff9a; thinkphp_show_page_trace=0|0',
)
[ info ] [ PARAM ] array (
)
[ info ] [ LOG ] INIT File
---------------------------------------------------------------
[ 2018-01-21T23:51:20+08:00 ] 0.0.0.0 GET /common
[ info ] thinkphp5sso/common [运行时间：0.019651s][吞吐率：50.89req/s] [内存消耗：1,215.28kb] [文件加载：32]
[ info ] [ LANG ] D:\Web\thinkphp5SSO\thinkphp\lang\zh-cn.php
[ info ] [ ROUTE ] array (
  'type' => 'module',
  'module' => 
  array (
    0 => 'common',
    1 => NULL,
    2 => NULL,
  ),
)
[ info ] [ HEADER ] array (
  'host' => 'thinkphp5sso',
  'connection' => 'keep-alive',
  'cache-control' => 'max-age=0',
  'user-agent' => 'Mozilla/5.0 (Windows NT 10.0; Win64; x64) AppleWebKit/537.36 (KHTML, like Gecko) Chrome/61.0.3163.100 Safari/537.36',
  'upgrade-insecure-requests' => '1',
  'accept' => 'text/html,application/xhtml+xml,application/xml;q=0.9,image/webp,image/apng,*/*;q=0.8',
  'accept-encoding' => 'gzip, deflate',
  'accept-language' => 'zh-CN,zh;q=0.8',
  'cookie' => 'xmus=68ebf2fc7160711eec4f5e4bc240bdd05c729a536e0e330a8b4d14f8a1a8ff9a; thinkphp_show_page_trace=0|0',
)
[ info ] [ PARAM ] array (
)
[ info ] [ LOG ] INIT File
---------------------------------------------------------------
[ 2018-01-21T23:51:28+08:00 ] 0.0.0.0 GET /common
[ info ] thinkphp5sso/common [运行时间：0.021022s][吞吐率：47.57req/s] [内存消耗：1,215.17kb] [文件加载：32]
[ info ] [ LANG ] D:\Web\thinkphp5SSO\thinkphp\lang\zh-cn.php
[ info ] [ ROUTE ] array (
  'type' => 'module',
  'module' => 
  array (
    0 => 'common',
    1 => NULL,
    2 => NULL,
  ),
)
[ info ] [ HEADER ] array (
  'host' => 'thinkphp5sso',
  'connection' => 'keep-alive',
  'cache-control' => 'max-age=0',
  'user-agent' => 'Mozilla/5.0 (Windows NT 10.0; Win64; x64) AppleWebKit/537.36 (KHTML, like Gecko) Chrome/61.0.3163.100 Safari/537.36',
  'upgrade-insecure-requests' => '1',
  'accept' => 'text/html,application/xhtml+xml,application/xml;q=0.9,image/webp,image/apng,*/*;q=0.8',
  'accept-encoding' => 'gzip, deflate',
  'accept-language' => 'zh-CN,zh;q=0.8',
  'cookie' => 'xmus=68ebf2fc7160711eec4f5e4bc240bdd05c729a536e0e330a8b4d14f8a1a8ff9a; thinkphp_show_page_trace=0|0',
)
[ info ] [ PARAM ] array (
)
[ info ] [ LOG ] INIT File
---------------------------------------------------------------
[ 2018-01-21T23:52:43+08:00 ] 0.0.0.0 GET /common
[ info ] thinkphp5sso/common [运行时间：0.008345s][吞吐率：119.83req/s] [内存消耗：684.59kb] [文件加载：21]
[ info ] [ LANG ] D:\Web\thinkphp5SSO\thinkphp\lang\zh-cn.php
[ info ] [ LOG ] INIT File
---------------------------------------------------------------
[ 2018-01-21T23:53:09+08:00 ] 0.0.0.0 GET /common
[ info ] thinkphp5sso/common [运行时间：0.011212s][吞吐率：89.19req/s] [内存消耗：684.59kb] [文件加载：21]
[ info ] [ LANG ] D:\Web\thinkphp5SSO\thinkphp\lang\zh-cn.php
[ info ] [ LOG ] INIT File
---------------------------------------------------------------
[ 2018-01-21T23:53:23+08:00 ] 0.0.0.0 GET /common
[ info ] thinkphp5sso/common [运行时间：0.008927s][吞吐率：112.02req/s] [内存消耗：684.80kb] [文件加载：21]
[ info ] [ LANG ] D:\Web\thinkphp5SSO\thinkphp\lang\zh-cn.php
[ info ] [ LOG ] INIT File
---------------------------------------------------------------
[ 2018-01-21T23:54:05+08:00 ] 0.0.0.0 GET /common
[ info ] thinkphp5sso/common [运行时间：0.009090s][吞吐率：110.01req/s] [内存消耗：684.59kb] [文件加载：21]
[ info ] [ LANG ] D:\Web\thinkphp5SSO\thinkphp\lang\zh-cn.php
[ info ] [ LOG ] INIT File
---------------------------------------------------------------
[ 2018-01-21T23:54:13+08:00 ] 0.0.0.0 GET /common
[ info ] thinkphp5sso/common [运行时间：0.042323s][吞吐率：23.63req/s] [内存消耗：930.02kb] [文件加载：31]
[ info ] [ LANG ] D:\Web\thinkphp5SSO\thinkphp\lang\zh-cn.php
[ info ] [ LOG ] INIT File
[ error ] [8]未定义变量: file[D:\Web\thinkphp5SSO\thinkphp\library\think\App.php:621]
---------------------------------------------------------------
[ 2018-01-21T23:54:21+08:00 ] 0.0.0.0 GET /common
[ info ] thinkphp5sso/common [运行时间：0.011672s][吞吐率：85.67req/s] [内存消耗：684.78kb] [文件加载：21]
[ info ] [ LANG ] D:\Web\thinkphp5SSO\thinkphp\lang\zh-cn.php
[ info ] [ LOG ] INIT File
---------------------------------------------------------------
[ 2018-01-21T23:58:15+08:00 ] 0.0.0.0 GET /index/index/test
[ info ] thinkphp5sso/index/index/test [运行时间：0.069558s][吞吐率：14.38req/s] [内存消耗：1,543.88kb] [文件加载：40]
[ info ] [ LANG ] D:\Web\thinkphp5SSO\thinkphp\lang\zh-cn.php
[ info ] [ ROUTE ] array (
  'type' => 'module',
  'module' => 
  array (
    0 => 'index',
    1 => 'index',
    2 => 'test',
  ),
)
[ info ] [ HEADER ] array (
  'host' => 'thinkphp5sso',
  'connection' => 'keep-alive',
  'user-agent' => 'Mozilla/5.0 (Windows NT 10.0; Win64; x64) AppleWebKit/537.36 (KHTML, like Gecko) Chrome/61.0.3163.100 Safari/537.36',
  'upgrade-insecure-requests' => '1',
  'accept' => 'text/html,application/xhtml+xml,application/xml;q=0.9,image/webp,image/apng,*/*;q=0.8',
  'accept-encoding' => 'gzip, deflate',
  'accept-language' => 'zh-CN,zh;q=0.8',
  'cookie' => 'thinkphp_show_page_trace=0|0; xmus=68ebf2fc7160711eec4f5e4bc240bdd05c729a536e0e330a8b4d14f8a1a8ff9a; thinkphp_show_page_trace=0|0',
)
[ info ] [ PARAM ] array (
)
[ info ] [ RUN ] app\index\controller\Common->test[ D:\Web\thinkphp5SSO\app\index\controller\Common.php ]
[ info ] [ CACHE ] INIT redis
[ info ] [ LOG ] INIT File
