---------------------------------------------------------------
[ 2018-01-26T14:01:59+08:00 ] 192.168.0.74 GET /socketdemo
[ info ] 192.168.0.74:9003/socketdemo [运行时间：0.066443s][吞吐率：15.05req/s] [内存消耗：2,274.06kb] [文件加载：49]
[ info ] [ LANG ] D:\github\SSO\thinkphp5SSO\thinkphp\lang\zh-cn.php
[ info ] [ ROUTE ] array (
  'type' => 'module',
  'module' => 
  array (
    0 => 'auth',
    1 => 'Authenticate',
    2 => 'socketdemo',
  ),
  'convert' => false,
)
[ info ] [ HEADER ] array (
  'accept' => 'text/html, application/xhtml+xml, image/jxr, */*',
  'accept-language' => 'zh-CN',
  'user-agent' => 'Mozilla/5.0 (Windows NT 10.0; WOW64; Trident/7.0; Touch; rv:11.0) like Gecko',
  'accept-encoding' => 'gzip, deflate',
  'host' => '192.168.0.74:9003',
  'connection' => 'Keep-Alive',
)
[ info ] [ PARAM ] array (
)
[ info ] [ RUN ] app\auth\controller\Authenticate->socketdemo[ D:\github\SSO\thinkphp5SSO\app\auth\controller\Authenticate.php ]
[ info ] [ VIEW ] D:\github\SSO\thinkphp5SSO\public/../app/auth\view\authenticate\socketdemo.html [ array (
) ]
[ info ] [ LOG ] INIT File
---------------------------------------------------------------
[ 2018-01-26T14:02:35+08:00 ] 192.168.0.74 GET /socketdemo
[ info ] 192.168.0.74:9003/socketdemo [运行时间：0.042318s][吞吐率：23.63req/s] [内存消耗：2,274.22kb] [文件加载：49]
[ info ] [ LANG ] D:\github\SSO\thinkphp5SSO\thinkphp\lang\zh-cn.php
[ info ] [ ROUTE ] array (
  'type' => 'module',
  'module' => 
  array (
    0 => 'auth',
    1 => 'Authenticate',
    2 => 'socketdemo',
  ),
  'convert' => false,
)
[ info ] [ HEADER ] array (
  'accept' => 'text/html, application/xhtml+xml, image/jxr, */*',
  'accept-language' => 'zh-CN',
  'user-agent' => 'Mozilla/5.0 (Windows NT 10.0; WOW64; Trident/7.0; Touch; rv:11.0) like Gecko',
  'accept-encoding' => 'gzip, deflate',
  'host' => '192.168.0.74:9003',
  'connection' => 'Keep-Alive',
  'cookie' => 'thinkphp_show_page_trace=0|0',
)
[ info ] [ PARAM ] array (
)
[ info ] [ RUN ] app\auth\controller\Authenticate->socketdemo[ D:\github\SSO\thinkphp5SSO\app\auth\controller\Authenticate.php ]
[ info ] [ VIEW ] D:\github\SSO\thinkphp5SSO\public/../app/auth\view\authenticate\socketdemo.html [ array (
) ]
[ info ] [ LOG ] INIT File
---------------------------------------------------------------
[ 2018-01-26T14:07:27+08:00 ] 192.168.0.74 GET /socketdemo
[ info ] 192.168.0.74:9003/socketdemo [运行时间：0.057470s][吞吐率：17.40req/s] [内存消耗：2,448.80kb] [文件加载：51]
[ info ] [ LANG ] D:\github\SSO\thinkphp5SSO\thinkphp\lang\zh-cn.php
[ info ] [ ROUTE ] array (
  'type' => 'module',
  'module' => 
  array (
    0 => 'auth',
    1 => 'Authenticate',
    2 => 'socketdemo',
  ),
  'convert' => false,
)
[ info ] [ HEADER ] array (
  'accept' => 'text/html, application/xhtml+xml, image/jxr, */*',
  'accept-language' => 'zh-CN',
  'user-agent' => 'Mozilla/5.0 (Windows NT 10.0; WOW64; Trident/7.0; Touch; rv:11.0) like Gecko',
  'accept-encoding' => 'gzip, deflate',
  'host' => '192.168.0.74:9003',
  'connection' => 'Keep-Alive',
  'cookie' => 'thinkphp_show_page_trace=0|0',
)
[ info ] [ PARAM ] array (
)
[ info ] [ RUN ] app\auth\controller\Authenticate->socketdemo[ D:\github\SSO\thinkphp5SSO\app\auth\controller\Authenticate.php ]
[ info ] [ VIEW ] D:\github\SSO\thinkphp5SSO\public/../app/auth\view\authenticate\socketdemo.html [ array (
) ]
[ info ] [ LOG ] INIT File
---------------------------------------------------------------
[ 2018-01-26T14:07:34+08:00 ] 192.168.0.74 GET /socketdemo
[ info ] 192.168.0.74:9003/socketdemo [运行时间：0.033386s][吞吐率：29.95req/s] [内存消耗：2,274.96kb] [文件加载：49]
[ info ] [ LANG ] D:\github\SSO\thinkphp5SSO\thinkphp\lang\zh-cn.php
[ info ] [ ROUTE ] array (
  'type' => 'module',
  'module' => 
  array (
    0 => 'auth',
    1 => 'Authenticate',
    2 => 'socketdemo',
  ),
  'convert' => false,
)
[ info ] [ HEADER ] array (
  'host' => '192.168.0.74:9003',
  'connection' => 'keep-alive',
  'upgrade-insecure-requests' => '1',
  'user-agent' => 'Mozilla/5.0 (Windows NT 10.0; WOW64) AppleWebKit/537.36 (KHTML, like Gecko) Chrome/55.0.2883.87 Safari/537.36',
  'accept' => 'text/html,application/xhtml+xml,application/xml;q=0.9,image/webp,*/*;q=0.8',
  'accept-encoding' => 'gzip, deflate, sdch',
  'accept-language' => 'zh-CN,zh;q=0.8',
  'cookie' => 'thinkphp_show_page_trace=0|0',
)
[ info ] [ PARAM ] array (
)
[ info ] [ RUN ] app\auth\controller\Authenticate->socketdemo[ D:\github\SSO\thinkphp5SSO\app\auth\controller\Authenticate.php ]
[ info ] [ VIEW ] D:\github\SSO\thinkphp5SSO\public/../app/auth\view\authenticate\socketdemo.html [ array (
) ]
[ info ] [ LOG ] INIT File
---------------------------------------------------------------
[ 2018-01-26T14:08:12+08:00 ] 192.168.0.74 GET /socketdemo
[ info ] 192.168.0.74:9003/socketdemo [运行时间：0.056008s][吞吐率：17.85req/s] [内存消耗：2,275.48kb] [文件加载：49]
[ info ] [ LANG ] D:\github\SSO\thinkphp5SSO\thinkphp\lang\zh-cn.php
[ info ] [ ROUTE ] array (
  'type' => 'module',
  'module' => 
  array (
    0 => 'auth',
    1 => 'Authenticate',
    2 => 'socketdemo',
  ),
  'convert' => false,
)
[ info ] [ HEADER ] array (
  'host' => '192.168.0.74:9003',
  'connection' => 'keep-alive',
  'cache-control' => 'max-age=0',
  'upgrade-insecure-requests' => '1',
  'user-agent' => 'Mozilla/5.0 (Windows NT 10.0; WOW64) AppleWebKit/537.36 (KHTML, like Gecko) Chrome/55.0.2883.87 Safari/537.36',
  'accept' => 'text/html,application/xhtml+xml,application/xml;q=0.9,image/webp,*/*;q=0.8',
  'accept-encoding' => 'gzip, deflate, sdch',
  'accept-language' => 'zh-CN,zh;q=0.8',
  'cookie' => 'thinkphp_show_page_trace=0|0',
)
[ info ] [ PARAM ] array (
)
[ info ] [ RUN ] app\auth\controller\Authenticate->socketdemo[ D:\github\SSO\thinkphp5SSO\app\auth\controller\Authenticate.php ]
[ info ] [ VIEW ] D:\github\SSO\thinkphp5SSO\public/../app/auth\view\authenticate\socketdemo.html [ array (
) ]
[ info ] [ LOG ] INIT File
---------------------------------------------------------------
[ 2018-01-26T14:08:17+08:00 ] 192.168.0.74 GET /socketdemo
[ info ] 192.168.0.74:9003/socketdemo [运行时间：0.053890s][吞吐率：18.56req/s] [内存消耗：2,275.48kb] [文件加载：49]
[ info ] [ LANG ] D:\github\SSO\thinkphp5SSO\thinkphp\lang\zh-cn.php
[ info ] [ ROUTE ] array (
  'type' => 'module',
  'module' => 
  array (
    0 => 'auth',
    1 => 'Authenticate',
    2 => 'socketdemo',
  ),
  'convert' => false,
)
[ info ] [ HEADER ] array (
  'host' => '192.168.0.74:9003',
  'connection' => 'keep-alive',
  'cache-control' => 'max-age=0',
  'upgrade-insecure-requests' => '1',
  'user-agent' => 'Mozilla/5.0 (Windows NT 10.0; WOW64) AppleWebKit/537.36 (KHTML, like Gecko) Chrome/55.0.2883.87 Safari/537.36',
  'accept' => 'text/html,application/xhtml+xml,application/xml;q=0.9,image/webp,*/*;q=0.8',
  'accept-encoding' => 'gzip, deflate, sdch',
  'accept-language' => 'zh-CN,zh;q=0.8',
  'cookie' => 'thinkphp_show_page_trace=0|0',
)
[ info ] [ PARAM ] array (
)
[ info ] [ RUN ] app\auth\controller\Authenticate->socketdemo[ D:\github\SSO\thinkphp5SSO\app\auth\controller\Authenticate.php ]
[ info ] [ VIEW ] D:\github\SSO\thinkphp5SSO\public/../app/auth\view\authenticate\socketdemo.html [ array (
) ]
[ info ] [ LOG ] INIT File
---------------------------------------------------------------
[ 2018-01-26T14:08:28+08:00 ] 192.168.0.74 GET /socketdemo
[ info ] 192.168.0.74:9003/socketdemo [运行时间：0.066778s][吞吐率：14.98req/s] [内存消耗：2,275.48kb] [文件加载：49]
[ info ] [ LANG ] D:\github\SSO\thinkphp5SSO\thinkphp\lang\zh-cn.php
[ info ] [ ROUTE ] array (
  'type' => 'module',
  'module' => 
  array (
    0 => 'auth',
    1 => 'Authenticate',
    2 => 'socketdemo',
  ),
  'convert' => false,
)
[ info ] [ HEADER ] array (
  'host' => '192.168.0.74:9003',
  'connection' => 'keep-alive',
  'cache-control' => 'max-age=0',
  'upgrade-insecure-requests' => '1',
  'user-agent' => 'Mozilla/5.0 (Windows NT 10.0; WOW64) AppleWebKit/537.36 (KHTML, like Gecko) Chrome/55.0.2883.87 Safari/537.36',
  'accept' => 'text/html,application/xhtml+xml,application/xml;q=0.9,image/webp,*/*;q=0.8',
  'accept-encoding' => 'gzip, deflate, sdch',
  'accept-language' => 'zh-CN,zh;q=0.8',
  'cookie' => 'thinkphp_show_page_trace=0|0',
)
[ info ] [ PARAM ] array (
)
[ info ] [ RUN ] app\auth\controller\Authenticate->socketdemo[ D:\github\SSO\thinkphp5SSO\app\auth\controller\Authenticate.php ]
[ info ] [ VIEW ] D:\github\SSO\thinkphp5SSO\public/../app/auth\view\authenticate\socketdemo.html [ array (
) ]
[ info ] [ LOG ] INIT File
---------------------------------------------------------------
[ 2018-01-26T14:08:33+08:00 ] 192.168.0.74 GET /socketdemo
[ info ] 192.168.0.74:9003/socketdemo [运行时间：0.047638s][吞吐率：20.99req/s] [内存消耗：2,275.48kb] [文件加载：49]
[ info ] [ LANG ] D:\github\SSO\thinkphp5SSO\thinkphp\lang\zh-cn.php
[ info ] [ ROUTE ] array (
  'type' => 'module',
  'module' => 
  array (
    0 => 'auth',
    1 => 'Authenticate',
    2 => 'socketdemo',
  ),
  'convert' => false,
)
[ info ] [ HEADER ] array (
  'host' => '192.168.0.74:9003',
  'connection' => 'keep-alive',
  'cache-control' => 'max-age=0',
  'upgrade-insecure-requests' => '1',
  'user-agent' => 'Mozilla/5.0 (Windows NT 10.0; WOW64) AppleWebKit/537.36 (KHTML, like Gecko) Chrome/55.0.2883.87 Safari/537.36',
  'accept' => 'text/html,application/xhtml+xml,application/xml;q=0.9,image/webp,*/*;q=0.8',
  'accept-encoding' => 'gzip, deflate, sdch',
  'accept-language' => 'zh-CN,zh;q=0.8',
  'cookie' => 'thinkphp_show_page_trace=0|0',
)
[ info ] [ PARAM ] array (
)
[ info ] [ RUN ] app\auth\controller\Authenticate->socketdemo[ D:\github\SSO\thinkphp5SSO\app\auth\controller\Authenticate.php ]
[ info ] [ VIEW ] D:\github\SSO\thinkphp5SSO\public/../app/auth\view\authenticate\socketdemo.html [ array (
) ]
[ info ] [ LOG ] INIT File
---------------------------------------------------------------
[ 2018-01-26T14:08:34+08:00 ] 192.168.0.74 GET /socketdemo
[ info ] 192.168.0.74:9003/socketdemo [运行时间：0.048803s][吞吐率：20.49req/s] [内存消耗：2,275.48kb] [文件加载：49]
[ info ] [ LANG ] D:\github\SSO\thinkphp5SSO\thinkphp\lang\zh-cn.php
[ info ] [ ROUTE ] array (
  'type' => 'module',
  'module' => 
  array (
    0 => 'auth',
    1 => 'Authenticate',
    2 => 'socketdemo',
  ),
  'convert' => false,
)
[ info ] [ HEADER ] array (
  'host' => '192.168.0.74:9003',
  'connection' => 'keep-alive',
  'cache-control' => 'max-age=0',
  'upgrade-insecure-requests' => '1',
  'user-agent' => 'Mozilla/5.0 (Windows NT 10.0; WOW64) AppleWebKit/537.36 (KHTML, like Gecko) Chrome/55.0.2883.87 Safari/537.36',
  'accept' => 'text/html,application/xhtml+xml,application/xml;q=0.9,image/webp,*/*;q=0.8',
  'accept-encoding' => 'gzip, deflate, sdch',
  'accept-language' => 'zh-CN,zh;q=0.8',
  'cookie' => 'thinkphp_show_page_trace=0|0',
)
[ info ] [ PARAM ] array (
)
[ info ] [ RUN ] app\auth\controller\Authenticate->socketdemo[ D:\github\SSO\thinkphp5SSO\app\auth\controller\Authenticate.php ]
[ info ] [ VIEW ] D:\github\SSO\thinkphp5SSO\public/../app/auth\view\authenticate\socketdemo.html [ array (
) ]
[ info ] [ LOG ] INIT File
---------------------------------------------------------------
[ 2018-01-26T14:08:35+08:00 ] 192.168.0.74 GET /socketdemo
[ info ] 192.168.0.74:9003/socketdemo [运行时间：0.047503s][吞吐率：21.05req/s] [内存消耗：2,275.48kb] [文件加载：49]
[ info ] [ LANG ] D:\github\SSO\thinkphp5SSO\thinkphp\lang\zh-cn.php
[ info ] [ ROUTE ] array (
  'type' => 'module',
  'module' => 
  array (
    0 => 'auth',
    1 => 'Authenticate',
    2 => 'socketdemo',
  ),
  'convert' => false,
)
[ info ] [ HEADER ] array (
  'host' => '192.168.0.74:9003',
  'connection' => 'keep-alive',
  'cache-control' => 'max-age=0',
  'upgrade-insecure-requests' => '1',
  'user-agent' => 'Mozilla/5.0 (Windows NT 10.0; WOW64) AppleWebKit/537.36 (KHTML, like Gecko) Chrome/55.0.2883.87 Safari/537.36',
  'accept' => 'text/html,application/xhtml+xml,application/xml;q=0.9,image/webp,*/*;q=0.8',
  'accept-encoding' => 'gzip, deflate, sdch',
  'accept-language' => 'zh-CN,zh;q=0.8',
  'cookie' => 'thinkphp_show_page_trace=0|0',
)
[ info ] [ PARAM ] array (
)
[ info ] [ RUN ] app\auth\controller\Authenticate->socketdemo[ D:\github\SSO\thinkphp5SSO\app\auth\controller\Authenticate.php ]
[ info ] [ VIEW ] D:\github\SSO\thinkphp5SSO\public/../app/auth\view\authenticate\socketdemo.html [ array (
) ]
[ info ] [ LOG ] INIT File
---------------------------------------------------------------
[ 2018-01-26T14:11:58+08:00 ] 192.168.0.74 GET /socketdemo
[ info ] 192.168.0.74:9003/socketdemo [运行时间：0.050321s][吞吐率：19.87req/s] [内存消耗：2,275.48kb] [文件加载：49]
[ info ] [ LANG ] D:\github\SSO\thinkphp5SSO\thinkphp\lang\zh-cn.php
[ info ] [ ROUTE ] array (
  'type' => 'module',
  'module' => 
  array (
    0 => 'auth',
    1 => 'Authenticate',
    2 => 'socketdemo',
  ),
  'convert' => false,
)
[ info ] [ HEADER ] array (
  'host' => '192.168.0.74:9003',
  'connection' => 'keep-alive',
  'cache-control' => 'max-age=0',
  'upgrade-insecure-requests' => '1',
  'user-agent' => 'Mozilla/5.0 (Windows NT 10.0; WOW64) AppleWebKit/537.36 (KHTML, like Gecko) Chrome/55.0.2883.87 Safari/537.36',
  'accept' => 'text/html,application/xhtml+xml,application/xml;q=0.9,image/webp,*/*;q=0.8',
  'accept-encoding' => 'gzip, deflate, sdch',
  'accept-language' => 'zh-CN,zh;q=0.8',
  'cookie' => 'thinkphp_show_page_trace=0|0',
)
[ info ] [ PARAM ] array (
)
[ info ] [ RUN ] app\auth\controller\Authenticate->socketdemo[ D:\github\SSO\thinkphp5SSO\app\auth\controller\Authenticate.php ]
[ info ] [ VIEW ] D:\github\SSO\thinkphp5SSO\public/../app/auth\view\authenticate\socketdemo.html [ array (
) ]
[ info ] [ LOG ] INIT File
---------------------------------------------------------------
[ 2018-01-26T14:12:10+08:00 ] 192.168.0.74 GET /socketdemo
[ info ] 192.168.0.74:9003/socketdemo [运行时间：0.050945s][吞吐率：19.63req/s] [内存消耗：2,275.48kb] [文件加载：49]
[ info ] [ LANG ] D:\github\SSO\thinkphp5SSO\thinkphp\lang\zh-cn.php
[ info ] [ ROUTE ] array (
  'type' => 'module',
  'module' => 
  array (
    0 => 'auth',
    1 => 'Authenticate',
    2 => 'socketdemo',
  ),
  'convert' => false,
)
[ info ] [ HEADER ] array (
  'host' => '192.168.0.74:9003',
  'connection' => 'keep-alive',
  'cache-control' => 'max-age=0',
  'upgrade-insecure-requests' => '1',
  'user-agent' => 'Mozilla/5.0 (Windows NT 10.0; WOW64) AppleWebKit/537.36 (KHTML, like Gecko) Chrome/55.0.2883.87 Safari/537.36',
  'accept' => 'text/html,application/xhtml+xml,application/xml;q=0.9,image/webp,*/*;q=0.8',
  'accept-encoding' => 'gzip, deflate, sdch',
  'accept-language' => 'zh-CN,zh;q=0.8',
  'cookie' => 'thinkphp_show_page_trace=0|0',
)
[ info ] [ PARAM ] array (
)
[ info ] [ RUN ] app\auth\controller\Authenticate->socketdemo[ D:\github\SSO\thinkphp5SSO\app\auth\controller\Authenticate.php ]
[ info ] [ VIEW ] D:\github\SSO\thinkphp5SSO\public/../app/auth\view\authenticate\socketdemo.html [ array (
) ]
[ info ] [ LOG ] INIT File
---------------------------------------------------------------
[ 2018-01-26T14:17:29+08:00 ] 192.168.0.74 GET /socketdemo
[ info ] 192.168.0.74:9003/socketdemo [运行时间：0.046687s][吞吐率：21.42req/s] [内存消耗：2,275.48kb] [文件加载：49]
[ info ] [ LANG ] D:\github\SSO\thinkphp5SSO\thinkphp\lang\zh-cn.php
[ info ] [ ROUTE ] array (
  'type' => 'module',
  'module' => 
  array (
    0 => 'auth',
    1 => 'Authenticate',
    2 => 'socketdemo',
  ),
  'convert' => false,
)
[ info ] [ HEADER ] array (
  'host' => '192.168.0.74:9003',
  'connection' => 'keep-alive',
  'cache-control' => 'max-age=0',
  'upgrade-insecure-requests' => '1',
  'user-agent' => 'Mozilla/5.0 (Windows NT 10.0; WOW64) AppleWebKit/537.36 (KHTML, like Gecko) Chrome/55.0.2883.87 Safari/537.36',
  'accept' => 'text/html,application/xhtml+xml,application/xml;q=0.9,image/webp,*/*;q=0.8',
  'accept-encoding' => 'gzip, deflate, sdch',
  'accept-language' => 'zh-CN,zh;q=0.8',
  'cookie' => 'thinkphp_show_page_trace=0|0',
)
[ info ] [ PARAM ] array (
)
[ info ] [ RUN ] app\auth\controller\Authenticate->socketdemo[ D:\github\SSO\thinkphp5SSO\app\auth\controller\Authenticate.php ]
[ info ] [ VIEW ] D:\github\SSO\thinkphp5SSO\public/../app/auth\view\authenticate\socketdemo.html [ array (
) ]
[ info ] [ LOG ] INIT File
---------------------------------------------------------------
[ 2018-01-26T14:18:28+08:00 ] 192.168.0.74 GET /socketdemo
[ info ] 192.168.0.74:9003/socketdemo [运行时间：0.048083s][吞吐率：20.80req/s] [内存消耗：2,275.48kb] [文件加载：49]
[ info ] [ LANG ] D:\github\SSO\thinkphp5SSO\thinkphp\lang\zh-cn.php
[ info ] [ ROUTE ] array (
  'type' => 'module',
  'module' => 
  array (
    0 => 'auth',
    1 => 'Authenticate',
    2 => 'socketdemo',
  ),
  'convert' => false,
)
[ info ] [ HEADER ] array (
  'host' => '192.168.0.74:9003',
  'connection' => 'keep-alive',
  'cache-control' => 'max-age=0',
  'upgrade-insecure-requests' => '1',
  'user-agent' => 'Mozilla/5.0 (Windows NT 10.0; WOW64) AppleWebKit/537.36 (KHTML, like Gecko) Chrome/55.0.2883.87 Safari/537.36',
  'accept' => 'text/html,application/xhtml+xml,application/xml;q=0.9,image/webp,*/*;q=0.8',
  'accept-encoding' => 'gzip, deflate, sdch',
  'accept-language' => 'zh-CN,zh;q=0.8',
  'cookie' => 'thinkphp_show_page_trace=0|0',
)
[ info ] [ PARAM ] array (
)
[ info ] [ RUN ] app\auth\controller\Authenticate->socketdemo[ D:\github\SSO\thinkphp5SSO\app\auth\controller\Authenticate.php ]
[ info ] [ VIEW ] D:\github\SSO\thinkphp5SSO\public/../app/auth\view\authenticate\socketdemo.html [ array (
) ]
[ info ] [ LOG ] INIT File
---------------------------------------------------------------
[ 2018-01-26T14:19:52+08:00 ] 192.168.0.74 GET /socketdemo
[ info ] 192.168.0.74:9003/socketdemo [运行时间：0.046196s][吞吐率：21.65req/s] [内存消耗：2,274.96kb] [文件加载：49]
[ info ] [ LANG ] D:\github\SSO\thinkphp5SSO\thinkphp\lang\zh-cn.php
[ info ] [ ROUTE ] array (
  'type' => 'module',
  'module' => 
  array (
    0 => 'auth',
    1 => 'Authenticate',
    2 => 'socketdemo',
  ),
  'convert' => false,
)
[ info ] [ HEADER ] array (
  'host' => '192.168.0.74:9003',
  'connection' => 'keep-alive',
  'upgrade-insecure-requests' => '1',
  'user-agent' => 'Mozilla/5.0 (Windows NT 10.0; WOW64) AppleWebKit/537.36 (KHTML, like Gecko) Chrome/55.0.2883.87 Safari/537.36',
  'accept' => 'text/html,application/xhtml+xml,application/xml;q=0.9,image/webp,*/*;q=0.8',
  'accept-encoding' => 'gzip, deflate, sdch',
  'accept-language' => 'zh-CN,zh;q=0.8',
  'cookie' => 'thinkphp_show_page_trace=0|0',
)
[ info ] [ PARAM ] array (
)
[ info ] [ RUN ] app\auth\controller\Authenticate->socketdemo[ D:\github\SSO\thinkphp5SSO\app\auth\controller\Authenticate.php ]
[ info ] [ VIEW ] D:\github\SSO\thinkphp5SSO\public/../app/auth\view\authenticate\socketdemo.html [ array (
) ]
[ info ] [ LOG ] INIT File
---------------------------------------------------------------
[ 2018-01-26T14:20:15+08:00 ] 192.168.0.74 GET /socketdemo
[ info ] 192.168.0.74:9003/socketdemo [运行时间：0.046555s][吞吐率：21.48req/s] [内存消耗：2,274.95kb] [文件加载：49]
[ info ] [ LANG ] D:\github\SSO\thinkphp5SSO\thinkphp\lang\zh-cn.php
[ info ] [ ROUTE ] array (
  'type' => 'module',
  'module' => 
  array (
    0 => 'auth',
    1 => 'Authenticate',
    2 => 'socketdemo',
  ),
  'convert' => false,
)
[ info ] [ HEADER ] array (
  'host' => '192.168.0.74:9003',
  'connection' => 'keep-alive',
  'user-agent' => 'Mozilla/5.0 (Windows NT 10.0; WOW64) AppleWebKit/537.36 (KHTML, like Gecko) Chrome/63.0.3239.132 Safari/537.36',
  'upgrade-insecure-requests' => '1',
  'accept' => 'text/html,application/xhtml+xml,application/xml;q=0.9,image/webp,image/apng,*/*;q=0.8',
  'accept-encoding' => 'gzip, deflate',
  'accept-language' => 'zh-CN,zh;q=0.9',
  'cookie' => 'thinkphp_show_page_trace=0|0',
)
[ info ] [ PARAM ] array (
)
[ info ] [ RUN ] app\auth\controller\Authenticate->socketdemo[ D:\github\SSO\thinkphp5SSO\app\auth\controller\Authenticate.php ]
[ info ] [ VIEW ] D:\github\SSO\thinkphp5SSO\public/../app/auth\view\authenticate\socketdemo.html [ array (
) ]
[ info ] [ LOG ] INIT File
---------------------------------------------------------------
[ 2018-01-26T14:20:39+08:00 ] 192.168.0.74 GET /socketdemo
[ info ] 192.168.0.74:9003/socketdemo [运行时间：0.045659s][吞吐率：21.90req/s] [内存消耗：2,275.48kb] [文件加载：49]
[ info ] [ LANG ] D:\github\SSO\thinkphp5SSO\thinkphp\lang\zh-cn.php
[ info ] [ ROUTE ] array (
  'type' => 'module',
  'module' => 
  array (
    0 => 'auth',
    1 => 'Authenticate',
    2 => 'socketdemo',
  ),
  'convert' => false,
)
[ info ] [ HEADER ] array (
  'host' => '192.168.0.74:9003',
  'connection' => 'keep-alive',
  'cache-control' => 'max-age=0',
  'upgrade-insecure-requests' => '1',
  'user-agent' => 'Mozilla/5.0 (Windows NT 10.0; WOW64) AppleWebKit/537.36 (KHTML, like Gecko) Chrome/55.0.2883.87 Safari/537.36',
  'accept' => 'text/html,application/xhtml+xml,application/xml;q=0.9,image/webp,*/*;q=0.8',
  'accept-encoding' => 'gzip, deflate, sdch',
  'accept-language' => 'zh-CN,zh;q=0.8',
  'cookie' => 'thinkphp_show_page_trace=0|0',
)
[ info ] [ PARAM ] array (
)
[ info ] [ RUN ] app\auth\controller\Authenticate->socketdemo[ D:\github\SSO\thinkphp5SSO\app\auth\controller\Authenticate.php ]
[ info ] [ VIEW ] D:\github\SSO\thinkphp5SSO\public/../app/auth\view\authenticate\socketdemo.html [ array (
) ]
[ info ] [ LOG ] INIT File
---------------------------------------------------------------
[ 2018-01-26T14:20:46+08:00 ] 192.168.0.74 GET /socketdemo
[ info ] 192.168.0.74:9003/socketdemo [运行时间：0.038035s][吞吐率：26.29req/s] [内存消耗：2,275.47kb] [文件加载：49]
[ info ] [ LANG ] D:\github\SSO\thinkphp5SSO\thinkphp\lang\zh-cn.php
[ info ] [ ROUTE ] array (
  'type' => 'module',
  'module' => 
  array (
    0 => 'auth',
    1 => 'Authenticate',
    2 => 'socketdemo',
  ),
  'convert' => false,
)
[ info ] [ HEADER ] array (
  'host' => '192.168.0.74:9003',
  'connection' => 'keep-alive',
  'cache-control' => 'max-age=0',
  'upgrade-insecure-requests' => '1',
  'user-agent' => 'Mozilla/5.0 (Windows NT 10.0; WOW64) AppleWebKit/537.36 (KHTML, like Gecko) Chrome/63.0.3239.132 Safari/537.36',
  'accept' => 'text/html,application/xhtml+xml,application/xml;q=0.9,image/webp,image/apng,*/*;q=0.8',
  'accept-encoding' => 'gzip, deflate',
  'accept-language' => 'zh-CN,zh;q=0.9',
  'cookie' => 'thinkphp_show_page_trace=0|0',
)
[ info ] [ PARAM ] array (
)
[ info ] [ RUN ] app\auth\controller\Authenticate->socketdemo[ D:\github\SSO\thinkphp5SSO\app\auth\controller\Authenticate.php ]
[ info ] [ VIEW ] D:\github\SSO\thinkphp5SSO\public/../app/auth\view\authenticate\socketdemo.html [ array (
) ]
[ info ] [ LOG ] INIT File
---------------------------------------------------------------
[ 2018-01-26T14:22:22+08:00 ] 192.168.0.74 GET /socketdemo
[ info ] 192.168.0.74:9003/socketdemo [运行时间：0.047645s][吞吐率：20.99req/s] [内存消耗：2,275.47kb] [文件加载：49]
[ info ] [ LANG ] D:\github\SSO\thinkphp5SSO\thinkphp\lang\zh-cn.php
[ info ] [ ROUTE ] array (
  'type' => 'module',
  'module' => 
  array (
    0 => 'auth',
    1 => 'Authenticate',
    2 => 'socketdemo',
  ),
  'convert' => false,
)
[ info ] [ HEADER ] array (
  'host' => '192.168.0.74:9003',
  'connection' => 'keep-alive',
  'cache-control' => 'max-age=0',
  'upgrade-insecure-requests' => '1',
  'user-agent' => 'Mozilla/5.0 (Windows NT 10.0; WOW64) AppleWebKit/537.36 (KHTML, like Gecko) Chrome/63.0.3239.132 Safari/537.36',
  'accept' => 'text/html,application/xhtml+xml,application/xml;q=0.9,image/webp,image/apng,*/*;q=0.8',
  'accept-encoding' => 'gzip, deflate',
  'accept-language' => 'zh-CN,zh;q=0.9',
  'cookie' => 'thinkphp_show_page_trace=0|0',
)
[ info ] [ PARAM ] array (
)
[ info ] [ RUN ] app\auth\controller\Authenticate->socketdemo[ D:\github\SSO\thinkphp5SSO\app\auth\controller\Authenticate.php ]
[ info ] [ VIEW ] D:\github\SSO\thinkphp5SSO\public/../app/auth\view\authenticate\socketdemo.html [ array (
) ]
[ info ] [ LOG ] INIT File
---------------------------------------------------------------
[ 2018-01-26T14:22:32+08:00 ] 192.168.0.74 GET /socketdemo
[ info ] 192.168.0.74:9003/socketdemo [运行时间：0.056503s][吞吐率：17.70req/s] [内存消耗：2,275.47kb] [文件加载：49]
[ info ] [ LANG ] D:\github\SSO\thinkphp5SSO\thinkphp\lang\zh-cn.php
[ info ] [ ROUTE ] array (
  'type' => 'module',
  'module' => 
  array (
    0 => 'auth',
    1 => 'Authenticate',
    2 => 'socketdemo',
  ),
  'convert' => false,
)
[ info ] [ HEADER ] array (
  'host' => '192.168.0.74:9003',
  'connection' => 'keep-alive',
  'cache-control' => 'max-age=0',
  'upgrade-insecure-requests' => '1',
  'user-agent' => 'Mozilla/5.0 (Windows NT 10.0; WOW64) AppleWebKit/537.36 (KHTML, like Gecko) Chrome/63.0.3239.132 Safari/537.36',
  'accept' => 'text/html,application/xhtml+xml,application/xml;q=0.9,image/webp,image/apng,*/*;q=0.8',
  'accept-encoding' => 'gzip, deflate',
  'accept-language' => 'zh-CN,zh;q=0.9',
  'cookie' => 'thinkphp_show_page_trace=0|0',
)
[ info ] [ PARAM ] array (
)
[ info ] [ RUN ] app\auth\controller\Authenticate->socketdemo[ D:\github\SSO\thinkphp5SSO\app\auth\controller\Authenticate.php ]
[ info ] [ VIEW ] D:\github\SSO\thinkphp5SSO\public/../app/auth\view\authenticate\socketdemo.html [ array (
) ]
[ info ] [ LOG ] INIT File
---------------------------------------------------------------
[ 2018-01-26T14:58:02+08:00 ] 192.168.0.74 GET /socketdemo
[ info ] 192.168.0.74:9003/socketdemo [运行时间：0.054337s][吞吐率：18.40req/s] [内存消耗：2,275.47kb] [文件加载：49]
[ info ] [ LANG ] D:\github\SSO\thinkphp5SSO\thinkphp\lang\zh-cn.php
[ info ] [ ROUTE ] array (
  'type' => 'module',
  'module' => 
  array (
    0 => 'auth',
    1 => 'Authenticate',
    2 => 'socketdemo',
  ),
  'convert' => false,
)
[ info ] [ HEADER ] array (
  'host' => '192.168.0.74:9003',
  'connection' => 'keep-alive',
  'cache-control' => 'max-age=0',
  'upgrade-insecure-requests' => '1',
  'user-agent' => 'Mozilla/5.0 (Windows NT 10.0; WOW64) AppleWebKit/537.36 (KHTML, like Gecko) Chrome/63.0.3239.132 Safari/537.36',
  'accept' => 'text/html,application/xhtml+xml,application/xml;q=0.9,image/webp,image/apng,*/*;q=0.8',
  'accept-encoding' => 'gzip, deflate',
  'accept-language' => 'zh-CN,zh;q=0.9',
  'cookie' => 'thinkphp_show_page_trace=0|0',
)
[ info ] [ PARAM ] array (
)
[ info ] [ RUN ] app\auth\controller\Authenticate->socketdemo[ D:\github\SSO\thinkphp5SSO\app\auth\controller\Authenticate.php ]
[ info ] [ VIEW ] D:\github\SSO\thinkphp5SSO\public/../app/auth\view\authenticate\socketdemo.html [ array (
) ]
[ info ] [ LOG ] INIT File
---------------------------------------------------------------
[ 2018-01-26T14:58:07+08:00 ] 192.168.0.74 GET /socketdemo
[ info ] 192.168.0.74:9003/socketdemo [运行时间：0.043845s][吞吐率：22.81req/s] [内存消耗：2,275.47kb] [文件加载：49]
[ info ] [ LANG ] D:\github\SSO\thinkphp5SSO\thinkphp\lang\zh-cn.php
[ info ] [ ROUTE ] array (
  'type' => 'module',
  'module' => 
  array (
    0 => 'auth',
    1 => 'Authenticate',
    2 => 'socketdemo',
  ),
  'convert' => false,
)
[ info ] [ HEADER ] array (
  'host' => '192.168.0.74:9003',
  'connection' => 'keep-alive',
  'cache-control' => 'max-age=0',
  'upgrade-insecure-requests' => '1',
  'user-agent' => 'Mozilla/5.0 (Windows NT 10.0; WOW64) AppleWebKit/537.36 (KHTML, like Gecko) Chrome/63.0.3239.132 Safari/537.36',
  'accept' => 'text/html,application/xhtml+xml,application/xml;q=0.9,image/webp,image/apng,*/*;q=0.8',
  'accept-encoding' => 'gzip, deflate',
  'accept-language' => 'zh-CN,zh;q=0.9',
  'cookie' => 'thinkphp_show_page_trace=0|0',
)
[ info ] [ PARAM ] array (
)
[ info ] [ RUN ] app\auth\controller\Authenticate->socketdemo[ D:\github\SSO\thinkphp5SSO\app\auth\controller\Authenticate.php ]
[ info ] [ VIEW ] D:\github\SSO\thinkphp5SSO\public/../app/auth\view\authenticate\socketdemo.html [ array (
) ]
[ info ] [ LOG ] INIT File
---------------------------------------------------------------
[ 2018-01-26T14:58:08+08:00 ] 192.168.0.74 GET /socketdemo
[ info ] 192.168.0.74:9003/socketdemo [运行时间：0.042615s][吞吐率：23.47req/s] [内存消耗：2,275.47kb] [文件加载：49]
[ info ] [ LANG ] D:\github\SSO\thinkphp5SSO\thinkphp\lang\zh-cn.php
[ info ] [ ROUTE ] array (
  'type' => 'module',
  'module' => 
  array (
    0 => 'auth',
    1 => 'Authenticate',
    2 => 'socketdemo',
  ),
  'convert' => false,
)
[ info ] [ HEADER ] array (
  'host' => '192.168.0.74:9003',
  'connection' => 'keep-alive',
  'cache-control' => 'max-age=0',
  'upgrade-insecure-requests' => '1',
  'user-agent' => 'Mozilla/5.0 (Windows NT 10.0; WOW64) AppleWebKit/537.36 (KHTML, like Gecko) Chrome/63.0.3239.132 Safari/537.36',
  'accept' => 'text/html,application/xhtml+xml,application/xml;q=0.9,image/webp,image/apng,*/*;q=0.8',
  'accept-encoding' => 'gzip, deflate',
  'accept-language' => 'zh-CN,zh;q=0.9',
  'cookie' => 'thinkphp_show_page_trace=0|0',
)
[ info ] [ PARAM ] array (
)
[ info ] [ RUN ] app\auth\controller\Authenticate->socketdemo[ D:\github\SSO\thinkphp5SSO\app\auth\controller\Authenticate.php ]
[ info ] [ VIEW ] D:\github\SSO\thinkphp5SSO\public/../app/auth\view\authenticate\socketdemo.html [ array (
) ]
[ info ] [ LOG ] INIT File
---------------------------------------------------------------
[ 2018-01-26T14:58:11+08:00 ] 192.168.0.74 GET /socketdemo
[ info ] 192.168.0.74:9003/socketdemo [运行时间：0.040396s][吞吐率：24.75req/s] [内存消耗：2,274.95kb] [文件加载：49]
[ info ] [ LANG ] D:\github\SSO\thinkphp5SSO\thinkphp\lang\zh-cn.php
[ info ] [ ROUTE ] array (
  'type' => 'module',
  'module' => 
  array (
    0 => 'auth',
    1 => 'Authenticate',
    2 => 'socketdemo',
  ),
  'convert' => false,
)
[ info ] [ HEADER ] array (
  'host' => '192.168.0.74:9003',
  'connection' => 'keep-alive',
  'user-agent' => 'Mozilla/5.0 (Windows NT 10.0; WOW64) AppleWebKit/537.36 (KHTML, like Gecko) Chrome/63.0.3239.132 Safari/537.36',
  'upgrade-insecure-requests' => '1',
  'accept' => 'text/html,application/xhtml+xml,application/xml;q=0.9,image/webp,image/apng,*/*;q=0.8',
  'accept-encoding' => 'gzip, deflate',
  'accept-language' => 'zh-CN,zh;q=0.9',
  'cookie' => 'thinkphp_show_page_trace=0|0',
)
[ info ] [ PARAM ] array (
)
[ info ] [ RUN ] app\auth\controller\Authenticate->socketdemo[ D:\github\SSO\thinkphp5SSO\app\auth\controller\Authenticate.php ]
[ info ] [ VIEW ] D:\github\SSO\thinkphp5SSO\public/../app/auth\view\authenticate\socketdemo.html [ array (
) ]
[ info ] [ LOG ] INIT File
---------------------------------------------------------------
[ 2018-01-26T15:33:14+08:00 ] 192.168.0.74 GET /socketdemo
[ info ] 192.168.0.74:9003/socketdemo [运行时间：0.060922s][吞吐率：16.41req/s] [内存消耗：2,275.47kb] [文件加载：49]
[ info ] [ LANG ] D:\github\SSO\thinkphp5SSO\thinkphp\lang\zh-cn.php
[ info ] [ ROUTE ] array (
  'type' => 'module',
  'module' => 
  array (
    0 => 'auth',
    1 => 'Authenticate',
    2 => 'socketdemo',
  ),
  'convert' => false,
)
[ info ] [ HEADER ] array (
  'host' => '192.168.0.74:9003',
  'connection' => 'keep-alive',
  'cache-control' => 'max-age=0',
  'upgrade-insecure-requests' => '1',
  'user-agent' => 'Mozilla/5.0 (Windows NT 10.0; WOW64) AppleWebKit/537.36 (KHTML, like Gecko) Chrome/63.0.3239.132 Safari/537.36',
  'accept' => 'text/html,application/xhtml+xml,application/xml;q=0.9,image/webp,image/apng,*/*;q=0.8',
  'accept-encoding' => 'gzip, deflate',
  'accept-language' => 'zh-CN,zh;q=0.9',
  'cookie' => 'thinkphp_show_page_trace=0|0',
)
[ info ] [ PARAM ] array (
)
[ info ] [ RUN ] app\auth\controller\Authenticate->socketdemo[ D:\github\SSO\thinkphp5SSO\app\auth\controller\Authenticate.php ]
[ info ] [ VIEW ] D:\github\SSO\thinkphp5SSO\public/../app/auth\view\authenticate\socketdemo.html [ array (
) ]
[ info ] [ LOG ] INIT File
---------------------------------------------------------------
[ 2018-01-26T15:56:58+08:00 ] 192.168.0.74 GET /socketdemo
[ info ] 192.168.0.74:9003/socketdemo [运行时间：0.051051s][吞吐率：19.59req/s] [内存消耗：2,275.48kb] [文件加载：49]
[ info ] [ LANG ] D:\github\SSO\thinkphp5SSO\thinkphp\lang\zh-cn.php
[ info ] [ ROUTE ] array (
  'type' => 'module',
  'module' => 
  array (
    0 => 'auth',
    1 => 'Authenticate',
    2 => 'socketdemo',
  ),
  'convert' => false,
)
[ info ] [ HEADER ] array (
  'host' => '192.168.0.74:9003',
  'connection' => 'keep-alive',
  'cache-control' => 'max-age=0',
  'upgrade-insecure-requests' => '1',
  'user-agent' => 'Mozilla/5.0 (Windows NT 10.0; WOW64) AppleWebKit/537.36 (KHTML, like Gecko) Chrome/55.0.2883.87 Safari/537.36',
  'accept' => 'text/html,application/xhtml+xml,application/xml;q=0.9,image/webp,*/*;q=0.8',
  'accept-encoding' => 'gzip, deflate, sdch',
  'accept-language' => 'zh-CN,zh;q=0.8',
  'cookie' => 'thinkphp_show_page_trace=0|0',
)
[ info ] [ PARAM ] array (
)
[ info ] [ RUN ] app\auth\controller\Authenticate->socketdemo[ D:\github\SSO\thinkphp5SSO\app\auth\controller\Authenticate.php ]
[ info ] [ VIEW ] D:\github\SSO\thinkphp5SSO\public/../app/auth\view\authenticate\socketdemo.html [ array (
) ]
[ info ] [ LOG ] INIT File
---------------------------------------------------------------
[ 2018-01-26T15:57:26+08:00 ] 192.168.0.74 GET /socketdemo
[ info ] 192.168.0.74:9003/socketdemo [运行时间：0.052750s][吞吐率：18.96req/s] [内存消耗：2,275.48kb] [文件加载：49]
[ info ] [ LANG ] D:\github\SSO\thinkphp5SSO\thinkphp\lang\zh-cn.php
[ info ] [ ROUTE ] array (
  'type' => 'module',
  'module' => 
  array (
    0 => 'auth',
    1 => 'Authenticate',
    2 => 'socketdemo',
  ),
  'convert' => false,
)
[ info ] [ HEADER ] array (
  'host' => '192.168.0.74:9003',
  'connection' => 'keep-alive',
  'cache-control' => 'max-age=0',
  'upgrade-insecure-requests' => '1',
  'user-agent' => 'Mozilla/5.0 (Windows NT 10.0; WOW64) AppleWebKit/537.36 (KHTML, like Gecko) Chrome/55.0.2883.87 Safari/537.36',
  'accept' => 'text/html,application/xhtml+xml,application/xml;q=0.9,image/webp,*/*;q=0.8',
  'accept-encoding' => 'gzip, deflate, sdch',
  'accept-language' => 'zh-CN,zh;q=0.8',
  'cookie' => 'thinkphp_show_page_trace=0|0',
)
[ info ] [ PARAM ] array (
)
[ info ] [ RUN ] app\auth\controller\Authenticate->socketdemo[ D:\github\SSO\thinkphp5SSO\app\auth\controller\Authenticate.php ]
[ info ] [ VIEW ] D:\github\SSO\thinkphp5SSO\public/../app/auth\view\authenticate\socketdemo.html [ array (
) ]
[ info ] [ LOG ] INIT File
---------------------------------------------------------------
[ 2018-01-26T15:58:02+08:00 ] 192.168.0.74 GET /socketdemo
[ info ] 192.168.0.74:9003/socketdemo [运行时间：0.053082s][吞吐率：18.84req/s] [内存消耗：2,275.48kb] [文件加载：49]
[ info ] [ LANG ] D:\github\SSO\thinkphp5SSO\thinkphp\lang\zh-cn.php
[ info ] [ ROUTE ] array (
  'type' => 'module',
  'module' => 
  array (
    0 => 'auth',
    1 => 'Authenticate',
    2 => 'socketdemo',
  ),
  'convert' => false,
)
[ info ] [ HEADER ] array (
  'host' => '192.168.0.74:9003',
  'connection' => 'keep-alive',
  'cache-control' => 'max-age=0',
  'upgrade-insecure-requests' => '1',
  'user-agent' => 'Mozilla/5.0 (Windows NT 10.0; WOW64) AppleWebKit/537.36 (KHTML, like Gecko) Chrome/55.0.2883.87 Safari/537.36',
  'accept' => 'text/html,application/xhtml+xml,application/xml;q=0.9,image/webp,*/*;q=0.8',
  'accept-encoding' => 'gzip, deflate, sdch',
  'accept-language' => 'zh-CN,zh;q=0.8',
  'cookie' => 'thinkphp_show_page_trace=0|0',
)
[ info ] [ PARAM ] array (
)
[ info ] [ RUN ] app\auth\controller\Authenticate->socketdemo[ D:\github\SSO\thinkphp5SSO\app\auth\controller\Authenticate.php ]
[ info ] [ VIEW ] D:\github\SSO\thinkphp5SSO\public/../app/auth\view\authenticate\socketdemo.html [ array (
) ]
[ info ] [ LOG ] INIT File
---------------------------------------------------------------
[ 2018-01-26T17:46:24+08:00 ] 192.168.0.74 GET /index.php/api/users
[ info ] 192.168.0.74:9003/index.php/api/users [运行时间：0.110525s][吞吐率：9.05req/s] [内存消耗：2,282.33kb] [文件加载：50]
[ info ] [ LANG ] D:\github\SSO\thinkphp5SSO\thinkphp\lang\zh-cn.php
[ info ] [ ROUTE ] array (
  'type' => 'module',
  'module' => 
  array (
    0 => 'api',
    1 => 'users',
    2 => NULL,
  ),
)
[ info ] [ HEADER ] array (
  'host' => '192.168.0.74:9003',
  'connection' => 'keep-alive',
  'user-agent' => 'Mozilla/5.0 (Windows NT 10.0; WOW64) AppleWebKit/537.36 (KHTML, like Gecko) Chrome/63.0.3239.132 Safari/537.36',
  'upgrade-insecure-requests' => '1',
  'accept' => 'text/html,application/xhtml+xml,application/xml;q=0.9,image/webp,image/apng,*/*;q=0.8',
  'accept-encoding' => 'gzip, deflate',
  'accept-language' => 'zh-CN,zh;q=0.9',
  'cookie' => 'thinkphp_show_page_trace=0|0; PHPSESSID=ek7as91ld5fvh974hulnocen20; UM_distinctid=1613185631f57b-0894517c55868a-3c604504-100200-16131856321593; CNZZDATA1263664992=43527552-1516950812-%7C1516950812',
)
[ info ] [ PARAM ] array (
)
[ info ] [ RUN ] app\api\controller\Users->index[ D:\github\SSO\thinkphp5SSO\app\api\controller\Users.php ]
[ info ] [ LOG ] INIT File
[ error ] [0]致命错误: Call to undefined method app\api\controller\Users::get()[D:\github\SSO\thinkphp5SSO\app\api\controller\Users.php:19]
---------------------------------------------------------------
[ 2018-01-26T17:54:25+08:00 ] 192.168.0.74 GET /index.php/api/users
[ info ] 192.168.0.74:9003/index.php/api/users [运行时间：0.091769s][吞吐率：10.90req/s] [内存消耗：3,312.46kb] [文件加载：48]
[ info ] [ LANG ] D:\github\SSO\thinkphp5SSO\thinkphp\lang\zh-cn.php
[ info ] [ ROUTE ] array (
  'type' => 'module',
  'module' => 
  array (
    0 => 'api',
    1 => 'users',
    2 => NULL,
  ),
)
[ info ] [ HEADER ] array (
  'host' => '192.168.0.74:9003',
  'connection' => 'keep-alive',
  'upgrade-insecure-requests' => '1',
  'user-agent' => 'Mozilla/5.0 (Windows NT 10.0; WOW64) AppleWebKit/537.36 (KHTML, like Gecko) Chrome/55.0.2883.87 Safari/537.36',
  'accept' => 'text/html,application/xhtml+xml,application/xml;q=0.9,image/webp,*/*;q=0.8',
  'accept-encoding' => 'gzip, deflate, sdch',
  'accept-language' => 'zh-CN,zh;q=0.8',
  'cookie' => 'thinkphp_show_page_trace=0|0',
)
[ info ] [ PARAM ] array (
)
[ info ] [ RUN ] app\api\controller\Users->index[ D:\github\SSO\thinkphp5SSO\app\api\controller\Users.php ]
[ info ] [ DB ] INIT mysql
[ info ] [ LOG ] INIT File
---------------------------------------------------------------
[ 2018-01-26T17:59:46+08:00 ] 192.168.0.74 GET /index.php/api/users
[ info ] 192.168.0.74:9003/index.php/api/users [运行时间：0.099898s][吞吐率：10.01req/s] [内存消耗：3,550.89kb] [文件加载：58]
[ info ] [ LANG ] D:\github\SSO\thinkphp5SSO\thinkphp\lang\zh-cn.php
[ info ] [ ROUTE ] array (
  'type' => 'module',
  'module' => 
  array (
    0 => 'api',
    1 => 'users',
    2 => NULL,
  ),
)
[ info ] [ HEADER ] array (
  'host' => '192.168.0.74:9003',
  'connection' => 'keep-alive',
  'cache-control' => 'max-age=0',
  'upgrade-insecure-requests' => '1',
  'user-agent' => 'Mozilla/5.0 (Windows NT 10.0; WOW64) AppleWebKit/537.36 (KHTML, like Gecko) Chrome/55.0.2883.87 Safari/537.36',
  'accept' => 'text/html,application/xhtml+xml,application/xml;q=0.9,image/webp,*/*;q=0.8',
  'accept-encoding' => 'gzip, deflate, sdch',
  'accept-language' => 'zh-CN,zh;q=0.8',
  'cookie' => 'thinkphp_show_page_trace=0|0',
)
[ info ] [ PARAM ] array (
)
[ info ] [ RUN ] app\api\controller\Users->index[ D:\github\SSO\thinkphp5SSO\app\api\controller\Users.php ]
[ info ] [ DB ] INIT mysql
[ info ] [ LOG ] INIT File
[ error ] [8]未定义变量: [][D:\github\SSO\thinkphp5SSO\app\api\controller\Users.php:20]
---------------------------------------------------------------
[ 2018-01-26T17:59:59+08:00 ] 192.168.0.74 GET /index.php/api/users
[ info ] 192.168.0.74:9003/index.php/api/users [运行时间：0.087201s][吞吐率：11.47req/s] [内存消耗：3,550.53kb] [文件加载：58]
[ info ] [ LANG ] D:\github\SSO\thinkphp5SSO\thinkphp\lang\zh-cn.php
[ info ] [ ROUTE ] array (
  'type' => 'module',
  'module' => 
  array (
    0 => 'api',
    1 => 'users',
    2 => NULL,
  ),
)
[ info ] [ HEADER ] array (
  'host' => '192.168.0.74:9003',
  'connection' => 'keep-alive',
  'cache-control' => 'max-age=0',
  'upgrade-insecure-requests' => '1',
  'user-agent' => 'Mozilla/5.0 (Windows NT 10.0; WOW64) AppleWebKit/537.36 (KHTML, like Gecko) Chrome/55.0.2883.87 Safari/537.36',
  'accept' => 'text/html,application/xhtml+xml,application/xml;q=0.9,image/webp,*/*;q=0.8',
  'accept-encoding' => 'gzip, deflate, sdch',
  'accept-language' => 'zh-CN,zh;q=0.8',
  'cookie' => 'thinkphp_show_page_trace=0|0; thinkphp_show_page_trace=0|0',
)
[ info ] [ PARAM ] array (
)
[ info ] [ RUN ] app\api\controller\Users->index[ D:\github\SSO\thinkphp5SSO\app\api\controller\Users.php ]
[ info ] [ DB ] INIT mysql
[ info ] [ LOG ] INIT File
[ error ] [8]未定义变量: [][D:\github\SSO\thinkphp5SSO\app\api\controller\Users.php:20]
---------------------------------------------------------------
[ 2018-01-26T18:00:21+08:00 ] 192.168.0.74 GET /index.php/api/users
[ info ] 192.168.0.74:9003/index.php/api/users [运行时间：0.058340s][吞吐率：17.14req/s] [内存消耗：3,313.02kb] [文件加载：48]
[ info ] [ LANG ] D:\github\SSO\thinkphp5SSO\thinkphp\lang\zh-cn.php
[ info ] [ ROUTE ] array (
  'type' => 'module',
  'module' => 
  array (
    0 => 'api',
    1 => 'users',
    2 => NULL,
  ),
)
[ info ] [ HEADER ] array (
  'host' => '192.168.0.74:9003',
  'connection' => 'keep-alive',
  'cache-control' => 'max-age=0',
  'upgrade-insecure-requests' => '1',
  'user-agent' => 'Mozilla/5.0 (Windows NT 10.0; WOW64) AppleWebKit/537.36 (KHTML, like Gecko) Chrome/55.0.2883.87 Safari/537.36',
  'accept' => 'text/html,application/xhtml+xml,application/xml;q=0.9,image/webp,*/*;q=0.8',
  'accept-encoding' => 'gzip, deflate, sdch',
  'accept-language' => 'zh-CN,zh;q=0.8',
  'cookie' => 'thinkphp_show_page_trace=0|0; thinkphp_show_page_trace=0|0',
)
[ info ] [ PARAM ] array (
)
[ info ] [ RUN ] app\api\controller\Users->index[ D:\github\SSO\thinkphp5SSO\app\api\controller\Users.php ]
[ info ] [ DB ] INIT mysql
[ info ] [ LOG ] INIT File
---------------------------------------------------------------
[ 2018-01-26T18:03:04+08:00 ] 192.168.0.74 GET /index.php/api/users
[ info ] 192.168.0.74:9003/index.php/api/users [运行时间：0.097788s][吞吐率：10.23req/s] [内存消耗：3,544.67kb] [文件加载：56]
[ info ] [ LANG ] D:\github\SSO\thinkphp5SSO\thinkphp\lang\zh-cn.php
[ info ] [ ROUTE ] array (
  'type' => 'module',
  'module' => 
  array (
    0 => 'api',
    1 => 'users',
    2 => NULL,
  ),
)
[ info ] [ HEADER ] array (
  'host' => '192.168.0.74:9003',
  'connection' => 'keep-alive',
  'cache-control' => 'max-age=0',
  'upgrade-insecure-requests' => '1',
  'user-agent' => 'Mozilla/5.0 (Windows NT 10.0; WOW64) AppleWebKit/537.36 (KHTML, like Gecko) Chrome/55.0.2883.87 Safari/537.36',
  'accept' => 'text/html,application/xhtml+xml,application/xml;q=0.9,image/webp,*/*;q=0.8',
  'accept-encoding' => 'gzip, deflate, sdch',
  'accept-language' => 'zh-CN,zh;q=0.8',
  'cookie' => 'thinkphp_show_page_trace=0|0; thinkphp_show_page_trace=0|0',
)
[ info ] [ PARAM ] array (
)
[ info ] [ RUN ] app\api\controller\Users->index[ D:\github\SSO\thinkphp5SSO\app\api\controller\Users.php ]
[ info ] [ DB ] INIT mysql
[ info ] [ LOG ] INIT File
[ error ] [1045]SQLSTATE[HY000] [1045] Access denied for user 'root'@'localhost' (using password: NO)[D:\github\SSO\thinkphp5SSO\thinkphp\library\think\db\Connection.php:293]
---------------------------------------------------------------
[ 2018-01-26T18:03:31+08:00 ] 192.168.0.74 GET /index.php/api/users
[ info ] 192.168.0.74:9003/index.php/api/users [运行时间：0.098201s][吞吐率：10.18req/s] [内存消耗：3,571.20kb] [文件加载：59]
[ info ] [ LANG ] D:\github\SSO\thinkphp5SSO\thinkphp\lang\zh-cn.php
[ info ] [ ROUTE ] array (
  'type' => 'module',
  'module' => 
  array (
    0 => 'api',
    1 => 'users',
    2 => NULL,
  ),
)
[ info ] [ HEADER ] array (
  'host' => '192.168.0.74:9003',
  'connection' => 'keep-alive',
  'cache-control' => 'max-age=0',
  'upgrade-insecure-requests' => '1',
  'user-agent' => 'Mozilla/5.0 (Windows NT 10.0; WOW64) AppleWebKit/537.36 (KHTML, like Gecko) Chrome/55.0.2883.87 Safari/537.36',
  'accept' => 'text/html,application/xhtml+xml,application/xml;q=0.9,image/webp,*/*;q=0.8',
  'accept-encoding' => 'gzip, deflate, sdch',
  'accept-language' => 'zh-CN,zh;q=0.8',
  'cookie' => 'thinkphp_show_page_trace=0|0; thinkphp_show_page_trace=0|0',
)
[ info ] [ PARAM ] array (
)
[ info ] [ RUN ] app\api\controller\Users->index[ D:\github\SSO\thinkphp5SSO\app\api\controller\Users.php ]
[ info ] [ DB ] INIT mysql
[ info ] [ LOG ] INIT File
[ error ] [10501]SQLSTATE[3D000]: Invalid catalog name: 1046 No database selected[D:\github\SSO\thinkphp5SSO\thinkphp\library\think\db\Connection.php:388]
---------------------------------------------------------------
[ 2018-01-26T18:03:51+08:00 ] 192.168.0.74 GET /index.php/api/users
[ info ] 192.168.0.74:9003/index.php/api/users [运行时间：0.090828s][吞吐率：11.01req/s] [内存消耗：3,457.44kb] [文件加载：48]
[ info ] [ LANG ] D:\github\SSO\thinkphp5SSO\thinkphp\lang\zh-cn.php
[ info ] [ ROUTE ] array (
  'type' => 'module',
  'module' => 
  array (
    0 => 'api',
    1 => 'users',
    2 => NULL,
  ),
)
[ info ] [ HEADER ] array (
  'host' => '192.168.0.74:9003',
  'connection' => 'keep-alive',
  'cache-control' => 'max-age=0',
  'upgrade-insecure-requests' => '1',
  'user-agent' => 'Mozilla/5.0 (Windows NT 10.0; WOW64) AppleWebKit/537.36 (KHTML, like Gecko) Chrome/55.0.2883.87 Safari/537.36',
  'accept' => 'text/html,application/xhtml+xml,application/xml;q=0.9,image/webp,*/*;q=0.8',
  'accept-encoding' => 'gzip, deflate, sdch',
  'accept-language' => 'zh-CN,zh;q=0.8',
  'cookie' => 'thinkphp_show_page_trace=0|0; thinkphp_show_page_trace=0|0',
)
[ info ] [ PARAM ] array (
)
[ info ] [ RUN ] app\api\controller\Users->index[ D:\github\SSO\thinkphp5SSO\app\api\controller\Users.php ]
[ info ] [ DB ] INIT mysql
[ info ] [ LOG ] INIT File
---------------------------------------------------------------
[ 2018-01-26T18:04:33+08:00 ] 192.168.0.74 GET /index.php/api/users
[ info ] 192.168.0.74:9003/index.php/api/users [运行时间：0.088704s][吞吐率：11.27req/s] [内存消耗：3,674.52kb] [文件加载：58]
[ info ] [ LANG ] D:\github\SSO\thinkphp5SSO\thinkphp\lang\zh-cn.php
[ info ] [ ROUTE ] array (
  'type' => 'module',
  'module' => 
  array (
    0 => 'api',
    1 => 'users',
    2 => NULL,
  ),
)
[ info ] [ HEADER ] array (
  'host' => '192.168.0.74:9003',
  'connection' => 'keep-alive',
  'cache-control' => 'max-age=0',
  'upgrade-insecure-requests' => '1',
  'user-agent' => 'Mozilla/5.0 (Windows NT 10.0; WOW64) AppleWebKit/537.36 (KHTML, like Gecko) Chrome/55.0.2883.87 Safari/537.36',
  'accept' => 'text/html,application/xhtml+xml,application/xml;q=0.9,image/webp,*/*;q=0.8',
  'accept-encoding' => 'gzip, deflate, sdch',
  'accept-language' => 'zh-CN,zh;q=0.8',
  'cookie' => 'thinkphp_show_page_trace=0|0; thinkphp_show_page_trace=0|0',
)
[ info ] [ PARAM ] array (
)
[ info ] [ RUN ] app\api\controller\Users->index[ D:\github\SSO\thinkphp5SSO\app\api\controller\Users.php ]
[ info ] [ DB ] INIT mysql
[ info ] [ LOG ] INIT File
[ error ] [2]Missing argument 1 for think\Model::data(), called in D:\github\SSO\thinkphp5SSO\thinkphp\library\think\Model.php on line 581 and defined[D:\github\SSO\thinkphp5SSO\thinkphp\library\think\Model.php:301]
---------------------------------------------------------------
[ 2018-01-26T18:04:46+08:00 ] 192.168.0.74 GET /index.php/api/users
[ info ] 192.168.0.74:9003/index.php/api/users [运行时间：0.070372s][吞吐率：14.21req/s] [内存消耗：3,457.44kb] [文件加载：48]
[ info ] [ LANG ] D:\github\SSO\thinkphp5SSO\thinkphp\lang\zh-cn.php
[ info ] [ ROUTE ] array (
  'type' => 'module',
  'module' => 
  array (
    0 => 'api',
    1 => 'users',
    2 => NULL,
  ),
)
[ info ] [ HEADER ] array (
  'host' => '192.168.0.74:9003',
  'connection' => 'keep-alive',
  'cache-control' => 'max-age=0',
  'upgrade-insecure-requests' => '1',
  'user-agent' => 'Mozilla/5.0 (Windows NT 10.0; WOW64) AppleWebKit/537.36 (KHTML, like Gecko) Chrome/55.0.2883.87 Safari/537.36',
  'accept' => 'text/html,application/xhtml+xml,application/xml;q=0.9,image/webp,*/*;q=0.8',
  'accept-encoding' => 'gzip, deflate, sdch',
  'accept-language' => 'zh-CN,zh;q=0.8',
  'cookie' => 'thinkphp_show_page_trace=0|0; thinkphp_show_page_trace=0|0',
)
[ info ] [ PARAM ] array (
)
[ info ] [ RUN ] app\api\controller\Users->index[ D:\github\SSO\thinkphp5SSO\app\api\controller\Users.php ]
[ info ] [ DB ] INIT mysql
[ info ] [ LOG ] INIT File
---------------------------------------------------------------
[ 2018-01-26T18:05:40+08:00 ] 192.168.0.74 GET /index.php/api/users
[ info ] 192.168.0.74:9003/index.php/api/users [运行时间：0.053918s][吞吐率：18.55req/s] [内存消耗：3,455.61kb] [文件加载：48]
[ info ] [ LANG ] D:\github\SSO\thinkphp5SSO\thinkphp\lang\zh-cn.php
[ info ] [ ROUTE ] array (
  'type' => 'module',
  'module' => 
  array (
    0 => 'api',
    1 => 'users',
    2 => NULL,
  ),
)
[ info ] [ HEADER ] array (
  'host' => '192.168.0.74:9003',
  'connection' => 'keep-alive',
  'cache-control' => 'max-age=0',
  'upgrade-insecure-requests' => '1',
  'user-agent' => 'Mozilla/5.0 (Windows NT 10.0; WOW64) AppleWebKit/537.36 (KHTML, like Gecko) Chrome/55.0.2883.87 Safari/537.36',
  'accept' => 'text/html,application/xhtml+xml,application/xml;q=0.9,image/webp,*/*;q=0.8',
  'accept-encoding' => 'gzip, deflate, sdch',
  'accept-language' => 'zh-CN,zh;q=0.8',
  'cookie' => 'thinkphp_show_page_trace=0|0; thinkphp_show_page_trace=0|0',
)
[ info ] [ PARAM ] array (
)
[ info ] [ RUN ] app\api\controller\Users->index[ D:\github\SSO\thinkphp5SSO\app\api\controller\Users.php ]
[ info ] [ DB ] INIT mysql
[ info ] [ LOG ] INIT File
---------------------------------------------------------------
[ 2018-01-26T18:05:49+08:00 ] 192.168.0.74 GET /index.php/api/users
[ info ] 192.168.0.74:9003/index.php/api/users [运行时间：0.050991s][吞吐率：19.61req/s] [内存消耗：3,455.61kb] [文件加载：48]
[ info ] [ LANG ] D:\github\SSO\thinkphp5SSO\thinkphp\lang\zh-cn.php
[ info ] [ ROUTE ] array (
  'type' => 'module',
  'module' => 
  array (
    0 => 'api',
    1 => 'users',
    2 => NULL,
  ),
)
[ info ] [ HEADER ] array (
  'host' => '192.168.0.74:9003',
  'connection' => 'keep-alive',
  'cache-control' => 'max-age=0',
  'upgrade-insecure-requests' => '1',
  'user-agent' => 'Mozilla/5.0 (Windows NT 10.0; WOW64) AppleWebKit/537.36 (KHTML, like Gecko) Chrome/55.0.2883.87 Safari/537.36',
  'accept' => 'text/html,application/xhtml+xml,application/xml;q=0.9,image/webp,*/*;q=0.8',
  'accept-encoding' => 'gzip, deflate, sdch',
  'accept-language' => 'zh-CN,zh;q=0.8',
  'cookie' => 'thinkphp_show_page_trace=0|0; thinkphp_show_page_trace=0|0',
)
[ info ] [ PARAM ] array (
)
[ info ] [ RUN ] app\api\controller\Users->index[ D:\github\SSO\thinkphp5SSO\app\api\controller\Users.php ]
[ info ] [ DB ] INIT mysql
[ info ] [ LOG ] INIT File
---------------------------------------------------------------
[ 2018-01-26T18:06:42+08:00 ] 192.168.0.74 GET /index.php/api/users
[ info ] 192.168.0.74:9003/index.php/api/users [运行时间：0.076338s][吞吐率：13.10req/s] [内存消耗：3,437.49kb] [文件加载：48]
[ info ] [ LANG ] D:\github\SSO\thinkphp5SSO\thinkphp\lang\zh-cn.php
[ info ] [ ROUTE ] array (
  'type' => 'module',
  'module' => 
  array (
    0 => 'api',
    1 => 'users',
    2 => NULL,
  ),
)
[ info ] [ HEADER ] array (
  'host' => '192.168.0.74:9003',
  'connection' => 'keep-alive',
  'cache-control' => 'max-age=0',
  'upgrade-insecure-requests' => '1',
  'user-agent' => 'Mozilla/5.0 (Windows NT 10.0; WOW64) AppleWebKit/537.36 (KHTML, like Gecko) Chrome/55.0.2883.87 Safari/537.36',
  'accept' => 'text/html,application/xhtml+xml,application/xml;q=0.9,image/webp,*/*;q=0.8',
  'accept-encoding' => 'gzip, deflate, sdch',
  'accept-language' => 'zh-CN,zh;q=0.8',
  'cookie' => 'thinkphp_show_page_trace=0|0; thinkphp_show_page_trace=0|0',
)
[ info ] [ PARAM ] array (
)
[ info ] [ RUN ] app\api\controller\Users->index[ D:\github\SSO\thinkphp5SSO\app\api\controller\Users.php ]
[ info ] [ DB ] INIT mysql
[ info ] [ LOG ] INIT File
---------------------------------------------------------------
[ 2018-01-26T18:08:24+08:00 ] 192.168.0.74 GET /index.php/api/users
[ info ] 192.168.0.74:9003/index.php/api/users [运行时间：0.072392s][吞吐率：13.81req/s] [内存消耗：3,437.40kb] [文件加载：48]
[ info ] [ LANG ] D:\github\SSO\thinkphp5SSO\thinkphp\lang\zh-cn.php
[ info ] [ ROUTE ] array (
  'type' => 'module',
  'module' => 
  array (
    0 => 'api',
    1 => 'users',
    2 => NULL,
  ),
)
[ info ] [ HEADER ] array (
  'host' => '192.168.0.74:9003',
  'connection' => 'keep-alive',
  'cache-control' => 'max-age=0',
  'upgrade-insecure-requests' => '1',
  'user-agent' => 'Mozilla/5.0 (Windows NT 10.0; WOW64) AppleWebKit/537.36 (KHTML, like Gecko) Chrome/55.0.2883.87 Safari/537.36',
  'accept' => 'text/html,application/xhtml+xml,application/xml;q=0.9,image/webp,*/*;q=0.8',
  'accept-encoding' => 'gzip, deflate, sdch',
  'accept-language' => 'zh-CN,zh;q=0.8',
  'cookie' => 'thinkphp_show_page_trace=0|0; thinkphp_show_page_trace=0|0',
)
[ info ] [ PARAM ] array (
)
[ info ] [ RUN ] app\api\controller\Users->index[ D:\github\SSO\thinkphp5SSO\app\api\controller\Users.php ]
[ info ] [ DB ] INIT mysql
[ info ] [ LOG ] INIT File
---------------------------------------------------------------
[ 2018-01-26T18:09:40+08:00 ] 192.168.0.74 GET /index.php/api/users
[ info ] 192.168.0.74:9003/index.php/api/users [运行时间：0.069214s][吞吐率：14.45req/s] [内存消耗：3,436.58kb] [文件加载：48]
[ info ] [ LANG ] D:\github\SSO\thinkphp5SSO\thinkphp\lang\zh-cn.php
[ info ] [ ROUTE ] array (
  'type' => 'module',
  'module' => 
  array (
    0 => 'api',
    1 => 'users',
    2 => NULL,
  ),
)
[ info ] [ HEADER ] array (
  'host' => '192.168.0.74:9003',
  'connection' => 'keep-alive',
  'cache-control' => 'max-age=0',
  'upgrade-insecure-requests' => '1',
  'user-agent' => 'Mozilla/5.0 (Windows NT 10.0; WOW64) AppleWebKit/537.36 (KHTML, like Gecko) Chrome/55.0.2883.87 Safari/537.36',
  'accept' => 'text/html,application/xhtml+xml,application/xml;q=0.9,image/webp,*/*;q=0.8',
  'accept-encoding' => 'gzip, deflate, sdch',
  'accept-language' => 'zh-CN,zh;q=0.8',
  'cookie' => 'thinkphp_show_page_trace=0|0; thinkphp_show_page_trace=0|0',
)
[ info ] [ PARAM ] array (
)
[ info ] [ RUN ] app\api\controller\Users->index[ D:\github\SSO\thinkphp5SSO\app\api\controller\Users.php ]
[ info ] [ DB ] INIT mysql
[ info ] [ LOG ] INIT File
---------------------------------------------------------------
[ 2018-01-26T18:09:50+08:00 ] 192.168.0.74 GET /index.php/api/users
[ info ] 192.168.0.74:9003/index.php/api/users [运行时间：0.087971s][吞吐率：11.37req/s] [内存消耗：3,669.73kb] [文件加载：57]
[ info ] [ LANG ] D:\github\SSO\thinkphp5SSO\thinkphp\lang\zh-cn.php
[ info ] [ ROUTE ] array (
  'type' => 'module',
  'module' => 
  array (
    0 => 'api',
    1 => 'users',
    2 => NULL,
  ),
)
[ info ] [ HEADER ] array (
  'host' => '192.168.0.74:9003',
  'connection' => 'keep-alive',
  'cache-control' => 'max-age=0',
  'upgrade-insecure-requests' => '1',
  'user-agent' => 'Mozilla/5.0 (Windows NT 10.0; WOW64) AppleWebKit/537.36 (KHTML, like Gecko) Chrome/55.0.2883.87 Safari/537.36',
  'accept' => 'text/html,application/xhtml+xml,application/xml;q=0.9,image/webp,*/*;q=0.8',
  'accept-encoding' => 'gzip, deflate, sdch',
  'accept-language' => 'zh-CN,zh;q=0.8',
  'cookie' => 'thinkphp_show_page_trace=0|0; thinkphp_show_page_trace=0|0',
)
[ info ] [ PARAM ] array (
)
[ info ] [ RUN ] app\api\controller\Users->index[ D:\github\SSO\thinkphp5SSO\app\api\controller\Users.php ]
[ info ] [ DB ] INIT mysql
[ info ] [ LOG ] INIT File
[ error ] [0]致命错误: Call to a member function toArray() on null[D:\github\SSO\thinkphp5SSO\app\api\controller\Users.php:21]
---------------------------------------------------------------
[ 2018-01-26T18:10:20+08:00 ] 192.168.0.74 GET /index.php/api/users
[ info ] 192.168.0.74:9003/index.php/api/users [运行时间：0.077936s][吞吐率：12.83req/s] [内存消耗：3,632.99kb] [文件加载：54]
[ info ] [ LANG ] D:\github\SSO\thinkphp5SSO\thinkphp\lang\zh-cn.php
[ info ] [ ROUTE ] array (
  'type' => 'module',
  'module' => 
  array (
    0 => 'api',
    1 => 'users',
    2 => NULL,
  ),
)
[ info ] [ HEADER ] array (
  'host' => '192.168.0.74:9003',
  'connection' => 'keep-alive',
  'cache-control' => 'max-age=0',
  'upgrade-insecure-requests' => '1',
  'user-agent' => 'Mozilla/5.0 (Windows NT 10.0; WOW64) AppleWebKit/537.36 (KHTML, like Gecko) Chrome/55.0.2883.87 Safari/537.36',
  'accept' => 'text/html,application/xhtml+xml,application/xml;q=0.9,image/webp,*/*;q=0.8',
  'accept-encoding' => 'gzip, deflate, sdch',
  'accept-language' => 'zh-CN,zh;q=0.8',
  'cookie' => 'thinkphp_show_page_trace=0|0; thinkphp_show_page_trace=0|0',
)
[ info ] [ PARAM ] array (
)
[ info ] [ RUN ] app\api\controller\Users->index[ D:\github\SSO\thinkphp5SSO\app\api\controller\Users.php ]
[ info ] [ DB ] INIT mysql
[ info ] [ LOG ] INIT File
---------------------------------------------------------------
[ 2018-01-26T18:13:27+08:00 ] 192.168.0.74 POST /index.php/api/users
[ info ] 192.168.0.74:9003/index.php/api/users [运行时间：0.085932s][吞吐率：11.64req/s] [内存消耗：3,630.89kb] [文件加载：54]
[ info ] [ LANG ] D:\github\SSO\thinkphp5SSO\thinkphp\lang\zh-cn.php
[ info ] [ ROUTE ] array (
  'type' => 'module',
  'module' => 
  array (
    0 => 'api',
    1 => 'users',
    2 => NULL,
  ),
)
[ info ] [ HEADER ] array (
  'host' => '192.168.0.74:9003',
  'accept' => '*/*',
  'content-length' => '61',
  'content-type' => 'application/x-www-form-urlencoded',
)
[ info ] [ PARAM ] array (
  'account' => '18758327264',
  'password' => 'e10adc3949ba59abbe56e057f20f883e',
)
[ info ] [ RUN ] app\api\controller\Users->index[ D:\github\SSO\thinkphp5SSO\app\api\controller\Users.php ]
[ info ] [ DB ] INIT mysql
[ info ] [ LOG ] INIT File
---------------------------------------------------------------
[ 2018-01-26T18:13:44+08:00 ] 192.168.0.74 POST /index.php/api/users
[ info ] 192.168.0.74:9003/index.php/api/users [运行时间：0.086502s][吞吐率：11.56req/s] [内存消耗：3,630.89kb] [文件加载：54]
[ info ] [ LANG ] D:\github\SSO\thinkphp5SSO\thinkphp\lang\zh-cn.php
[ info ] [ ROUTE ] array (
  'type' => 'module',
  'module' => 
  array (
    0 => 'api',
    1 => 'users',
    2 => NULL,
  ),
)
[ info ] [ HEADER ] array (
  'host' => '192.168.0.74:9003',
  'accept' => '*/*',
  'content-length' => '61',
  'content-type' => 'application/x-www-form-urlencoded',
)
[ info ] [ PARAM ] array (
  'account' => '18758327264',
  'password' => 'e10adc3949ba59abbe56e057f20f883e',
)
[ info ] [ RUN ] app\api\controller\Users->index[ D:\github\SSO\thinkphp5SSO\app\api\controller\Users.php ]
[ info ] [ DB ] INIT mysql
[ info ] [ LOG ] INIT File
---------------------------------------------------------------
[ 2018-01-26T18:14:20+08:00 ] 192.168.0.74 POST /index.php/api/users
[ info ] 192.168.0.74:9003/index.php/api/users [运行时间：0.083862s][吞吐率：11.92req/s] [内存消耗：3,630.88kb] [文件加载：54]
[ info ] [ LANG ] D:\github\SSO\thinkphp5SSO\thinkphp\lang\zh-cn.php
[ info ] [ ROUTE ] array (
  'type' => 'module',
  'module' => 
  array (
    0 => 'api',
    1 => 'users',
    2 => NULL,
  ),
)
[ info ] [ HEADER ] array (
  'host' => '192.168.0.74:9003',
  'accept' => '*/*',
  'content-length' => '61',
  'content-type' => 'application/x-www-form-urlencoded',
)
[ info ] [ PARAM ] array (
  'account' => '18758327264',
  'password' => 'e10adc3949ba59abbe56e057f20f883e',
)
[ info ] [ RUN ] app\api\controller\Users->index[ D:\github\SSO\thinkphp5SSO\app\api\controller\Users.php ]
[ info ] [ DB ] INIT mysql
[ info ] [ LOG ] INIT File
---------------------------------------------------------------
[ 2018-01-26T18:14:22+08:00 ] 192.168.0.74 POST /index.php/api/users
[ info ] 192.168.0.74:9003/index.php/api/users [运行时间：0.083155s][吞吐率：12.03req/s] [内存消耗：3,630.88kb] [文件加载：54]
[ info ] [ LANG ] D:\github\SSO\thinkphp5SSO\thinkphp\lang\zh-cn.php
[ info ] [ ROUTE ] array (
  'type' => 'module',
  'module' => 
  array (
    0 => 'api',
    1 => 'users',
    2 => NULL,
  ),
)
[ info ] [ HEADER ] array (
  'host' => '192.168.0.74:9003',
  'accept' => '*/*',
  'content-length' => '61',
  'content-type' => 'application/x-www-form-urlencoded',
)
[ info ] [ PARAM ] array (
  'account' => '18758327264',
  'password' => 'e10adc3949ba59abbe56e057f20f883e',
)
[ info ] [ RUN ] app\api\controller\Users->index[ D:\github\SSO\thinkphp5SSO\app\api\controller\Users.php ]
[ info ] [ DB ] INIT mysql
[ info ] [ LOG ] INIT File
---------------------------------------------------------------
[ 2018-01-26T18:14:23+08:00 ] 192.168.0.74 POST /index.php/api/users
[ info ] 192.168.0.74:9003/index.php/api/users [运行时间：0.080629s][吞吐率：12.40req/s] [内存消耗：3,630.88kb] [文件加载：54]
[ info ] [ LANG ] D:\github\SSO\thinkphp5SSO\thinkphp\lang\zh-cn.php
[ info ] [ ROUTE ] array (
  'type' => 'module',
  'module' => 
  array (
    0 => 'api',
    1 => 'users',
    2 => NULL,
  ),
)
[ info ] [ HEADER ] array (
  'host' => '192.168.0.74:9003',
  'accept' => '*/*',
  'content-length' => '61',
  'content-type' => 'application/x-www-form-urlencoded',
)
[ info ] [ PARAM ] array (
  'account' => '18758327264',
  'password' => 'e10adc3949ba59abbe56e057f20f883e',
)
[ info ] [ RUN ] app\api\controller\Users->index[ D:\github\SSO\thinkphp5SSO\app\api\controller\Users.php ]
[ info ] [ DB ] INIT mysql
[ info ] [ LOG ] INIT File
---------------------------------------------------------------
[ 2018-01-26T18:14:23+08:00 ] 192.168.0.74 POST /index.php/api/users
[ info ] 192.168.0.74:9003/index.php/api/users [运行时间：0.085512s][吞吐率：11.69req/s] [内存消耗：3,630.88kb] [文件加载：54]
[ info ] [ LANG ] D:\github\SSO\thinkphp5SSO\thinkphp\lang\zh-cn.php
[ info ] [ ROUTE ] array (
  'type' => 'module',
  'module' => 
  array (
    0 => 'api',
    1 => 'users',
    2 => NULL,
  ),
)
[ info ] [ HEADER ] array (
  'host' => '192.168.0.74:9003',
  'accept' => '*/*',
  'content-length' => '61',
  'content-type' => 'application/x-www-form-urlencoded',
)
[ info ] [ PARAM ] array (
  'account' => '18758327264',
  'password' => 'e10adc3949ba59abbe56e057f20f883e',
)
[ info ] [ RUN ] app\api\controller\Users->index[ D:\github\SSO\thinkphp5SSO\app\api\controller\Users.php ]
[ info ] [ DB ] INIT mysql
[ info ] [ LOG ] INIT File
---------------------------------------------------------------
[ 2018-01-26T18:14:23+08:00 ] 192.168.0.74 POST /index.php/api/users
[ info ] 192.168.0.74:9003/index.php/api/users [运行时间：0.090304s][吞吐率：11.07req/s] [内存消耗：3,630.88kb] [文件加载：54]
[ info ] [ LANG ] D:\github\SSO\thinkphp5SSO\thinkphp\lang\zh-cn.php
[ info ] [ ROUTE ] array (
  'type' => 'module',
  'module' => 
  array (
    0 => 'api',
    1 => 'users',
    2 => NULL,
  ),
)
[ info ] [ HEADER ] array (
  'host' => '192.168.0.74:9003',
  'accept' => '*/*',
  'content-length' => '61',
  'content-type' => 'application/x-www-form-urlencoded',
)
[ info ] [ PARAM ] array (
  'account' => '18758327264',
  'password' => 'e10adc3949ba59abbe56e057f20f883e',
)
[ info ] [ RUN ] app\api\controller\Users->index[ D:\github\SSO\thinkphp5SSO\app\api\controller\Users.php ]
[ info ] [ DB ] INIT mysql
[ info ] [ LOG ] INIT File
---------------------------------------------------------------
[ 2018-01-26T18:14:23+08:00 ] 192.168.0.74 POST /index.php/api/users
[ info ] 192.168.0.74:9003/index.php/api/users [运行时间：0.082709s][吞吐率：12.09req/s] [内存消耗：3,630.88kb] [文件加载：54]
[ info ] [ LANG ] D:\github\SSO\thinkphp5SSO\thinkphp\lang\zh-cn.php
[ info ] [ ROUTE ] array (
  'type' => 'module',
  'module' => 
  array (
    0 => 'api',
    1 => 'users',
    2 => NULL,
  ),
)
[ info ] [ HEADER ] array (
  'host' => '192.168.0.74:9003',
  'accept' => '*/*',
  'content-length' => '61',
  'content-type' => 'application/x-www-form-urlencoded',
)
[ info ] [ PARAM ] array (
  'account' => '18758327264',
  'password' => 'e10adc3949ba59abbe56e057f20f883e',
)
[ info ] [ RUN ] app\api\controller\Users->index[ D:\github\SSO\thinkphp5SSO\app\api\controller\Users.php ]
[ info ] [ DB ] INIT mysql
[ info ] [ LOG ] INIT File
---------------------------------------------------------------
[ 2018-01-26T18:14:23+08:00 ] 192.168.0.74 POST /index.php/api/users
[ info ] 192.168.0.74:9003/index.php/api/users [运行时间：0.084273s][吞吐率：11.87req/s] [内存消耗：3,630.88kb] [文件加载：54]
[ info ] [ LANG ] D:\github\SSO\thinkphp5SSO\thinkphp\lang\zh-cn.php
[ info ] [ ROUTE ] array (
  'type' => 'module',
  'module' => 
  array (
    0 => 'api',
    1 => 'users',
    2 => NULL,
  ),
)
[ info ] [ HEADER ] array (
  'host' => '192.168.0.74:9003',
  'accept' => '*/*',
  'content-length' => '61',
  'content-type' => 'application/x-www-form-urlencoded',
)
[ info ] [ PARAM ] array (
  'account' => '18758327264',
  'password' => 'e10adc3949ba59abbe56e057f20f883e',
)
[ info ] [ RUN ] app\api\controller\Users->index[ D:\github\SSO\thinkphp5SSO\app\api\controller\Users.php ]
[ info ] [ DB ] INIT mysql
[ info ] [ LOG ] INIT File
---------------------------------------------------------------
[ 2018-01-26T18:14:24+08:00 ] 192.168.0.74 POST /index.php/api/users
[ info ] 192.168.0.74:9003/index.php/api/users [运行时间：0.091513s][吞吐率：10.93req/s] [内存消耗：3,630.88kb] [文件加载：54]
[ info ] [ LANG ] D:\github\SSO\thinkphp5SSO\thinkphp\lang\zh-cn.php
[ info ] [ ROUTE ] array (
  'type' => 'module',
  'module' => 
  array (
    0 => 'api',
    1 => 'users',
    2 => NULL,
  ),
)
[ info ] [ HEADER ] array (
  'host' => '192.168.0.74:9003',
  'accept' => '*/*',
  'content-length' => '61',
  'content-type' => 'application/x-www-form-urlencoded',
)
[ info ] [ PARAM ] array (
  'account' => '18758327264',
  'password' => 'e10adc3949ba59abbe56e057f20f883e',
)
[ info ] [ RUN ] app\api\controller\Users->index[ D:\github\SSO\thinkphp5SSO\app\api\controller\Users.php ]
[ info ] [ DB ] INIT mysql
[ info ] [ LOG ] INIT File
---------------------------------------------------------------
[ 2018-01-26T18:14:24+08:00 ] 192.168.0.74 POST /index.php/api/users
[ info ] 192.168.0.74:9003/index.php/api/users [运行时间：0.083585s][吞吐率：11.96req/s] [内存消耗：3,630.88kb] [文件加载：54]
[ info ] [ LANG ] D:\github\SSO\thinkphp5SSO\thinkphp\lang\zh-cn.php
[ info ] [ ROUTE ] array (
  'type' => 'module',
  'module' => 
  array (
    0 => 'api',
    1 => 'users',
    2 => NULL,
  ),
)
[ info ] [ HEADER ] array (
  'host' => '192.168.0.74:9003',
  'accept' => '*/*',
  'content-length' => '61',
  'content-type' => 'application/x-www-form-urlencoded',
)
[ info ] [ PARAM ] array (
  'account' => '18758327264',
  'password' => 'e10adc3949ba59abbe56e057f20f883e',
)
[ info ] [ RUN ] app\api\controller\Users->index[ D:\github\SSO\thinkphp5SSO\app\api\controller\Users.php ]
[ info ] [ DB ] INIT mysql
[ info ] [ LOG ] INIT File
---------------------------------------------------------------
[ 2018-01-26T18:14:42+08:00 ] 192.168.0.74 POST /index.php/api/users
[ info ] 192.168.0.74:9003/index.php/api/users [运行时间：0.083914s][吞吐率：11.92req/s] [内存消耗：3,630.88kb] [文件加载：54]
[ info ] [ LANG ] D:\github\SSO\thinkphp5SSO\thinkphp\lang\zh-cn.php
[ info ] [ ROUTE ] array (
  'type' => 'module',
  'module' => 
  array (
    0 => 'api',
    1 => 'users',
    2 => NULL,
  ),
)
[ info ] [ HEADER ] array (
  'host' => '192.168.0.74:9003',
  'accept' => '*/*',
  'content-length' => '61',
  'content-type' => 'application/x-www-form-urlencoded',
)
[ info ] [ PARAM ] array (
  'account' => '18758327264',
  'password' => 'e10adc3949ba59abbe56e057f20f883e',
)
[ info ] [ RUN ] app\api\controller\Users->index[ D:\github\SSO\thinkphp5SSO\app\api\controller\Users.php ]
[ info ] [ DB ] INIT mysql
[ info ] [ LOG ] INIT File
---------------------------------------------------------------
[ 2018-01-26T18:14:56+08:00 ] 192.168.0.74 POST /index.php/api/users
[ info ] 192.168.0.74:9003/index.php/api/users [运行时间：0.096629s][吞吐率：10.35req/s] [内存消耗：3,630.88kb] [文件加载：54]
[ info ] [ LANG ] D:\github\SSO\thinkphp5SSO\thinkphp\lang\zh-cn.php
[ info ] [ ROUTE ] array (
  'type' => 'module',
  'module' => 
  array (
    0 => 'api',
    1 => 'users',
    2 => NULL,
  ),
)
[ info ] [ HEADER ] array (
  'host' => '192.168.0.74:9003',
  'accept' => '*/*',
  'content-length' => '61',
  'content-type' => 'application/x-www-form-urlencoded',
)
[ info ] [ PARAM ] array (
  'account' => '18758327264',
  'password' => 'e10adc3949ba59abbe56e057f20f883e',
)
[ info ] [ RUN ] app\api\controller\Users->index[ D:\github\SSO\thinkphp5SSO\app\api\controller\Users.php ]
[ info ] [ DB ] INIT mysql
[ info ] [ LOG ] INIT File
---------------------------------------------------------------
[ 2018-01-26T18:15:47+08:00 ] 192.168.0.74 GET /index.php/api/users/acc/asd
[ info ] 192.168.0.74:9003/index.php/api/users/acc/asd [运行时间：0.066373s][吞吐率：15.07req/s] [内存消耗：2,279.30kb] [文件加载：50]
[ info ] [ LANG ] D:\github\SSO\thinkphp5SSO\thinkphp\lang\zh-cn.php
[ info ] [ ROUTE ] array (
  'type' => 'module',
  'module' => 
  array (
    0 => 'api',
    1 => 'users',
    2 => 'acc',
  ),
)
[ info ] [ HEADER ] array (
  'host' => '192.168.0.74:9003',
  'connection' => 'keep-alive',
  'upgrade-insecure-requests' => '1',
  'user-agent' => 'Mozilla/5.0 (Windows NT 10.0; WOW64) AppleWebKit/537.36 (KHTML, like Gecko) Chrome/55.0.2883.87 Safari/537.36',
  'accept' => 'text/html,application/xhtml+xml,application/xml;q=0.9,image/webp,*/*;q=0.8',
  'accept-encoding' => 'gzip, deflate, sdch',
  'accept-language' => 'zh-CN,zh;q=0.8',
  'cookie' => 'thinkphp_show_page_trace=0|0; thinkphp_show_page_trace=0|0',
)
[ info ] [ PARAM ] array (
)
[ info ] [ LOG ] INIT File
---------------------------------------------------------------
[ 2018-01-26T18:16:21+08:00 ] 192.168.0.74 GET /index.php/api/users?acc=asd
[ info ] 192.168.0.74:9003/index.php/api/users?acc=asd [运行时间：0.045356s][吞吐率：22.05req/s] [内存消耗：1,961.98kb] [文件加载：40]
[ info ] [ LANG ] D:\github\SSO\thinkphp5SSO\thinkphp\lang\zh-cn.php
[ info ] [ ROUTE ] array (
  'type' => 'module',
  'module' => 
  array (
    0 => 'api',
    1 => 'users',
    2 => NULL,
  ),
)
[ info ] [ HEADER ] array (
  'host' => '192.168.0.74:9003',
  'connection' => 'keep-alive',
  'upgrade-insecure-requests' => '1',
  'user-agent' => 'Mozilla/5.0 (Windows NT 10.0; WOW64) AppleWebKit/537.36 (KHTML, like Gecko) Chrome/55.0.2883.87 Safari/537.36',
  'accept' => 'text/html,application/xhtml+xml,application/xml;q=0.9,image/webp,*/*;q=0.8',
  'accept-encoding' => 'gzip, deflate, sdch',
  'accept-language' => 'zh-CN,zh;q=0.8',
  'cookie' => 'thinkphp_show_page_trace=0|0; thinkphp_show_page_trace=0|0',
)
[ info ] [ PARAM ] array (
  'acc' => 'asd',
)
[ info ] [ RUN ] app\api\controller\Users->index[ D:\github\SSO\thinkphp5SSO\app\api\controller\Users.php ]
[ info ] [ LOG ] INIT File
---------------------------------------------------------------
[ 2018-01-26T18:25:14+08:00 ] 192.168.0.74 GET /index.php/api/users
[ info ] 192.168.0.74:9003/index.php/api/users [运行时间：0.086313s][吞吐率：11.59req/s] [内存消耗：3,630.92kb] [文件加载：54]
[ info ] [ LANG ] D:\github\SSO\thinkphp5SSO\thinkphp\lang\zh-cn.php
[ info ] [ ROUTE ] array (
  'type' => 'module',
  'module' => 
  array (
    0 => 'api',
    1 => 'users',
    2 => NULL,
  ),
)
[ info ] [ HEADER ] array (
  'host' => '192.168.0.74:9003',
  'connection' => 'keep-alive',
  'upgrade-insecure-requests' => '1',
  'user-agent' => 'Mozilla/5.0 (Windows NT 10.0; WOW64) AppleWebKit/537.36 (KHTML, like Gecko) Chrome/55.0.2883.87 Safari/537.36',
  'accept' => 'text/html,application/xhtml+xml,application/xml;q=0.9,image/webp,*/*;q=0.8',
  'accept-encoding' => 'gzip, deflate, sdch',
  'accept-language' => 'zh-CN,zh;q=0.8',
  'cookie' => 'thinkphp_show_page_trace=0|0; thinkphp_show_page_trace=0|0',
)
[ info ] [ PARAM ] array (
)
[ info ] [ RUN ] app\api\controller\Users->index[ D:\github\SSO\thinkphp5SSO\app\api\controller\Users.php ]
[ info ] [ DB ] INIT mysql
[ info ] [ LOG ] INIT File
---------------------------------------------------------------
[ 2018-01-26T18:26:08+08:00 ] 192.168.0.74 POST /index.php/api/users
[ info ] 192.168.0.74:9003/index.php/api/users [运行时间：0.095217s][吞吐率：10.50req/s] [内存消耗：3,631.52kb] [文件加载：54]
[ info ] [ LANG ] D:\github\SSO\thinkphp5SSO\thinkphp\lang\zh-cn.php
[ info ] [ ROUTE ] array (
  'type' => 'module',
  'module' => 
  array (
    0 => 'api',
    1 => 'users',
    2 => NULL,
  ),
)
[ info ] [ HEADER ] array (
  'host' => '192.168.0.74:9003',
  'accept' => '*/*',
  'content-length' => '61',
  'content-type' => 'application/x-www-form-urlencoded',
)
[ info ] [ PARAM ] array (
  'password' => 'e10adc3949ba59abbe56e057f20f883e',
)
[ info ] [ RUN ] app\api\controller\Users->index[ D:\github\SSO\thinkphp5SSO\app\api\controller\Users.php ]
[ info ] [ DB ] INIT mysql
[ info ] [ LOG ] INIT File
---------------------------------------------------------------
[ 2018-01-26T18:26:23+08:00 ] 192.168.0.74 POST /index.php/api/users
[ info ] 192.168.0.74:9003/index.php/api/users [运行时间：0.036264s][吞吐率：27.58req/s] [内存消耗：1,957.60kb] [文件加载：40]
[ info ] [ LANG ] D:\github\SSO\thinkphp5SSO\thinkphp\lang\zh-cn.php
[ info ] [ ROUTE ] array (
  'type' => 'module',
  'module' => 
  array (
    0 => 'api',
    1 => 'users',
    2 => NULL,
  ),
)
[ info ] [ HEADER ] array (
  'host' => '192.168.0.74:9003',
  'accept' => '*/*',
  'content-length' => '61',
  'content-type' => 'application/x-www-form-urlencoded',
)
[ info ] [ PARAM ] array (
  'password' => 'e10adc3949ba59abbe56e057f20f883e',
)
[ info ] [ RUN ] app\api\controller\Users->index[ D:\github\SSO\thinkphp5SSO\app\api\controller\Users.php ]
[ info ] [ LOG ] INIT File
---------------------------------------------------------------
[ 2018-01-26T18:26:27+08:00 ] 192.168.0.74 POST /index.php/api/users
[ info ] 192.168.0.74:9003/index.php/api/users [运行时间：0.042008s][吞吐率：23.81req/s] [内存消耗：1,957.63kb] [文件加载：40]
[ info ] [ LANG ] D:\github\SSO\thinkphp5SSO\thinkphp\lang\zh-cn.php
[ info ] [ ROUTE ] array (
  'type' => 'module',
  'module' => 
  array (
    0 => 'api',
    1 => 'users',
    2 => NULL,
  ),
)
[ info ] [ HEADER ] array (
  'host' => '192.168.0.74:9003',
  'accept' => '*/*',
  'content-length' => '61',
  'content-type' => 'application/x-www-form-urlencoded',
)
[ info ] [ PARAM ] array (
  'password' => 'e10adc3949ba59abbe56e057f20f883e',
)
[ info ] [ RUN ] app\api\controller\Users->index[ D:\github\SSO\thinkphp5SSO\app\api\controller\Users.php ]
[ info ] [ LOG ] INIT File
---------------------------------------------------------------
[ 2018-01-26T18:26:42+08:00 ] 192.168.0.74 POST /index.php/api/users
[ info ] 192.168.0.74:9003/index.php/api/users [运行时间：0.033107s][吞吐率：30.21req/s] [内存消耗：1,960.16kb] [文件加载：40]
[ info ] [ LANG ] D:\github\SSO\thinkphp5SSO\thinkphp\lang\zh-cn.php
[ info ] [ ROUTE ] array (
  'type' => 'module',
  'module' => 
  array (
    0 => 'api',
    1 => 'users',
    2 => NULL,
  ),
)
[ info ] [ HEADER ] array (
  'host' => '192.168.0.74:9003',
  'accept' => '*/*',
  'content-length' => '61',
  'content-type' => 'application/x-www-form-urlencoded',
)
[ info ] [ PARAM ] array (
  'password' => 'e10adc3949ba59abbe56e057f20f883e',
)
[ info ] [ RUN ] app\api\controller\Users->index[ D:\github\SSO\thinkphp5SSO\app\api\controller\Users.php ]
[ info ] [ LOG ] INIT File
---------------------------------------------------------------
[ 2018-01-26T18:29:40+08:00 ] 192.168.0.74 GET /index.php/api/users
[ info ] 192.168.0.74:9003/index.php/api/users [运行时间：0.043508s][吞吐率：22.98req/s] [内存消耗：1,962.55kb] [文件加载：40]
[ info ] [ LANG ] D:\github\SSO\thinkphp5SSO\thinkphp\lang\zh-cn.php
[ info ] [ ROUTE ] array (
  'type' => 'module',
  'module' => 
  array (
    0 => 'api',
    1 => 'users',
    2 => NULL,
  ),
)
[ info ] [ HEADER ] array (
  'host' => '192.168.0.74:9003',
  'connection' => 'keep-alive',
  'cache-control' => 'max-age=0',
  'upgrade-insecure-requests' => '1',
  'user-agent' => 'Mozilla/5.0 (Windows NT 10.0; WOW64) AppleWebKit/537.36 (KHTML, like Gecko) Chrome/55.0.2883.87 Safari/537.36',
  'accept' => 'text/html,application/xhtml+xml,application/xml;q=0.9,image/webp,*/*;q=0.8',
  'accept-encoding' => 'gzip, deflate, sdch',
  'accept-language' => 'zh-CN,zh;q=0.8',
  'cookie' => 'thinkphp_show_page_trace=0|0; thinkphp_show_page_trace=0|0',
)
[ info ] [ PARAM ] array (
)
[ info ] [ RUN ] app\api\controller\Users->index[ D:\github\SSO\thinkphp5SSO\app\api\controller\Users.php ]
[ info ] [ LOG ] INIT File
---------------------------------------------------------------
[ 2018-01-26T18:32:13+08:00 ] 192.168.0.74 POST /index.php/api/users
[ info ] 192.168.0.74:9003/index.php/api/users [运行时间：0.038816s][吞吐率：25.76req/s] [内存消耗：1,958.20kb] [文件加载：40]
[ info ] [ LANG ] D:\github\SSO\thinkphp5SSO\thinkphp\lang\zh-cn.php
[ info ] [ ROUTE ] array (
  'type' => 'module',
  'module' => 
  array (
    0 => 'api',
    1 => 'users',
    2 => NULL,
  ),
)
[ info ] [ HEADER ] array (
  'host' => '192.168.0.74:9003',
  'accept' => '*/*',
  'content-length' => '61',
  'content-type' => 'application/x-www-form-urlencoded',
)
[ info ] [ PARAM ] array (
  'password' => 'e10adc3949ba59abbe56e057f20f883e',
)
[ info ] [ RUN ] app\api\controller\Users->index[ D:\github\SSO\thinkphp5SSO\app\api\controller\Users.php ]
[ info ] [ LOG ] INIT File
---------------------------------------------------------------
[ 2018-01-26T18:54:43+08:00 ] 192.168.0.74 GET /index.php/api/users
[ info ] 192.168.0.74:9003/index.php/api/users [运行时间：0.054437s][吞吐率：18.37req/s] [内存消耗：1,960.59kb] [文件加载：40]
[ info ] [ LANG ] D:\github\SSO\thinkphp5SSO\thinkphp\lang\zh-cn.php
[ info ] [ ROUTE ] array (
  'type' => 'module',
  'module' => 
  array (
    0 => 'api',
    1 => 'users',
    2 => NULL,
  ),
)
[ info ] [ HEADER ] array (
  'host' => '192.168.0.74:9003',
  'connection' => 'keep-alive',
  'cache-control' => 'max-age=0',
  'upgrade-insecure-requests' => '1',
  'user-agent' => 'Mozilla/5.0 (Windows NT 10.0; WOW64) AppleWebKit/537.36 (KHTML, like Gecko) Chrome/55.0.2883.87 Safari/537.36',
  'accept' => 'text/html,application/xhtml+xml,application/xml;q=0.9,image/webp,*/*;q=0.8',
  'accept-encoding' => 'gzip, deflate, sdch',
  'accept-language' => 'zh-CN,zh;q=0.8',
  'cookie' => 'thinkphp_show_page_trace=0|0; thinkphp_show_page_trace=0|0',
)
[ info ] [ PARAM ] array (
)
[ info ] [ RUN ] app\api\controller\Users->index[ D:\github\SSO\thinkphp5SSO\app\api\controller\Users.php ]
[ info ] [ LOG ] INIT File
---------------------------------------------------------------
[ 2018-01-26T18:55:44+08:00 ] 192.168.0.74 GET /index.php/api/users
[ info ] 192.168.0.74:9003/index.php/api/users [运行时间：0.040233s][吞吐率：24.86req/s] [内存消耗：1,960.84kb] [文件加载：40]
[ info ] [ LANG ] D:\github\SSO\thinkphp5SSO\thinkphp\lang\zh-cn.php
[ info ] [ ROUTE ] array (
  'type' => 'module',
  'module' => 
  array (
    0 => 'api',
    1 => 'users',
    2 => NULL,
  ),
)
[ info ] [ HEADER ] array (
  'host' => '192.168.0.74:9003',
  'connection' => 'keep-alive',
  'cache-control' => 'max-age=0',
  'upgrade-insecure-requests' => '1',
  'user-agent' => 'Mozilla/5.0 (Windows NT 10.0; WOW64) AppleWebKit/537.36 (KHTML, like Gecko) Chrome/55.0.2883.87 Safari/537.36',
  'accept' => 'text/html,application/xhtml+xml,application/xml;q=0.9,image/webp,*/*;q=0.8',
  'accept-encoding' => 'gzip, deflate, sdch',
  'accept-language' => 'zh-CN,zh;q=0.8',
  'cookie' => 'thinkphp_show_page_trace=0|0; thinkphp_show_page_trace=0|0',
)
[ info ] [ PARAM ] array (
)
[ info ] [ RUN ] app\api\controller\Users->index[ D:\github\SSO\thinkphp5SSO\app\api\controller\Users.php ]
[ info ] [ LOG ] INIT File
---------------------------------------------------------------
[ 2018-01-26T18:57:23+08:00 ] 192.168.0.74 GET /index.php/api/users
[ info ] 192.168.0.74:9003/index.php/api/users [运行时间：0.040406s][吞吐率：24.75req/s] [内存消耗：1,960.88kb] [文件加载：40]
[ info ] [ LANG ] D:\github\SSO\thinkphp5SSO\thinkphp\lang\zh-cn.php
[ info ] [ ROUTE ] array (
  'type' => 'module',
  'module' => 
  array (
    0 => 'api',
    1 => 'users',
    2 => NULL,
  ),
)
[ info ] [ HEADER ] array (
  'host' => '192.168.0.74:9003',
  'connection' => 'keep-alive',
  'cache-control' => 'max-age=0',
  'upgrade-insecure-requests' => '1',
  'user-agent' => 'Mozilla/5.0 (Windows NT 10.0; WOW64) AppleWebKit/537.36 (KHTML, like Gecko) Chrome/55.0.2883.87 Safari/537.36',
  'accept' => 'text/html,application/xhtml+xml,application/xml;q=0.9,image/webp,*/*;q=0.8',
  'accept-encoding' => 'gzip, deflate, sdch',
  'accept-language' => 'zh-CN,zh;q=0.8',
  'cookie' => 'thinkphp_show_page_trace=0|0; thinkphp_show_page_trace=0|0',
)
[ info ] [ PARAM ] array (
)
[ info ] [ RUN ] app\api\controller\Users->index[ D:\github\SSO\thinkphp5SSO\app\api\controller\Users.php ]
[ info ] [ LOG ] INIT File
---------------------------------------------------------------
[ 2018-01-26T18:57:39+08:00 ] 192.168.0.74 GET /index.php/api/users
[ info ] 192.168.0.74:9003/index.php/api/users [运行时间：0.053673s][吞吐率：18.63req/s] [内存消耗：1,961.66kb] [文件加载：40]
[ info ] [ LANG ] D:\github\SSO\thinkphp5SSO\thinkphp\lang\zh-cn.php
[ info ] [ ROUTE ] array (
  'type' => 'module',
  'module' => 
  array (
    0 => 'api',
    1 => 'users',
    2 => NULL,
  ),
)
[ info ] [ HEADER ] array (
  'host' => '192.168.0.74:9003',
  'connection' => 'keep-alive',
  'cache-control' => 'max-age=0',
  'user-agent' => 'Mozilla/5.0 (Windows NT 10.0; WOW64) AppleWebKit/537.36 (KHTML, like Gecko) Chrome/63.0.3239.132 Safari/537.36',
  'upgrade-insecure-requests' => '1',
  'accept' => 'text/html,application/xhtml+xml,application/xml;q=0.9,image/webp,image/apng,*/*;q=0.8',
  'accept-encoding' => 'gzip, deflate',
  'accept-language' => 'zh-CN,zh;q=0.9',
  'cookie' => 'thinkphp_show_page_trace=0|0; thinkphp_show_page_trace=0|0; PHPSESSID=ek7as91ld5fvh974hulnocen20; UM_distinctid=1613185631f57b-0894517c55868a-3c604504-100200-16131856321593; CNZZDATA1263664992=43527552-1516950812-%7C1516950812',
)
[ info ] [ PARAM ] array (
)
[ info ] [ RUN ] app\api\controller\Users->index[ D:\github\SSO\thinkphp5SSO\app\api\controller\Users.php ]
[ info ] [ LOG ] INIT File
---------------------------------------------------------------
[ 2018-01-26T18:57:44+08:00 ] 192.168.0.74 GET /index.php/api/users
[ info ] 192.168.0.74:9003/index.php/api/users [运行时间：0.043838s][吞吐率：22.81req/s] [内存消耗：1,961.66kb] [文件加载：40]
[ info ] [ LANG ] D:\github\SSO\thinkphp5SSO\thinkphp\lang\zh-cn.php
[ info ] [ ROUTE ] array (
  'type' => 'module',
  'module' => 
  array (
    0 => 'api',
    1 => 'users',
    2 => NULL,
  ),
)
[ info ] [ HEADER ] array (
  'host' => '192.168.0.74:9003',
  'connection' => 'keep-alive',
  'cache-control' => 'max-age=0',
  'user-agent' => 'Mozilla/5.0 (Windows NT 10.0; WOW64) AppleWebKit/537.36 (KHTML, like Gecko) Chrome/63.0.3239.132 Safari/537.36',
  'upgrade-insecure-requests' => '1',
  'accept' => 'text/html,application/xhtml+xml,application/xml;q=0.9,image/webp,image/apng,*/*;q=0.8',
  'accept-encoding' => 'gzip, deflate',
  'accept-language' => 'zh-CN,zh;q=0.9',
  'cookie' => 'thinkphp_show_page_trace=0|0; thinkphp_show_page_trace=0|0; PHPSESSID=ek7as91ld5fvh974hulnocen20; UM_distinctid=1613185631f57b-0894517c55868a-3c604504-100200-16131856321593; CNZZDATA1263664992=43527552-1516950812-%7C1516950812',
)
[ info ] [ PARAM ] array (
)
[ info ] [ RUN ] app\api\controller\Users->index[ D:\github\SSO\thinkphp5SSO\app\api\controller\Users.php ]
[ info ] [ LOG ] INIT File
---------------------------------------------------------------
[ 2018-01-26T18:57:45+08:00 ] 192.168.0.74 GET /index.php/api/users
[ info ] 192.168.0.74:9003/index.php/api/users [运行时间：0.048626s][吞吐率：20.57req/s] [内存消耗：1,961.66kb] [文件加载：40]
[ info ] [ LANG ] D:\github\SSO\thinkphp5SSO\thinkphp\lang\zh-cn.php
[ info ] [ ROUTE ] array (
  'type' => 'module',
  'module' => 
  array (
    0 => 'api',
    1 => 'users',
    2 => NULL,
  ),
)
[ info ] [ HEADER ] array (
  'host' => '192.168.0.74:9003',
  'connection' => 'keep-alive',
  'cache-control' => 'max-age=0',
  'user-agent' => 'Mozilla/5.0 (Windows NT 10.0; WOW64) AppleWebKit/537.36 (KHTML, like Gecko) Chrome/63.0.3239.132 Safari/537.36',
  'upgrade-insecure-requests' => '1',
  'accept' => 'text/html,application/xhtml+xml,application/xml;q=0.9,image/webp,image/apng,*/*;q=0.8',
  'accept-encoding' => 'gzip, deflate',
  'accept-language' => 'zh-CN,zh;q=0.9',
  'cookie' => 'thinkphp_show_page_trace=0|0; thinkphp_show_page_trace=0|0; PHPSESSID=ek7as91ld5fvh974hulnocen20; UM_distinctid=1613185631f57b-0894517c55868a-3c604504-100200-16131856321593; CNZZDATA1263664992=43527552-1516950812-%7C1516950812',
)
[ info ] [ PARAM ] array (
)
[ info ] [ RUN ] app\api\controller\Users->index[ D:\github\SSO\thinkphp5SSO\app\api\controller\Users.php ]
[ info ] [ LOG ] INIT File
---------------------------------------------------------------
[ 2018-01-26T18:57:45+08:00 ] 192.168.0.74 GET /index.php/api/users
[ info ] 192.168.0.74:9003/index.php/api/users [运行时间：0.045684s][吞吐率：21.89req/s] [内存消耗：1,961.66kb] [文件加载：40]
[ info ] [ LANG ] D:\github\SSO\thinkphp5SSO\thinkphp\lang\zh-cn.php
[ info ] [ ROUTE ] array (
  'type' => 'module',
  'module' => 
  array (
    0 => 'api',
    1 => 'users',
    2 => NULL,
  ),
)
[ info ] [ HEADER ] array (
  'host' => '192.168.0.74:9003',
  'connection' => 'keep-alive',
  'cache-control' => 'max-age=0',
  'user-agent' => 'Mozilla/5.0 (Windows NT 10.0; WOW64) AppleWebKit/537.36 (KHTML, like Gecko) Chrome/63.0.3239.132 Safari/537.36',
  'upgrade-insecure-requests' => '1',
  'accept' => 'text/html,application/xhtml+xml,application/xml;q=0.9,image/webp,image/apng,*/*;q=0.8',
  'accept-encoding' => 'gzip, deflate',
  'accept-language' => 'zh-CN,zh;q=0.9',
  'cookie' => 'thinkphp_show_page_trace=0|0; thinkphp_show_page_trace=0|0; PHPSESSID=ek7as91ld5fvh974hulnocen20; UM_distinctid=1613185631f57b-0894517c55868a-3c604504-100200-16131856321593; CNZZDATA1263664992=43527552-1516950812-%7C1516950812',
)
[ info ] [ PARAM ] array (
)
[ info ] [ RUN ] app\api\controller\Users->index[ D:\github\SSO\thinkphp5SSO\app\api\controller\Users.php ]
[ info ] [ LOG ] INIT File
---------------------------------------------------------------
[ 2018-01-26T18:57:45+08:00 ] 192.168.0.74 GET /index.php/api/users
[ info ] 192.168.0.74:9003/index.php/api/users [运行时间：0.047267s][吞吐率：21.16req/s] [内存消耗：1,961.66kb] [文件加载：40]
[ info ] [ LANG ] D:\github\SSO\thinkphp5SSO\thinkphp\lang\zh-cn.php
[ info ] [ ROUTE ] array (
  'type' => 'module',
  'module' => 
  array (
    0 => 'api',
    1 => 'users',
    2 => NULL,
  ),
)
[ info ] [ HEADER ] array (
  'host' => '192.168.0.74:9003',
  'connection' => 'keep-alive',
  'cache-control' => 'max-age=0',
  'user-agent' => 'Mozilla/5.0 (Windows NT 10.0; WOW64) AppleWebKit/537.36 (KHTML, like Gecko) Chrome/63.0.3239.132 Safari/537.36',
  'upgrade-insecure-requests' => '1',
  'accept' => 'text/html,application/xhtml+xml,application/xml;q=0.9,image/webp,image/apng,*/*;q=0.8',
  'accept-encoding' => 'gzip, deflate',
  'accept-language' => 'zh-CN,zh;q=0.9',
  'cookie' => 'thinkphp_show_page_trace=0|0; thinkphp_show_page_trace=0|0; PHPSESSID=ek7as91ld5fvh974hulnocen20; UM_distinctid=1613185631f57b-0894517c55868a-3c604504-100200-16131856321593; CNZZDATA1263664992=43527552-1516950812-%7C1516950812',
)
[ info ] [ PARAM ] array (
)
[ info ] [ RUN ] app\api\controller\Users->index[ D:\github\SSO\thinkphp5SSO\app\api\controller\Users.php ]
[ info ] [ LOG ] INIT File
---------------------------------------------------------------
[ 2018-01-26T18:57:46+08:00 ] 192.168.0.74 GET /index.php/api/users
[ info ] 192.168.0.74:9003/index.php/api/users [运行时间：0.046129s][吞吐率：21.68req/s] [内存消耗：1,961.66kb] [文件加载：40]
[ info ] [ LANG ] D:\github\SSO\thinkphp5SSO\thinkphp\lang\zh-cn.php
[ info ] [ ROUTE ] array (
  'type' => 'module',
  'module' => 
  array (
    0 => 'api',
    1 => 'users',
    2 => NULL,
  ),
)
[ info ] [ HEADER ] array (
  'host' => '192.168.0.74:9003',
  'connection' => 'keep-alive',
  'cache-control' => 'max-age=0',
  'user-agent' => 'Mozilla/5.0 (Windows NT 10.0; WOW64) AppleWebKit/537.36 (KHTML, like Gecko) Chrome/63.0.3239.132 Safari/537.36',
  'upgrade-insecure-requests' => '1',
  'accept' => 'text/html,application/xhtml+xml,application/xml;q=0.9,image/webp,image/apng,*/*;q=0.8',
  'accept-encoding' => 'gzip, deflate',
  'accept-language' => 'zh-CN,zh;q=0.9',
  'cookie' => 'thinkphp_show_page_trace=0|0; thinkphp_show_page_trace=0|0; PHPSESSID=ek7as91ld5fvh974hulnocen20; UM_distinctid=1613185631f57b-0894517c55868a-3c604504-100200-16131856321593; CNZZDATA1263664992=43527552-1516950812-%7C1516950812',
)
[ info ] [ PARAM ] array (
)
[ info ] [ RUN ] app\api\controller\Users->index[ D:\github\SSO\thinkphp5SSO\app\api\controller\Users.php ]
[ info ] [ LOG ] INIT File
---------------------------------------------------------------
[ 2018-01-26T18:58:12+08:00 ] 192.168.0.74 POST /index.php/api/users?
[ info ] 192.168.0.74:9003/index.php/api/users? [运行时间：0.045827s][吞吐率：21.82req/s] [内存消耗：1,958.50kb] [文件加载：40]
[ info ] [ LANG ] D:\github\SSO\thinkphp5SSO\thinkphp\lang\zh-cn.php
[ info ] [ ROUTE ] array (
  'type' => 'module',
  'module' => 
  array (
    0 => 'api',
    1 => 'users',
    2 => NULL,
  ),
)
[ info ] [ HEADER ] array (
  'host' => '192.168.0.74:9003',
  'accept' => '*/*',
  'content-length' => '61',
  'content-type' => 'application/x-www-form-urlencoded',
)
[ info ] [ PARAM ] array (
  'password' => 'e10adc3949ba59abbe56e057f20f883e',
)
[ info ] [ RUN ] app\api\controller\Users->index[ D:\github\SSO\thinkphp5SSO\app\api\controller\Users.php ]
[ info ] [ LOG ] INIT File
